{"C:\\Users\\Autumn\\Downloads\\breathedge-crafting-companion-2\\beta\\CraftingCompanion\\src\\scripts\\game-loader.js": {"path":"C:\\Users\\Autumn\\Downloads\\breathedge-crafting-companion-2\\beta\\CraftingCompanion\\src\\scripts\\game-loader.js","all":false,"statementMap":{"0":{"start":{"line":1,"column":0},"end":{"line":1,"column":31}},"1":{"start":{"line":2,"column":0},"end":{"line":2,"column":0}},"2":{"start":{"line":3,"column":0},"end":{"line":3,"column":65}},"3":{"start":{"line":4,"column":0},"end":{"line":4,"column":0}},"4":{"start":{"line":5,"column":0},"end":{"line":5,"column":20}},"5":{"start":{"line":6,"column":0},"end":{"line":6,"column":23}},"6":{"start":{"line":7,"column":0},"end":{"line":7,"column":13}},"7":{"start":{"line":8,"column":0},"end":{"line":8,"column":52}},"8":{"start":{"line":9,"column":0},"end":{"line":9,"column":61}},"9":{"start":{"line":10,"column":0},"end":{"line":10,"column":46}},"10":{"start":{"line":11,"column":0},"end":{"line":11,"column":49}},"11":{"start":{"line":12,"column":0},"end":{"line":12,"column":4}},"12":{"start":{"line":13,"column":0},"end":{"line":13,"column":2}},"13":{"start":{"line":14,"column":0},"end":{"line":14,"column":0}},"14":{"start":{"line":15,"column":0},"end":{"line":15,"column":51}},"15":{"start":{"line":16,"column":0},"end":{"line":16,"column":39}},"16":{"start":{"line":17,"column":0},"end":{"line":17,"column":65}},"17":{"start":{"line":18,"column":0},"end":{"line":18,"column":42}},"18":{"start":{"line":19,"column":0},"end":{"line":19,"column":63}},"19":{"start":{"line":20,"column":0},"end":{"line":20,"column":26}},"20":{"start":{"line":21,"column":0},"end":{"line":21,"column":11}},"21":{"start":{"line":22,"column":0},"end":{"line":22,"column":3}},"22":{"start":{"line":23,"column":0},"end":{"line":23,"column":0}},"23":{"start":{"line":24,"column":0},"end":{"line":24,"column":7}},"24":{"start":{"line":25,"column":0},"end":{"line":25,"column":58}},"25":{"start":{"line":26,"column":0},"end":{"line":26,"column":16}},"26":{"start":{"line":27,"column":0},"end":{"line":27,"column":44}},"27":{"start":{"line":28,"column":0},"end":{"line":28,"column":34}},"28":{"start":{"line":29,"column":0},"end":{"line":29,"column":30}},"29":{"start":{"line":30,"column":0},"end":{"line":30,"column":38}},"30":{"start":{"line":31,"column":0},"end":{"line":31,"column":5}},"31":{"start":{"line":32,"column":0},"end":{"line":32,"column":0}},"32":{"start":{"line":33,"column":0},"end":{"line":33,"column":21}},"33":{"start":{"line":34,"column":0},"end":{"line":34,"column":26}},"34":{"start":{"line":35,"column":0},"end":{"line":35,"column":69}},"35":{"start":{"line":36,"column":0},"end":{"line":36,"column":17}},"36":{"start":{"line":37,"column":0},"end":{"line":37,"column":76}},"37":{"start":{"line":38,"column":0},"end":{"line":38,"column":47}},"38":{"start":{"line":39,"column":0},"end":{"line":39,"column":3}},"39":{"start":{"line":40,"column":0},"end":{"line":40,"column":1}},"40":{"start":{"line":41,"column":0},"end":{"line":41,"column":0}},"41":{"start":{"line":42,"column":0},"end":{"line":42,"column":52}},"42":{"start":{"line":43,"column":0},"end":{"line":43,"column":40}},"43":{"start":{"line":44,"column":0},"end":{"line":44,"column":66}},"44":{"start":{"line":45,"column":0},"end":{"line":45,"column":100}},"45":{"start":{"line":46,"column":0},"end":{"line":46,"column":19}},"46":{"start":{"line":47,"column":0},"end":{"line":47,"column":71}},"47":{"start":{"line":48,"column":0},"end":{"line":48,"column":34}},"48":{"start":{"line":49,"column":0},"end":{"line":49,"column":11}},"49":{"start":{"line":50,"column":0},"end":{"line":50,"column":3}},"50":{"start":{"line":51,"column":0},"end":{"line":51,"column":0}},"51":{"start":{"line":52,"column":0},"end":{"line":52,"column":7}},"52":{"start":{"line":53,"column":0},"end":{"line":53,"column":82}},"53":{"start":{"line":54,"column":0},"end":{"line":54,"column":34}},"54":{"start":{"line":55,"column":0},"end":{"line":55,"column":72}},"55":{"start":{"line":56,"column":0},"end":{"line":56,"column":0}},"56":{"start":{"line":57,"column":0},"end":{"line":57,"column":43}},"57":{"start":{"line":58,"column":0},"end":{"line":58,"column":33}},"58":{"start":{"line":59,"column":0},"end":{"line":59,"column":69}},"59":{"start":{"line":60,"column":0},"end":{"line":60,"column":17}},"60":{"start":{"line":61,"column":0},"end":{"line":61,"column":77}},"61":{"start":{"line":62,"column":0},"end":{"line":62,"column":9}},"62":{"start":{"line":63,"column":0},"end":{"line":63,"column":58}},"63":{"start":{"line":64,"column":0},"end":{"line":64,"column":19}},"64":{"start":{"line":65,"column":0},"end":{"line":65,"column":47}},"65":{"start":{"line":66,"column":0},"end":{"line":66,"column":37}},"66":{"start":{"line":67,"column":0},"end":{"line":67,"column":75}},"67":{"start":{"line":68,"column":0},"end":{"line":68,"column":14}},"68":{"start":{"line":69,"column":0},"end":{"line":69,"column":38}},"69":{"start":{"line":70,"column":0},"end":{"line":70,"column":7}},"70":{"start":{"line":71,"column":0},"end":{"line":71,"column":27}},"71":{"start":{"line":72,"column":0},"end":{"line":72,"column":73}},"72":{"start":{"line":73,"column":0},"end":{"line":73,"column":36}},"73":{"start":{"line":74,"column":0},"end":{"line":74,"column":5}},"74":{"start":{"line":75,"column":0},"end":{"line":75,"column":3}},"75":{"start":{"line":76,"column":0},"end":{"line":76,"column":1}},"76":{"start":{"line":77,"column":0},"end":{"line":77,"column":0}},"77":{"start":{"line":78,"column":0},"end":{"line":78,"column":55}},"78":{"start":{"line":79,"column":0},"end":{"line":79,"column":81}},"79":{"start":{"line":80,"column":0},"end":{"line":80,"column":63}},"80":{"start":{"line":81,"column":0},"end":{"line":81,"column":7}},"81":{"start":{"line":82,"column":0},"end":{"line":82,"column":34}},"82":{"start":{"line":83,"column":0},"end":{"line":83,"column":75}},"83":{"start":{"line":84,"column":0},"end":{"line":84,"column":34}},"84":{"start":{"line":85,"column":0},"end":{"line":85,"column":0}},"85":{"start":{"line":86,"column":0},"end":{"line":86,"column":47}},"86":{"start":{"line":87,"column":0},"end":{"line":87,"column":46}},"87":{"start":{"line":88,"column":0},"end":{"line":88,"column":59}},"88":{"start":{"line":89,"column":0},"end":{"line":89,"column":13}},"89":{"start":{"line":90,"column":0},"end":{"line":90,"column":0}},"90":{"start":{"line":91,"column":0},"end":{"line":91,"column":98}},"91":{"start":{"line":92,"column":0},"end":{"line":92,"column":26}},"92":{"start":{"line":93,"column":0},"end":{"line":93,"column":17}},"93":{"start":{"line":94,"column":0},"end":{"line":94,"column":65}},"94":{"start":{"line":95,"column":0},"end":{"line":95,"column":14}},"95":{"start":{"line":96,"column":0},"end":{"line":96,"column":3}},"96":{"start":{"line":97,"column":0},"end":{"line":97,"column":1}},"97":{"start":{"line":98,"column":0},"end":{"line":98,"column":0}},"98":{"start":{"line":99,"column":0},"end":{"line":99,"column":50}},"99":{"start":{"line":100,"column":0},"end":{"line":100,"column":46}},"100":{"start":{"line":101,"column":0},"end":{"line":101,"column":46}},"101":{"start":{"line":102,"column":0},"end":{"line":102,"column":62}},"102":{"start":{"line":103,"column":0},"end":{"line":103,"column":3}},"103":{"start":{"line":104,"column":0},"end":{"line":104,"column":64}},"104":{"start":{"line":105,"column":0},"end":{"line":105,"column":79}},"105":{"start":{"line":106,"column":0},"end":{"line":106,"column":0}},"106":{"start":{"line":107,"column":0},"end":{"line":107,"column":7}},"107":{"start":{"line":108,"column":0},"end":{"line":108,"column":34}},"108":{"start":{"line":109,"column":0},"end":{"line":109,"column":72}},"109":{"start":{"line":110,"column":0},"end":{"line":110,"column":36}},"110":{"start":{"line":111,"column":0},"end":{"line":111,"column":79}},"111":{"start":{"line":112,"column":0},"end":{"line":112,"column":18}},"112":{"start":{"line":113,"column":0},"end":{"line":113,"column":17}},"113":{"start":{"line":114,"column":0},"end":{"line":114,"column":97}},"114":{"start":{"line":115,"column":0},"end":{"line":115,"column":14}},"115":{"start":{"line":116,"column":0},"end":{"line":116,"column":3}},"116":{"start":{"line":117,"column":0},"end":{"line":117,"column":1}},"117":{"start":{"line":118,"column":0},"end":{"line":118,"column":0}},"118":{"start":{"line":119,"column":0},"end":{"line":119,"column":54}},"119":{"start":{"line":120,"column":0},"end":{"line":120,"column":41}},"120":{"start":{"line":121,"column":0},"end":{"line":121,"column":61}},"121":{"start":{"line":122,"column":0},"end":{"line":122,"column":32}},"122":{"start":{"line":123,"column":0},"end":{"line":123,"column":71}},"123":{"start":{"line":124,"column":0},"end":{"line":124,"column":32}},"124":{"start":{"line":125,"column":0},"end":{"line":125,"column":95}},"125":{"start":{"line":126,"column":0},"end":{"line":126,"column":14}},"126":{"start":{"line":127,"column":0},"end":{"line":127,"column":1}},"127":{"start":{"line":128,"column":0},"end":{"line":128,"column":0}},"128":{"start":{"line":129,"column":0},"end":{"line":129,"column":45}},"129":{"start":{"line":130,"column":0},"end":{"line":130,"column":66}},"130":{"start":{"line":131,"column":0},"end":{"line":131,"column":32}},"131":{"start":{"line":132,"column":0},"end":{"line":132,"column":76}},"132":{"start":{"line":133,"column":0},"end":{"line":133,"column":33}},"133":{"start":{"line":134,"column":0},"end":{"line":134,"column":101}},"134":{"start":{"line":135,"column":0},"end":{"line":135,"column":15}},"135":{"start":{"line":136,"column":0},"end":{"line":136,"column":1}},"136":{"start":{"line":137,"column":0},"end":{"line":137,"column":0}},"137":{"start":{"line":138,"column":0},"end":{"line":138,"column":61}},"138":{"start":{"line":139,"column":0},"end":{"line":139,"column":95}},"139":{"start":{"line":140,"column":0},"end":{"line":140,"column":0}},"140":{"start":{"line":141,"column":0},"end":{"line":141,"column":50}},"141":{"start":{"line":142,"column":0},"end":{"line":142,"column":86}},"142":{"start":{"line":143,"column":0},"end":{"line":143,"column":50}},"143":{"start":{"line":144,"column":0},"end":{"line":144,"column":66}},"144":{"start":{"line":145,"column":0},"end":{"line":145,"column":7}},"145":{"start":{"line":146,"column":0},"end":{"line":146,"column":0}},"146":{"start":{"line":147,"column":0},"end":{"line":147,"column":22}},"147":{"start":{"line":148,"column":0},"end":{"line":148,"column":0}},"148":{"start":{"line":149,"column":0},"end":{"line":149,"column":11}},"149":{"start":{"line":150,"column":0},"end":{"line":150,"column":52}},"150":{"start":{"line":151,"column":0},"end":{"line":151,"column":0}},"151":{"start":{"line":152,"column":0},"end":{"line":152,"column":41}},"152":{"start":{"line":153,"column":0},"end":{"line":153,"column":61}},"153":{"start":{"line":154,"column":0},"end":{"line":154,"column":40}},"154":{"start":{"line":155,"column":0},"end":{"line":155,"column":0}},"155":{"start":{"line":156,"column":0},"end":{"line":156,"column":50}},"156":{"start":{"line":157,"column":0},"end":{"line":157,"column":65}},"157":{"start":{"line":158,"column":0},"end":{"line":158,"column":44}},"158":{"start":{"line":159,"column":0},"end":{"line":159,"column":0}},"159":{"start":{"line":160,"column":0},"end":{"line":160,"column":38}},"160":{"start":{"line":161,"column":0},"end":{"line":161,"column":59}},"161":{"start":{"line":162,"column":0},"end":{"line":162,"column":38}},"162":{"start":{"line":163,"column":0},"end":{"line":163,"column":0}},"163":{"start":{"line":164,"column":0},"end":{"line":164,"column":40}},"164":{"start":{"line":165,"column":0},"end":{"line":165,"column":60}},"165":{"start":{"line":166,"column":0},"end":{"line":166,"column":39}},"166":{"start":{"line":167,"column":0},"end":{"line":167,"column":0}},"167":{"start":{"line":168,"column":0},"end":{"line":168,"column":54}},"168":{"start":{"line":169,"column":0},"end":{"line":169,"column":21}},"169":{"start":{"line":170,"column":0},"end":{"line":170,"column":26}},"170":{"start":{"line":171,"column":0},"end":{"line":171,"column":20}},"171":{"start":{"line":172,"column":0},"end":{"line":172,"column":21}},"172":{"start":{"line":173,"column":0},"end":{"line":173,"column":11}},"173":{"start":{"line":174,"column":0},"end":{"line":174,"column":0}},"174":{"start":{"line":175,"column":0},"end":{"line":175,"column":26}},"175":{"start":{"line":176,"column":0},"end":{"line":176,"column":55}},"176":{"start":{"line":177,"column":0},"end":{"line":177,"column":34}},"177":{"start":{"line":178,"column":0},"end":{"line":178,"column":43}},"178":{"start":{"line":179,"column":0},"end":{"line":179,"column":31}},"179":{"start":{"line":180,"column":0},"end":{"line":180,"column":33}},"180":{"start":{"line":181,"column":0},"end":{"line":181,"column":11}},"181":{"start":{"line":182,"column":0},"end":{"line":182,"column":0}},"182":{"start":{"line":183,"column":0},"end":{"line":183,"column":33}},"183":{"start":{"line":184,"column":0},"end":{"line":184,"column":29}},"184":{"start":{"line":185,"column":0},"end":{"line":185,"column":43}},"185":{"start":{"line":186,"column":0},"end":{"line":186,"column":38}},"186":{"start":{"line":187,"column":0},"end":{"line":187,"column":0}},"187":{"start":{"line":188,"column":0},"end":{"line":188,"column":20}},"188":{"start":{"line":189,"column":0},"end":{"line":189,"column":71}},"189":{"start":{"line":190,"column":0},"end":{"line":190,"column":10}},"190":{"start":{"line":191,"column":0},"end":{"line":191,"column":81}},"191":{"start":{"line":192,"column":0},"end":{"line":192,"column":0}},"192":{"start":{"line":193,"column":0},"end":{"line":193,"column":41}},"193":{"start":{"line":194,"column":0},"end":{"line":194,"column":70}},"194":{"start":{"line":195,"column":0},"end":{"line":195,"column":46}},"195":{"start":{"line":196,"column":0},"end":{"line":196,"column":0}},"196":{"start":{"line":197,"column":0},"end":{"line":197,"column":62}},"197":{"start":{"line":198,"column":0},"end":{"line":198,"column":21}},"198":{"start":{"line":199,"column":0},"end":{"line":199,"column":0}},"199":{"start":{"line":200,"column":0},"end":{"line":200,"column":45}},"200":{"start":{"line":201,"column":0},"end":{"line":201,"column":21}},"201":{"start":{"line":202,"column":0},"end":{"line":202,"column":94}},"202":{"start":{"line":203,"column":0},"end":{"line":203,"column":52}},"203":{"start":{"line":204,"column":0},"end":{"line":204,"column":18}},"204":{"start":{"line":205,"column":0},"end":{"line":205,"column":7}},"205":{"start":{"line":206,"column":0},"end":{"line":206,"column":5}}},"s":{"0":1,"1":1,"2":1,"3":1,"4":1,"5":1,"6":1,"7":1,"8":1,"9":1,"10":1,"11":1,"12":1,"13":1,"14":1,"15":1,"16":5,"17":5,"18":1,"19":1,"20":1,"21":1,"22":4,"23":4,"24":4,"25":4,"26":4,"27":4,"28":4,"29":4,"30":4,"31":4,"32":4,"33":4,"34":4,"35":5,"36":0,"37":0,"38":0,"39":5,"40":1,"41":1,"42":1,"43":6,"44":6,"45":6,"46":2,"47":2,"48":2,"49":2,"50":4,"51":4,"52":6,"53":4,"54":5,"55":3,"56":3,"57":2,"58":2,"59":2,"60":2,"61":2,"62":2,"63":1,"64":1,"65":1,"66":1,"67":2,"68":0,"69":0,"70":2,"71":1,"72":1,"73":1,"74":2,"75":6,"76":1,"77":1,"78":1,"79":3,"80":3,"81":3,"82":3,"83":2,"84":2,"85":2,"86":2,"87":3,"88":3,"89":3,"90":3,"91":3,"92":3,"93":1,"94":1,"95":1,"96":3,"97":1,"98":1,"99":1,"100":5,"101":1,"102":1,"103":4,"104":4,"105":4,"106":4,"107":4,"108":5,"109":2,"110":2,"111":2,"112":2,"113":2,"114":2,"115":2,"116":5,"117":1,"118":1,"119":1,"120":4,"121":4,"122":3,"123":2,"124":2,"125":2,"126":2,"127":1,"128":1,"129":3,"130":3,"131":3,"132":2,"133":2,"134":2,"135":2,"136":1,"137":1,"138":1,"139":1,"140":1,"141":3,"142":3,"143":1,"144":1,"145":2,"146":2,"147":2,"148":2,"149":2,"150":2,"151":2,"152":3,"153":3,"154":3,"155":3,"156":3,"157":3,"158":3,"159":3,"160":3,"161":3,"162":3,"163":3,"164":3,"165":3,"166":3,"167":3,"168":3,"169":3,"170":3,"171":3,"172":3,"173":3,"174":3,"175":3,"176":3,"177":3,"178":3,"179":3,"180":3,"181":1,"182":1,"183":1,"184":1,"185":1,"186":1,"187":1,"188":1,"189":1,"190":1,"191":1,"192":1,"193":1,"194":1,"195":1,"196":1,"197":1,"198":1,"199":1,"200":1,"201":1,"202":1,"203":1,"204":1,"205":3},"branchMap":{"0":{"type":"branch","line":16,"loc":{"start":{"line":16,"column":7},"end":{"line":40,"column":1}},"locations":[{"start":{"line":16,"column":7},"end":{"line":40,"column":1}}]},"1":{"type":"branch","line":18,"loc":{"start":{"line":18,"column":12},"end":{"line":18,"column":39}},"locations":[{"start":{"line":18,"column":12},"end":{"line":18,"column":39}}]},"2":{"type":"branch","line":18,"loc":{"start":{"line":18,"column":41},"end":{"line":22,"column":3}},"locations":[{"start":{"line":18,"column":41},"end":{"line":22,"column":3}}]},"3":{"type":"branch","line":22,"loc":{"start":{"line":22,"column":2},"end":{"line":36,"column":4}},"locations":[{"start":{"line":22,"column":2},"end":{"line":36,"column":4}}]},"4":{"type":"branch","line":36,"loc":{"start":{"line":36,"column":4},"end":{"line":39,"column":3}},"locations":[{"start":{"line":36,"column":4},"end":{"line":39,"column":3}}]},"5":{"type":"branch","line":43,"loc":{"start":{"line":43,"column":7},"end":{"line":76,"column":1}},"locations":[{"start":{"line":43,"column":7},"end":{"line":76,"column":1}}]},"6":{"type":"branch","line":45,"loc":{"start":{"line":45,"column":63},"end":{"line":45,"column":99}},"locations":[{"start":{"line":45,"column":63},"end":{"line":45,"column":99}}]},"7":{"type":"branch","line":46,"loc":{"start":{"line":46,"column":18},"end":{"line":50,"column":3}},"locations":[{"start":{"line":46,"column":18},"end":{"line":50,"column":3}}]},"8":{"type":"branch","line":50,"loc":{"start":{"line":50,"column":2},"end":{"line":53,"column":41}},"locations":[{"start":{"line":50,"column":2},"end":{"line":53,"column":41}}]},"9":{"type":"branch","line":53,"loc":{"start":{"line":53,"column":43},"end":{"line":75,"column":3}},"locations":[{"start":{"line":53,"column":43},"end":{"line":75,"column":3}}]},"10":{"type":"branch","line":53,"loc":{"start":{"line":53,"column":43},"end":{"line":53,"column":82}},"locations":[{"start":{"line":53,"column":43},"end":{"line":53,"column":82}}]},"11":{"type":"branch","line":54,"loc":{"start":{"line":54,"column":-2},"end":{"line":54,"column":34}},"locations":[{"start":{"line":54,"column":-2},"end":{"line":54,"column":34}}]},"12":{"type":"branch","line":55,"loc":{"start":{"line":55,"column":-2},"end":{"line":55,"column":17}},"locations":[{"start":{"line":55,"column":-2},"end":{"line":55,"column":17}}]},"13":{"type":"branch","line":55,"loc":{"start":{"line":55,"column":17},"end":{"line":55,"column":72}},"locations":[{"start":{"line":55,"column":17},"end":{"line":55,"column":72}}]},"14":{"type":"branch","line":56,"loc":{"start":{"line":56,"column":-2},"end":{"line":57,"column":43}},"locations":[{"start":{"line":56,"column":-2},"end":{"line":57,"column":43}}]},"15":{"type":"branch","line":58,"loc":{"start":{"line":58,"column":-2},"end":{"line":75,"column":3}},"locations":[{"start":{"line":58,"column":-2},"end":{"line":75,"column":3}}]},"16":{"type":"branch","line":64,"loc":{"start":{"line":64,"column":-2},"end":{"line":68,"column":7}},"locations":[{"start":{"line":64,"column":-2},"end":{"line":68,"column":7}}]},"17":{"type":"branch","line":68,"loc":{"start":{"line":68,"column":7},"end":{"line":70,"column":7}},"locations":[{"start":{"line":68,"column":7},"end":{"line":70,"column":7}}]},"18":{"type":"branch","line":71,"loc":{"start":{"line":71,"column":6},"end":{"line":74,"column":5}},"locations":[{"start":{"line":71,"column":6},"end":{"line":74,"column":5}}]},"19":{"type":"branch","line":79,"loc":{"start":{"line":79,"column":7},"end":{"line":97,"column":1}},"locations":[{"start":{"line":79,"column":7},"end":{"line":97,"column":1}}]},"20":{"type":"branch","line":83,"loc":{"start":{"line":83,"column":17},"end":{"line":83,"column":75}},"locations":[{"start":{"line":83,"column":17},"end":{"line":83,"column":75}}]},"21":{"type":"branch","line":84,"loc":{"start":{"line":84,"column":-2},"end":{"line":88,"column":6}},"locations":[{"start":{"line":84,"column":-2},"end":{"line":88,"column":6}}]},"22":{"type":"branch","line":88,"loc":{"start":{"line":88,"column":6},"end":{"line":88,"column":59}},"locations":[{"start":{"line":88,"column":6},"end":{"line":88,"column":59}}]},"23":{"type":"branch","line":89,"loc":{"start":{"line":89,"column":6},"end":{"line":89,"column":12}},"locations":[{"start":{"line":89,"column":6},"end":{"line":89,"column":12}}]},"24":{"type":"branch","line":93,"loc":{"start":{"line":93,"column":4},"end":{"line":96,"column":3}},"locations":[{"start":{"line":93,"column":4},"end":{"line":96,"column":3}}]},"25":{"type":"branch","line":88,"loc":{"start":{"line":88,"column":36},"end":{"line":88,"column":57}},"locations":[{"start":{"line":88,"column":36},"end":{"line":88,"column":57}}]},"26":{"type":"branch","line":100,"loc":{"start":{"line":100,"column":7},"end":{"line":117,"column":1}},"locations":[{"start":{"line":100,"column":7},"end":{"line":117,"column":1}}]},"27":{"type":"branch","line":101,"loc":{"start":{"line":101,"column":14},"end":{"line":101,"column":43}},"locations":[{"start":{"line":101,"column":14},"end":{"line":101,"column":43}}]},"28":{"type":"branch","line":101,"loc":{"start":{"line":101,"column":45},"end":{"line":103,"column":3}},"locations":[{"start":{"line":101,"column":45},"end":{"line":103,"column":3}}]},"29":{"type":"branch","line":103,"loc":{"start":{"line":103,"column":2},"end":{"line":108,"column":34}},"locations":[{"start":{"line":103,"column":2},"end":{"line":108,"column":34}}]},"30":{"type":"branch","line":109,"loc":{"start":{"line":109,"column":-2},"end":{"line":109,"column":17}},"locations":[{"start":{"line":109,"column":-2},"end":{"line":109,"column":17}}]},"31":{"type":"branch","line":109,"loc":{"start":{"line":109,"column":17},"end":{"line":109,"column":72}},"locations":[{"start":{"line":109,"column":17},"end":{"line":109,"column":72}}]},"32":{"type":"branch","line":110,"loc":{"start":{"line":110,"column":-2},"end":{"line":116,"column":3}},"locations":[{"start":{"line":110,"column":-2},"end":{"line":116,"column":3}}]},"33":{"type":"branch","line":120,"loc":{"start":{"line":120,"column":7},"end":{"line":127,"column":1}},"locations":[{"start":{"line":120,"column":7},"end":{"line":127,"column":1}}]},"34":{"type":"branch","line":123,"loc":{"start":{"line":123,"column":-2},"end":{"line":127,"column":1}},"locations":[{"start":{"line":123,"column":-2},"end":{"line":127,"column":1}}]},"35":{"type":"branch","line":123,"loc":{"start":{"line":123,"column":-2},"end":{"line":123,"column":15}},"locations":[{"start":{"line":123,"column":-2},"end":{"line":123,"column":15}}]},"36":{"type":"branch","line":123,"loc":{"start":{"line":123,"column":15},"end":{"line":123,"column":71}},"locations":[{"start":{"line":123,"column":15},"end":{"line":123,"column":71}}]},"37":{"type":"branch","line":124,"loc":{"start":{"line":124,"column":-2},"end":{"line":127,"column":1}},"locations":[{"start":{"line":124,"column":-2},"end":{"line":127,"column":1}}]},"38":{"type":"branch","line":129,"loc":{"start":{"line":129,"column":7},"end":{"line":136,"column":1}},"locations":[{"start":{"line":129,"column":7},"end":{"line":136,"column":1}}]},"39":{"type":"branch","line":132,"loc":{"start":{"line":132,"column":-2},"end":{"line":132,"column":15}},"locations":[{"start":{"line":132,"column":-2},"end":{"line":132,"column":15}}]},"40":{"type":"branch","line":132,"loc":{"start":{"line":132,"column":15},"end":{"line":132,"column":76}},"locations":[{"start":{"line":132,"column":15},"end":{"line":132,"column":76}}]},"41":{"type":"branch","line":133,"loc":{"start":{"line":133,"column":-2},"end":{"line":136,"column":1}},"locations":[{"start":{"line":133,"column":-2},"end":{"line":136,"column":1}}]},"42":{"type":"branch","line":141,"loc":{"start":{"line":141,"column":11},"end":{"line":206,"column":5}},"locations":[{"start":{"line":141,"column":11},"end":{"line":206,"column":5}}]},"43":{"type":"branch","line":143,"loc":{"start":{"line":143,"column":18},"end":{"line":143,"column":47}},"locations":[{"start":{"line":143,"column":18},"end":{"line":143,"column":47}}]},"44":{"type":"branch","line":143,"loc":{"start":{"line":143,"column":49},"end":{"line":145,"column":7}},"locations":[{"start":{"line":143,"column":49},"end":{"line":145,"column":7}}]},"45":{"type":"branch","line":145,"loc":{"start":{"line":145,"column":6},"end":{"line":153,"column":10}},"locations":[{"start":{"line":145,"column":6},"end":{"line":153,"column":10}}]},"46":{"type":"branch","line":153,"loc":{"start":{"line":153,"column":10},"end":{"line":153,"column":61}},"locations":[{"start":{"line":153,"column":10},"end":{"line":153,"column":61}}]},"47":{"type":"branch","line":154,"loc":{"start":{"line":154,"column":10},"end":{"line":154,"column":39}},"locations":[{"start":{"line":154,"column":10},"end":{"line":154,"column":39}}]},"48":{"type":"branch","line":157,"loc":{"start":{"line":157,"column":10},"end":{"line":157,"column":65}},"locations":[{"start":{"line":157,"column":10},"end":{"line":157,"column":65}}]},"49":{"type":"branch","line":158,"loc":{"start":{"line":158,"column":10},"end":{"line":158,"column":43}},"locations":[{"start":{"line":158,"column":10},"end":{"line":158,"column":43}}]},"50":{"type":"branch","line":161,"loc":{"start":{"line":161,"column":10},"end":{"line":161,"column":59}},"locations":[{"start":{"line":161,"column":10},"end":{"line":161,"column":59}}]},"51":{"type":"branch","line":162,"loc":{"start":{"line":162,"column":10},"end":{"line":162,"column":37}},"locations":[{"start":{"line":162,"column":10},"end":{"line":162,"column":37}}]},"52":{"type":"branch","line":165,"loc":{"start":{"line":165,"column":10},"end":{"line":165,"column":60}},"locations":[{"start":{"line":165,"column":10},"end":{"line":165,"column":60}}]},"53":{"type":"branch","line":166,"loc":{"start":{"line":166,"column":10},"end":{"line":166,"column":38}},"locations":[{"start":{"line":166,"column":10},"end":{"line":166,"column":38}}]},"54":{"type":"branch","line":182,"loc":{"start":{"line":182,"column":-2},"end":{"line":205,"column":7}},"locations":[{"start":{"line":182,"column":-2},"end":{"line":205,"column":7}}]},"55":{"type":"branch","line":203,"loc":{"start":{"line":203,"column":37},"end":{"line":203,"column":51}},"locations":[{"start":{"line":203,"column":37},"end":{"line":203,"column":51}}]}},"b":{"0":[5],"1":[4],"2":[1],"3":[4],"4":[0],"5":[6],"6":[2],"7":[2],"8":[4],"9":[5],"10":[0],"11":[4],"12":[3],"13":[0],"14":[3],"15":[2],"16":[1],"17":[0],"18":[1],"19":[3],"20":[1],"21":[2],"22":[1],"23":[1],"24":[1],"25":[1],"26":[5],"27":[4],"28":[1],"29":[4],"30":[3],"31":[1],"32":[2],"33":[4],"34":[3],"35":[2],"36":[0],"37":[2],"38":[3],"39":[2],"40":[0],"41":[2],"42":[3],"43":[2],"44":[1],"45":[2],"46":[1],"47":[1],"48":[1],"49":[1],"50":[1],"51":[1],"52":[1],"53":[1],"54":[1],"55":[0]},"fnMap":{"0":{"name":"loadTheme","decl":{"start":{"line":16,"column":7},"end":{"line":40,"column":1}},"loc":{"start":{"line":16,"column":7},"end":{"line":40,"column":1}},"line":16},"1":{"name":"loadHeader","decl":{"start":{"line":43,"column":7},"end":{"line":76,"column":1}},"loc":{"start":{"line":43,"column":7},"end":{"line":76,"column":1}},"line":43},"2":{"name":"loadGameList","decl":{"start":{"line":79,"column":7},"end":{"line":97,"column":1}},"loc":{"start":{"line":79,"column":7},"end":{"line":97,"column":1}},"line":79},"3":{"name":"loadGameConfig","decl":{"start":{"line":100,"column":7},"end":{"line":117,"column":1}},"loc":{"start":{"line":100,"column":7},"end":{"line":117,"column":1}},"line":100},"4":{"name":"loadRecipes","decl":{"start":{"line":120,"column":7},"end":{"line":127,"column":1}},"loc":{"start":{"line":120,"column":7},"end":{"line":127,"column":1}},"line":120},"5":{"name":"loadRecipeTypes","decl":{"start":{"line":129,"column":7},"end":{"line":136,"column":1}},"loc":{"start":{"line":129,"column":7},"end":{"line":136,"column":1}},"line":129},"6":{"name":"loadGameAssets","decl":{"start":{"line":141,"column":11},"end":{"line":206,"column":5}},"loc":{"start":{"line":141,"column":11},"end":{"line":206,"column":5}},"line":141}},"f":{"0":5,"1":6,"2":3,"3":5,"4":4,"5":3,"6":3}}
,"C:\\Users\\Autumn\\Downloads\\breathedge-crafting-companion-2\\beta\\CraftingCompanion\\src\\scripts\\init.js": {"path":"C:\\Users\\Autumn\\Downloads\\breathedge-crafting-companion-2\\beta\\CraftingCompanion\\src\\scripts\\init.js","all":false,"statementMap":{"0":{"start":{"line":1,"column":0},"end":{"line":1,"column":23}},"1":{"start":{"line":2,"column":0},"end":{"line":2,"column":0}},"2":{"start":{"line":3,"column":0},"end":{"line":3,"column":54}},"3":{"start":{"line":4,"column":0},"end":{"line":4,"column":79}},"4":{"start":{"line":5,"column":0},"end":{"line":5,"column":62}},"5":{"start":{"line":6,"column":0},"end":{"line":6,"column":124}},"6":{"start":{"line":7,"column":0},"end":{"line":7,"column":92}},"7":{"start":{"line":8,"column":0},"end":{"line":8,"column":0}},"8":{"start":{"line":9,"column":0},"end":{"line":9,"column":34}},"9":{"start":{"line":10,"column":0},"end":{"line":10,"column":57}},"10":{"start":{"line":11,"column":0},"end":{"line":11,"column":77}},"11":{"start":{"line":12,"column":0},"end":{"line":12,"column":0}},"12":{"start":{"line":13,"column":0},"end":{"line":13,"column":11}},"13":{"start":{"line":14,"column":0},"end":{"line":14,"column":32}},"14":{"start":{"line":15,"column":0},"end":{"line":15,"column":27}},"15":{"start":{"line":16,"column":0},"end":{"line":16,"column":34}},"16":{"start":{"line":17,"column":0},"end":{"line":17,"column":30}},"17":{"start":{"line":18,"column":0},"end":{"line":18,"column":38}},"18":{"start":{"line":19,"column":0},"end":{"line":19,"column":0}},"19":{"start":{"line":20,"column":0},"end":{"line":20,"column":78}},"20":{"start":{"line":21,"column":0},"end":{"line":21,"column":0}},"21":{"start":{"line":22,"column":0},"end":{"line":22,"column":37}},"22":{"start":{"line":23,"column":0},"end":{"line":23,"column":53}},"23":{"start":{"line":24,"column":0},"end":{"line":24,"column":53}},"24":{"start":{"line":25,"column":0},"end":{"line":25,"column":48}},"25":{"start":{"line":26,"column":0},"end":{"line":26,"column":45}},"26":{"start":{"line":27,"column":0},"end":{"line":27,"column":85}},"27":{"start":{"line":28,"column":0},"end":{"line":28,"column":47}},"28":{"start":{"line":29,"column":0},"end":{"line":29,"column":4}},"29":{"start":{"line":30,"column":0},"end":{"line":30,"column":4}},"30":{"start":{"line":31,"column":0},"end":{"line":31,"column":51}},"31":{"start":{"line":32,"column":0},"end":{"line":32,"column":13}},"32":{"start":{"line":33,"column":0},"end":{"line":33,"column":23}},"33":{"start":{"line":34,"column":0},"end":{"line":34,"column":16}},"34":{"start":{"line":35,"column":0},"end":{"line":35,"column":0}},"35":{"start":{"line":36,"column":0},"end":{"line":36,"column":0}},"36":{"start":{"line":37,"column":0},"end":{"line":37,"column":9}},"37":{"start":{"line":38,"column":0},"end":{"line":38,"column":0}},"38":{"start":{"line":39,"column":0},"end":{"line":39,"column":49}},"39":{"start":{"line":40,"column":0},"end":{"line":40,"column":60}},"40":{"start":{"line":41,"column":0},"end":{"line":41,"column":60}},"41":{"start":{"line":42,"column":0},"end":{"line":42,"column":0}},"42":{"start":{"line":43,"column":0},"end":{"line":43,"column":63}},"43":{"start":{"line":44,"column":0},"end":{"line":44,"column":69}},"44":{"start":{"line":45,"column":0},"end":{"line":45,"column":0}},"45":{"start":{"line":46,"column":0},"end":{"line":46,"column":60}},"46":{"start":{"line":47,"column":0},"end":{"line":47,"column":38}},"47":{"start":{"line":48,"column":0},"end":{"line":48,"column":87}},"48":{"start":{"line":49,"column":0},"end":{"line":49,"column":16}},"49":{"start":{"line":50,"column":0},"end":{"line":50,"column":33}},"50":{"start":{"line":51,"column":0},"end":{"line":51,"column":82}},"51":{"start":{"line":52,"column":0},"end":{"line":52,"column":9}},"52":{"start":{"line":53,"column":0},"end":{"line":53,"column":0}},"53":{"start":{"line":54,"column":0},"end":{"line":54,"column":41}},"54":{"start":{"line":55,"column":0},"end":{"line":55,"column":30}},"55":{"start":{"line":56,"column":0},"end":{"line":56,"column":78}},"56":{"start":{"line":57,"column":0},"end":{"line":57,"column":48}},"57":{"start":{"line":58,"column":0},"end":{"line":58,"column":62}},"58":{"start":{"line":59,"column":0},"end":{"line":59,"column":16}},"59":{"start":{"line":60,"column":0},"end":{"line":60,"column":82}},"60":{"start":{"line":61,"column":0},"end":{"line":61,"column":36}},"61":{"start":{"line":62,"column":0},"end":{"line":62,"column":9}},"62":{"start":{"line":63,"column":0},"end":{"line":63,"column":0}},"63":{"start":{"line":64,"column":0},"end":{"line":64,"column":38}},"64":{"start":{"line":65,"column":0},"end":{"line":65,"column":61}},"65":{"start":{"line":66,"column":0},"end":{"line":66,"column":65}},"66":{"start":{"line":67,"column":0},"end":{"line":67,"column":69}},"67":{"start":{"line":68,"column":0},"end":{"line":68,"column":47}},"68":{"start":{"line":69,"column":0},"end":{"line":69,"column":57}},"69":{"start":{"line":70,"column":0},"end":{"line":70,"column":37}},"70":{"start":{"line":71,"column":0},"end":{"line":71,"column":71}},"71":{"start":{"line":72,"column":0},"end":{"line":72,"column":25}},"72":{"start":{"line":73,"column":0},"end":{"line":73,"column":18}},"73":{"start":{"line":74,"column":0},"end":{"line":74,"column":52}},"74":{"start":{"line":75,"column":0},"end":{"line":75,"column":82}},"75":{"start":{"line":76,"column":0},"end":{"line":76,"column":38}},"76":{"start":{"line":77,"column":0},"end":{"line":77,"column":11}},"77":{"start":{"line":78,"column":0},"end":{"line":78,"column":11}},"78":{"start":{"line":79,"column":0},"end":{"line":79,"column":0}},"79":{"start":{"line":80,"column":0},"end":{"line":80,"column":97}},"80":{"start":{"line":81,"column":0},"end":{"line":81,"column":21}},"81":{"start":{"line":82,"column":0},"end":{"line":82,"column":92}},"82":{"start":{"line":83,"column":0},"end":{"line":83,"column":34}},"83":{"start":{"line":84,"column":0},"end":{"line":84,"column":7}},"84":{"start":{"line":85,"column":0},"end":{"line":85,"column":5}}},"s":{"0":1,"1":1,"2":1,"3":1,"4":1,"5":1,"6":1,"7":1,"8":1,"9":3,"10":3,"11":3,"12":3,"13":3,"14":3,"15":3,"16":3,"17":3,"18":3,"19":3,"20":3,"21":3,"22":3,"23":2,"24":2,"25":2,"26":2,"27":2,"28":2,"29":2,"30":2,"31":2,"32":2,"33":2,"34":2,"35":2,"36":2,"37":3,"38":3,"39":3,"40":3,"41":3,"42":3,"43":3,"44":3,"45":3,"46":2,"47":2,"48":3,"49":1,"50":1,"51":1,"52":3,"53":3,"54":3,"55":2,"56":2,"57":2,"58":3,"59":1,"60":1,"61":1,"62":3,"63":3,"64":3,"65":3,"66":1,"67":1,"68":1,"69":1,"70":1,"71":1,"72":1,"73":0,"74":0,"75":0,"76":0,"77":3,"78":3,"79":3,"80":3,"81":0,"82":0,"83":0,"84":3},"branchMap":{"0":{"type":"branch","line":9,"loc":{"start":{"line":9,"column":11},"end":{"line":85,"column":5}},"locations":[{"start":{"line":9,"column":11},"end":{"line":85,"column":5}}]},"1":{"type":"branch","line":23,"loc":{"start":{"line":23,"column":52},"end":{"line":37,"column":9}},"locations":[{"start":{"line":23,"column":52},"end":{"line":37,"column":9}}]},"2":{"type":"branch","line":26,"loc":{"start":{"line":26,"column":39},"end":{"line":26,"column":44}},"locations":[{"start":{"line":26,"column":39},"end":{"line":26,"column":44}}]},"3":{"type":"branch","line":46,"loc":{"start":{"line":46,"column":22},"end":{"line":46,"column":57}},"locations":[{"start":{"line":46,"column":22},"end":{"line":46,"column":57}}]},"4":{"type":"branch","line":46,"loc":{"start":{"line":46,"column":59},"end":{"line":49,"column":9}},"locations":[{"start":{"line":46,"column":59},"end":{"line":49,"column":9}}]},"5":{"type":"branch","line":49,"loc":{"start":{"line":49,"column":9},"end":{"line":52,"column":9}},"locations":[{"start":{"line":49,"column":9},"end":{"line":52,"column":9}}]},"6":{"type":"branch","line":55,"loc":{"start":{"line":55,"column":29},"end":{"line":59,"column":9}},"locations":[{"start":{"line":55,"column":29},"end":{"line":59,"column":9}}]},"7":{"type":"branch","line":59,"loc":{"start":{"line":59,"column":9},"end":{"line":62,"column":9}},"locations":[{"start":{"line":59,"column":9},"end":{"line":62,"column":9}}]},"8":{"type":"branch","line":81,"loc":{"start":{"line":81,"column":8},"end":{"line":84,"column":7}},"locations":[{"start":{"line":81,"column":8},"end":{"line":84,"column":7}}]},"9":{"type":"branch","line":66,"loc":{"start":{"line":66,"column":46},"end":{"line":78,"column":9}},"locations":[{"start":{"line":66,"column":46},"end":{"line":78,"column":9}}]},"10":{"type":"branch","line":73,"loc":{"start":{"line":73,"column":11},"end":{"line":77,"column":11}},"locations":[{"start":{"line":73,"column":11},"end":{"line":77,"column":11}}]}},"b":{"0":[3],"1":[2],"2":[0],"3":[2],"4":[2],"5":[1],"6":[2],"7":[1],"8":[0],"9":[1],"10":[0]},"fnMap":{"0":{"name":"init","decl":{"start":{"line":9,"column":11},"end":{"line":85,"column":5}},"loc":{"start":{"line":9,"column":11},"end":{"line":85,"column":5}},"line":9}},"f":{"0":3}}
,"C:\\Users\\Autumn\\Downloads\\breathedge-crafting-companion-2\\beta\\CraftingCompanion\\src\\scripts\\main.js": {"path":"C:\\Users\\Autumn\\Downloads\\breathedge-crafting-companion-2\\beta\\CraftingCompanion\\src\\scripts\\main.js","all":false,"statementMap":{"0":{"start":{"line":1,"column":0},"end":{"line":1,"column":27}},"1":{"start":{"line":2,"column":0},"end":{"line":2,"column":0}},"2":{"start":{"line":3,"column":0},"end":{"line":3,"column":1}},"3":{"start":{"line":4,"column":0},"end":{"line":4,"column":4}},"4":{"start":{"line":5,"column":0},"end":{"line":5,"column":51}},"5":{"start":{"line":6,"column":0},"end":{"line":6,"column":73}},"6":{"start":{"line":7,"column":0},"end":{"line":7,"column":52}},"7":{"start":{"line":8,"column":0},"end":{"line":8,"column":37}},"8":{"start":{"line":9,"column":0},"end":{"line":9,"column":0}},"9":{"start":{"line":10,"column":0},"end":{"line":10,"column":0}},"10":{"start":{"line":11,"column":0},"end":{"line":11,"column":37}},"11":{"start":{"line":12,"column":0},"end":{"line":12,"column":11}},"12":{"start":{"line":13,"column":0},"end":{"line":13,"column":61}},"13":{"start":{"line":14,"column":0},"end":{"line":14,"column":0}},"14":{"start":{"line":15,"column":0},"end":{"line":15,"column":56}},"15":{"start":{"line":16,"column":0},"end":{"line":16,"column":34}},"16":{"start":{"line":17,"column":0},"end":{"line":17,"column":53}},"17":{"start":{"line":18,"column":0},"end":{"line":18,"column":0}},"18":{"start":{"line":19,"column":0},"end":{"line":19,"column":56}},"19":{"start":{"line":20,"column":0},"end":{"line":20,"column":21}},"20":{"start":{"line":21,"column":0},"end":{"line":21,"column":97}},"21":{"start":{"line":22,"column":0},"end":{"line":22,"column":0}},"22":{"start":{"line":23,"column":0},"end":{"line":23,"column":65}},"23":{"start":{"line":24,"column":0},"end":{"line":24,"column":65}},"24":{"start":{"line":25,"column":0},"end":{"line":25,"column":61}},"25":{"start":{"line":26,"column":0},"end":{"line":26,"column":0}},"26":{"start":{"line":27,"column":0},"end":{"line":27,"column":47}},"27":{"start":{"line":28,"column":0},"end":{"line":28,"column":71}},"28":{"start":{"line":29,"column":0},"end":{"line":29,"column":37}},"29":{"start":{"line":30,"column":0},"end":{"line":30,"column":0}},"30":{"start":{"line":31,"column":0},"end":{"line":31,"column":73}},"31":{"start":{"line":32,"column":0},"end":{"line":32,"column":0}},"32":{"start":{"line":33,"column":0},"end":{"line":33,"column":17}},"33":{"start":{"line":34,"column":0},"end":{"line":34,"column":27}},"34":{"start":{"line":35,"column":0},"end":{"line":35,"column":107}},"35":{"start":{"line":36,"column":0},"end":{"line":36,"column":29}},"36":{"start":{"line":37,"column":0},"end":{"line":37,"column":72}},"37":{"start":{"line":38,"column":0},"end":{"line":38,"column":13}},"38":{"start":{"line":39,"column":0},"end":{"line":39,"column":18}},"39":{"start":{"line":40,"column":0},"end":{"line":40,"column":82}},"40":{"start":{"line":41,"column":0},"end":{"line":41,"column":11}},"41":{"start":{"line":42,"column":0},"end":{"line":42,"column":11}},"42":{"start":{"line":43,"column":0},"end":{"line":43,"column":0}},"43":{"start":{"line":44,"column":0},"end":{"line":44,"column":63}},"44":{"start":{"line":45,"column":0},"end":{"line":45,"column":23}},"45":{"start":{"line":46,"column":0},"end":{"line":46,"column":66}},"46":{"start":{"line":47,"column":0},"end":{"line":47,"column":7}},"47":{"start":{"line":48,"column":0},"end":{"line":48,"column":5}},"48":{"start":{"line":49,"column":0},"end":{"line":49,"column":0}},"49":{"start":{"line":50,"column":0},"end":{"line":50,"column":44}},"50":{"start":{"line":51,"column":0},"end":{"line":51,"column":14}},"51":{"start":{"line":52,"column":0},"end":{"line":52,"column":3}},"52":{"start":{"line":53,"column":0},"end":{"line":53,"column":1}},"53":{"start":{"line":54,"column":0},"end":{"line":54,"column":63}},"54":{"start":{"line":55,"column":0},"end":{"line":55,"column":84}},"55":{"start":{"line":56,"column":0},"end":{"line":56,"column":54}},"56":{"start":{"line":57,"column":0},"end":{"line":57,"column":48}},"57":{"start":{"line":58,"column":0},"end":{"line":58,"column":0}},"58":{"start":{"line":59,"column":0},"end":{"line":59,"column":37}},"59":{"start":{"line":60,"column":0},"end":{"line":60,"column":11}},"60":{"start":{"line":61,"column":0},"end":{"line":61,"column":61}},"61":{"start":{"line":62,"column":0},"end":{"line":62,"column":0}},"62":{"start":{"line":63,"column":0},"end":{"line":63,"column":56}},"63":{"start":{"line":64,"column":0},"end":{"line":64,"column":34}},"64":{"start":{"line":65,"column":0},"end":{"line":65,"column":53}},"65":{"start":{"line":66,"column":0},"end":{"line":66,"column":0}},"66":{"start":{"line":67,"column":0},"end":{"line":67,"column":56}},"67":{"start":{"line":68,"column":0},"end":{"line":68,"column":21}},"68":{"start":{"line":69,"column":0},"end":{"line":69,"column":97}},"69":{"start":{"line":70,"column":0},"end":{"line":70,"column":0}},"70":{"start":{"line":71,"column":0},"end":{"line":71,"column":65}},"71":{"start":{"line":72,"column":0},"end":{"line":72,"column":65}},"72":{"start":{"line":73,"column":0},"end":{"line":73,"column":61}},"73":{"start":{"line":74,"column":0},"end":{"line":74,"column":0}},"74":{"start":{"line":75,"column":0},"end":{"line":75,"column":47}},"75":{"start":{"line":76,"column":0},"end":{"line":76,"column":71}},"76":{"start":{"line":77,"column":0},"end":{"line":77,"column":37}},"77":{"start":{"line":78,"column":0},"end":{"line":78,"column":0}},"78":{"start":{"line":79,"column":0},"end":{"line":79,"column":73}},"79":{"start":{"line":80,"column":0},"end":{"line":80,"column":0}},"80":{"start":{"line":81,"column":0},"end":{"line":81,"column":17}},"81":{"start":{"line":82,"column":0},"end":{"line":82,"column":27}},"82":{"start":{"line":83,"column":0},"end":{"line":83,"column":107}},"83":{"start":{"line":84,"column":0},"end":{"line":84,"column":29}},"84":{"start":{"line":85,"column":0},"end":{"line":85,"column":72}},"85":{"start":{"line":86,"column":0},"end":{"line":86,"column":13}},"86":{"start":{"line":87,"column":0},"end":{"line":87,"column":18}},"87":{"start":{"line":88,"column":0},"end":{"line":88,"column":82}},"88":{"start":{"line":89,"column":0},"end":{"line":89,"column":11}},"89":{"start":{"line":90,"column":0},"end":{"line":90,"column":11}},"90":{"start":{"line":91,"column":0},"end":{"line":91,"column":0}},"91":{"start":{"line":92,"column":0},"end":{"line":92,"column":63}},"92":{"start":{"line":93,"column":0},"end":{"line":93,"column":38}},"93":{"start":{"line":94,"column":0},"end":{"line":94,"column":0}},"94":{"start":{"line":95,"column":0},"end":{"line":95,"column":63}},"95":{"start":{"line":96,"column":0},"end":{"line":96,"column":23}},"96":{"start":{"line":97,"column":0},"end":{"line":97,"column":66}},"97":{"start":{"line":98,"column":0},"end":{"line":98,"column":7}},"98":{"start":{"line":99,"column":0},"end":{"line":99,"column":5}},"99":{"start":{"line":100,"column":0},"end":{"line":100,"column":0}},"100":{"start":{"line":101,"column":0},"end":{"line":101,"column":44}},"101":{"start":{"line":102,"column":0},"end":{"line":102,"column":14}}},"s":{"0":1,"1":1,"2":1,"3":1,"4":1,"5":1,"6":1,"7":1,"8":1,"9":1,"10":1,"11":1,"12":1,"13":1,"14":1,"15":1,"16":1,"17":1,"18":1,"19":1,"20":1,"21":1,"22":1,"23":1,"24":1,"25":1,"26":1,"27":1,"28":1,"29":1,"30":1,"31":1,"32":1,"33":1,"34":1,"35":1,"36":1,"37":1,"38":1,"39":1,"40":1,"41":1,"42":1,"43":1,"44":1,"45":1,"46":1,"47":1,"48":1,"49":1,"50":1,"51":1,"52":1,"53":1,"54":1,"55":1,"56":1,"57":1,"58":1,"59":5,"60":5,"61":5,"62":5,"63":5,"64":5,"65":5,"66":5,"67":5,"68":5,"69":5,"70":5,"71":5,"72":3,"73":3,"74":3,"75":2,"76":2,"77":2,"78":2,"79":2,"80":2,"81":2,"82":1,"83":1,"84":1,"85":1,"86":3,"87":1,"88":1,"89":5,"90":5,"91":5,"92":5,"93":5,"94":5,"95":5,"96":5,"97":5,"98":5,"99":1,"100":1,"101":1},"branchMap":{"0":{"type":"branch","line":59,"loc":{"start":{"line":59,"column":11},"end":{"line":99,"column":5}},"locations":[{"start":{"line":59,"column":11},"end":{"line":99,"column":5}}]},"1":{"type":"branch","line":72,"loc":{"start":{"line":72,"column":46},"end":{"line":90,"column":9}},"locations":[{"start":{"line":72,"column":46},"end":{"line":90,"column":9}}]},"2":{"type":"branch","line":75,"loc":{"start":{"line":75,"column":46},"end":{"line":87,"column":11}},"locations":[{"start":{"line":75,"column":46},"end":{"line":87,"column":11}}]},"3":{"type":"branch","line":83,"loc":{"start":{"line":83,"column":-2},"end":{"line":86,"column":13}},"locations":[{"start":{"line":83,"column":-2},"end":{"line":86,"column":13}}]},"4":{"type":"branch","line":87,"loc":{"start":{"line":87,"column":11},"end":{"line":89,"column":11}},"locations":[{"start":{"line":87,"column":11},"end":{"line":89,"column":11}}]}},"b":{"0":[5],"1":[3],"2":[2],"3":[1],"4":[1]},"fnMap":{"0":{"name":"runMain","decl":{"start":{"line":59,"column":11},"end":{"line":99,"column":5}},"loc":{"start":{"line":59,"column":11},"end":{"line":99,"column":5}},"line":59}},"f":{"0":5}}
,"C:\\Users\\Autumn\\Downloads\\breathedge-crafting-companion-2\\beta\\CraftingCompanion\\src\\scripts\\utils.js": {"path":"C:\\Users\\Autumn\\Downloads\\breathedge-crafting-companion-2\\beta\\CraftingCompanion\\src\\scripts\\utils.js","all":false,"statementMap":{"0":{"start":{"line":1,"column":0},"end":{"line":1,"column":21}},"1":{"start":{"line":2,"column":0},"end":{"line":2,"column":0}},"2":{"start":{"line":3,"column":0},"end":{"line":3,"column":54}},"3":{"start":{"line":4,"column":0},"end":{"line":4,"column":102}},"4":{"start":{"line":5,"column":0},"end":{"line":5,"column":95}},"5":{"start":{"line":6,"column":0},"end":{"line":6,"column":0}},"6":{"start":{"line":7,"column":0},"end":{"line":7,"column":3}},"7":{"start":{"line":8,"column":0},"end":{"line":8,"column":64}},"8":{"start":{"line":9,"column":0},"end":{"line":9,"column":3}},"9":{"start":{"line":10,"column":0},"end":{"line":10,"column":41}},"10":{"start":{"line":11,"column":0},"end":{"line":11,"column":58}},"11":{"start":{"line":12,"column":0},"end":{"line":12,"column":64}},"12":{"start":{"line":13,"column":0},"end":{"line":13,"column":78}},"13":{"start":{"line":14,"column":0},"end":{"line":14,"column":1}},"14":{"start":{"line":15,"column":0},"end":{"line":15,"column":0}},"15":{"start":{"line":16,"column":0},"end":{"line":16,"column":3}},"16":{"start":{"line":17,"column":0},"end":{"line":17,"column":67}},"17":{"start":{"line":18,"column":0},"end":{"line":18,"column":3}},"18":{"start":{"line":19,"column":0},"end":{"line":19,"column":0}},"19":{"start":{"line":20,"column":0},"end":{"line":20,"column":47}},"20":{"start":{"line":21,"column":0},"end":{"line":21,"column":75}},"21":{"start":{"line":22,"column":0},"end":{"line":22,"column":0}},"22":{"start":{"line":23,"column":0},"end":{"line":23,"column":11}},"23":{"start":{"line":24,"column":0},"end":{"line":24,"column":43}},"24":{"start":{"line":25,"column":0},"end":{"line":25,"column":66}},"25":{"start":{"line":26,"column":0},"end":{"line":26,"column":61}},"26":{"start":{"line":27,"column":0},"end":{"line":27,"column":63}},"27":{"start":{"line":28,"column":0},"end":{"line":28,"column":0}},"28":{"start":{"line":29,"column":0},"end":{"line":29,"column":67}},"29":{"start":{"line":30,"column":0},"end":{"line":30,"column":63}},"30":{"start":{"line":31,"column":0},"end":{"line":31,"column":64}},"31":{"start":{"line":32,"column":0},"end":{"line":32,"column":0}},"32":{"start":{"line":33,"column":0},"end":{"line":33,"column":49}},"33":{"start":{"line":34,"column":0},"end":{"line":34,"column":68}},"34":{"start":{"line":35,"column":0},"end":{"line":35,"column":79}},"35":{"start":{"line":36,"column":0},"end":{"line":36,"column":109}},"36":{"start":{"line":37,"column":0},"end":{"line":37,"column":0}},"37":{"start":{"line":38,"column":0},"end":{"line":38,"column":73}},"38":{"start":{"line":39,"column":0},"end":{"line":39,"column":95}},"39":{"start":{"line":40,"column":0},"end":{"line":40,"column":128}},"40":{"start":{"line":41,"column":0},"end":{"line":41,"column":0}},"41":{"start":{"line":42,"column":0},"end":{"line":42,"column":41}},"42":{"start":{"line":43,"column":0},"end":{"line":43,"column":31}},"43":{"start":{"line":44,"column":0},"end":{"line":44,"column":89}},"44":{"start":{"line":45,"column":0},"end":{"line":45,"column":35}},"45":{"start":{"line":46,"column":0},"end":{"line":46,"column":49}},"46":{"start":{"line":47,"column":0},"end":{"line":47,"column":0}},"47":{"start":{"line":48,"column":0},"end":{"line":48,"column":84}},"48":{"start":{"line":49,"column":0},"end":{"line":49,"column":0}},"49":{"start":{"line":50,"column":0},"end":{"line":50,"column":41}},"50":{"start":{"line":51,"column":0},"end":{"line":51,"column":55}},"51":{"start":{"line":52,"column":0},"end":{"line":52,"column":21}},"52":{"start":{"line":53,"column":0},"end":{"line":53,"column":0}},"53":{"start":{"line":54,"column":0},"end":{"line":54,"column":83}},"54":{"start":{"line":55,"column":0},"end":{"line":55,"column":21}},"55":{"start":{"line":56,"column":0},"end":{"line":56,"column":78}},"56":{"start":{"line":57,"column":0},"end":{"line":57,"column":7}},"57":{"start":{"line":58,"column":0},"end":{"line":58,"column":5}}},"s":{"0":1,"1":1,"2":1,"3":1,"4":1,"5":1,"6":1,"7":1,"8":1,"9":1,"10":4,"11":4,"12":4,"13":4,"14":1,"15":1,"16":1,"17":1,"18":1,"19":1,"20":3,"21":3,"22":3,"23":3,"24":3,"25":3,"26":2,"27":2,"28":2,"29":2,"30":2,"31":2,"32":2,"33":2,"34":2,"35":3,"36":3,"37":3,"38":3,"39":3,"40":3,"41":3,"42":3,"43":3,"44":3,"45":3,"46":3,"47":3,"48":3,"49":3,"50":3,"51":3,"52":3,"53":3,"54":3,"55":2,"56":2,"57":3},"branchMap":{"0":{"type":"branch","line":10,"loc":{"start":{"line":10,"column":7},"end":{"line":14,"column":1}},"locations":[{"start":{"line":10,"column":7},"end":{"line":14,"column":1}}]},"1":{"type":"branch","line":13,"loc":{"start":{"line":13,"column":15},"end":{"line":13,"column":64}},"locations":[{"start":{"line":13,"column":15},"end":{"line":13,"column":64}}]},"2":{"type":"branch","line":13,"loc":{"start":{"line":13,"column":65},"end":{"line":13,"column":77}},"locations":[{"start":{"line":13,"column":65},"end":{"line":13,"column":77}}]},"3":{"type":"branch","line":20,"loc":{"start":{"line":20,"column":11},"end":{"line":58,"column":5}},"locations":[{"start":{"line":20,"column":11},"end":{"line":58,"column":5}}]},"4":{"type":"branch","line":27,"loc":{"start":{"line":27,"column":-2},"end":{"line":36,"column":103}},"locations":[{"start":{"line":27,"column":-2},"end":{"line":36,"column":103}}]},"5":{"type":"branch","line":36,"loc":{"start":{"line":36,"column":-2},"end":{"line":36,"column":103}},"locations":[{"start":{"line":36,"column":-2},"end":{"line":36,"column":103}}]},"6":{"type":"branch","line":36,"loc":{"start":{"line":36,"column":104},"end":{"line":36,"column":107}},"locations":[{"start":{"line":36,"column":104},"end":{"line":36,"column":107}}]},"7":{"type":"branch","line":40,"loc":{"start":{"line":40,"column":-2},"end":{"line":40,"column":122}},"locations":[{"start":{"line":40,"column":-2},"end":{"line":40,"column":122}}]},"8":{"type":"branch","line":40,"loc":{"start":{"line":40,"column":123},"end":{"line":40,"column":126}},"locations":[{"start":{"line":40,"column":123},"end":{"line":40,"column":126}}]},"9":{"type":"branch","line":45,"loc":{"start":{"line":45,"column":29},"end":{"line":45,"column":34}},"locations":[{"start":{"line":45,"column":29},"end":{"line":45,"column":34}}]},"10":{"type":"branch","line":46,"loc":{"start":{"line":46,"column":43},"end":{"line":46,"column":48}},"locations":[{"start":{"line":46,"column":43},"end":{"line":46,"column":48}}]},"11":{"type":"branch","line":55,"loc":{"start":{"line":55,"column":8},"end":{"line":57,"column":7}},"locations":[{"start":{"line":55,"column":8},"end":{"line":57,"column":7}}]}},"b":{"0":[4],"1":[3],"2":[2],"3":[3],"4":[2],"5":[1],"6":[0],"7":[1],"8":[0],"9":[0],"10":[0],"11":[2]},"fnMap":{"0":{"name":"getColorForLevel","decl":{"start":{"line":10,"column":7},"end":{"line":14,"column":1}},"loc":{"start":{"line":10,"column":7},"end":{"line":14,"column":1}},"line":10},"1":{"name":"loadDefaultAssets","decl":{"start":{"line":20,"column":11},"end":{"line":58,"column":5}},"loc":{"start":{"line":20,"column":11},"end":{"line":58,"column":5}},"line":20}},"f":{"0":4,"1":3}}
,"C:\\Users\\Autumn\\Downloads\\breathedge-crafting-companion-2\\beta\\CraftingCompanion\\src\\scripts\\version-display.js": {"path":"C:\\Users\\Autumn\\Downloads\\breathedge-crafting-companion-2\\beta\\CraftingCompanion\\src\\scripts\\version-display.js","all":false,"statementMap":{"0":{"start":{"line":1,"column":0},"end":{"line":1,"column":35}},"1":{"start":{"line":2,"column":0},"end":{"line":2,"column":50}},"2":{"start":{"line":3,"column":0},"end":{"line":3,"column":0}},"3":{"start":{"line":4,"column":0},"end":{"line":4,"column":51}},"4":{"start":{"line":5,"column":0},"end":{"line":5,"column":0}},"5":{"start":{"line":6,"column":0},"end":{"line":6,"column":65}},"6":{"start":{"line":7,"column":0},"end":{"line":7,"column":22}},"7":{"start":{"line":8,"column":0},"end":{"line":8,"column":64}},"8":{"start":{"line":9,"column":0},"end":{"line":9,"column":1}},"9":{"start":{"line":10,"column":0},"end":{"line":10,"column":0}},"10":{"start":{"line":11,"column":0},"end":{"line":11,"column":34}},"11":{"start":{"line":12,"column":0},"end":{"line":12,"column":7}},"12":{"start":{"line":13,"column":0},"end":{"line":13,"column":44}},"13":{"start":{"line":14,"column":0},"end":{"line":14,"column":57}},"14":{"start":{"line":15,"column":0},"end":{"line":15,"column":0}},"15":{"start":{"line":16,"column":0},"end":{"line":16,"column":34}},"16":{"start":{"line":17,"column":0},"end":{"line":17,"column":59}},"17":{"start":{"line":18,"column":0},"end":{"line":18,"column":0}},"18":{"start":{"line":19,"column":0},"end":{"line":19,"column":42}},"19":{"start":{"line":20,"column":0},"end":{"line":20,"column":17}},"20":{"start":{"line":21,"column":0},"end":{"line":21,"column":84}},"21":{"start":{"line":22,"column":0},"end":{"line":22,"column":28}},"22":{"start":{"line":23,"column":0},"end":{"line":23,"column":3}},"23":{"start":{"line":24,"column":0},"end":{"line":24,"column":1}},"24":{"start":{"line":25,"column":0},"end":{"line":25,"column":0}},"25":{"start":{"line":26,"column":0},"end":{"line":26,"column":41}},"26":{"start":{"line":27,"column":0},"end":{"line":27,"column":30}},"27":{"start":{"line":28,"column":0},"end":{"line":28,"column":0}},"28":{"start":{"line":29,"column":0},"end":{"line":29,"column":171}},"29":{"start":{"line":30,"column":0},"end":{"line":30,"column":0}},"30":{"start":{"line":31,"column":0},"end":{"line":31,"column":40}},"31":{"start":{"line":32,"column":0},"end":{"line":32,"column":106}},"32":{"start":{"line":33,"column":0},"end":{"line":33,"column":15}},"33":{"start":{"line":34,"column":0},"end":{"line":34,"column":0}},"34":{"start":{"line":35,"column":0},"end":{"line":35,"column":78}},"35":{"start":{"line":36,"column":0},"end":{"line":36,"column":1}},"36":{"start":{"line":37,"column":0},"end":{"line":37,"column":0}},"37":{"start":{"line":38,"column":0},"end":{"line":38,"column":18}}},"s":{"0":1,"1":1,"2":1,"3":1,"4":1,"5":1,"6":1,"7":1,"8":1,"9":1,"10":4,"11":4,"12":4,"13":4,"14":1,"15":1,"16":1,"17":1,"18":1,"19":4,"20":3,"21":3,"22":3,"23":4,"24":1,"25":4,"26":4,"27":3,"28":3,"29":3,"30":3,"31":4,"32":4,"33":4,"34":4,"35":4,"36":1,"37":1},"branchMap":{"0":{"type":"branch","line":7,"loc":{"start":{"line":7,"column":21},"end":{"line":9,"column":1}},"locations":[{"start":{"line":7,"column":21},"end":{"line":9,"column":1}}]},"1":{"type":"branch","line":11,"loc":{"start":{"line":11,"column":0},"end":{"line":24,"column":1}},"locations":[{"start":{"line":11,"column":0},"end":{"line":24,"column":1}}]},"2":{"type":"branch","line":14,"loc":{"start":{"line":14,"column":-2},"end":{"line":14,"column":17}},"locations":[{"start":{"line":14,"column":-2},"end":{"line":14,"column":17}}]},"3":{"type":"branch","line":14,"loc":{"start":{"line":14,"column":17},"end":{"line":20,"column":4}},"locations":[{"start":{"line":14,"column":17},"end":{"line":20,"column":4}}]},"4":{"type":"branch","line":20,"loc":{"start":{"line":20,"column":4},"end":{"line":23,"column":3}},"locations":[{"start":{"line":20,"column":4},"end":{"line":23,"column":3}}]},"5":{"type":"branch","line":26,"loc":{"start":{"line":26,"column":0},"end":{"line":36,"column":1}},"locations":[{"start":{"line":26,"column":0},"end":{"line":36,"column":1}}]},"6":{"type":"branch","line":27,"loc":{"start":{"line":27,"column":23},"end":{"line":27,"column":30}},"locations":[{"start":{"line":27,"column":23},"end":{"line":27,"column":30}}]},"7":{"type":"branch","line":28,"loc":{"start":{"line":28,"column":-2},"end":{"line":32,"column":4}},"locations":[{"start":{"line":28,"column":-2},"end":{"line":32,"column":4}}]},"8":{"type":"branch","line":32,"loc":{"start":{"line":32,"column":4},"end":{"line":32,"column":106}},"locations":[{"start":{"line":32,"column":4},"end":{"line":32,"column":106}}]},"9":{"type":"branch","line":33,"loc":{"start":{"line":33,"column":4},"end":{"line":33,"column":14}},"locations":[{"start":{"line":33,"column":4},"end":{"line":33,"column":14}}]}},"b":{"0":[1],"1":[4],"2":[3],"3":[1],"4":[3],"5":[4],"6":[1],"7":[3],"8":[1],"9":[2]},"fnMap":{"0":{"name":"loadVersionInfo","decl":{"start":{"line":11,"column":0},"end":{"line":24,"column":1}},"loc":{"start":{"line":11,"column":0},"end":{"line":24,"column":1}},"line":11},"1":{"name":"applyVersionToDOM","decl":{"start":{"line":26,"column":0},"end":{"line":36,"column":1}},"loc":{"start":{"line":26,"column":0},"end":{"line":36,"column":1}},"line":26}},"f":{"0":4,"1":4}}
,"C:\\Users\\Autumn\\Downloads\\breathedge-crafting-companion-2\\beta\\CraftingCompanion\\src\\scripts\\lib\\recipe-utils.js": {"path":"C:\\Users\\Autumn\\Downloads\\breathedge-crafting-companion-2\\beta\\CraftingCompanion\\src\\scripts\\lib\\recipe-utils.js","all":false,"statementMap":{"0":{"start":{"line":1,"column":0},"end":{"line":1,"column":35}},"1":{"start":{"line":2,"column":0},"end":{"line":2,"column":0}},"2":{"start":{"line":3,"column":0},"end":{"line":3,"column":46}},"3":{"start":{"line":4,"column":0},"end":{"line":4,"column":42}},"4":{"start":{"line":5,"column":0},"end":{"line":5,"column":84}},"5":{"start":{"line":6,"column":0},"end":{"line":6,"column":15}},"6":{"start":{"line":7,"column":0},"end":{"line":7,"column":3}},"7":{"start":{"line":8,"column":0},"end":{"line":8,"column":32}},"8":{"start":{"line":9,"column":0},"end":{"line":9,"column":1}},"9":{"start":{"line":10,"column":0},"end":{"line":10,"column":0}},"10":{"start":{"line":11,"column":0},"end":{"line":11,"column":68}},"11":{"start":{"line":12,"column":0},"end":{"line":12,"column":33}},"12":{"start":{"line":13,"column":0},"end":{"line":13,"column":40}},"13":{"start":{"line":14,"column":0},"end":{"line":14,"column":15}},"14":{"start":{"line":15,"column":0},"end":{"line":15,"column":1}},"15":{"start":{"line":16,"column":0},"end":{"line":16,"column":1}},"16":{"start":{"line":17,"column":0},"end":{"line":17,"column":95}},"17":{"start":{"line":18,"column":0},"end":{"line":18,"column":33}},"18":{"start":{"line":19,"column":0},"end":{"line":19,"column":70}},"19":{"start":{"line":20,"column":0},"end":{"line":20,"column":14}},"20":{"start":{"line":21,"column":0},"end":{"line":21,"column":3}},"21":{"start":{"line":22,"column":0},"end":{"line":22,"column":0}},"22":{"start":{"line":23,"column":0},"end":{"line":23,"column":31}},"23":{"start":{"line":24,"column":0},"end":{"line":24,"column":59}},"24":{"start":{"line":25,"column":0},"end":{"line":25,"column":14}},"25":{"start":{"line":26,"column":0},"end":{"line":26,"column":3}},"26":{"start":{"line":27,"column":0},"end":{"line":27,"column":0}},"27":{"start":{"line":28,"column":0},"end":{"line":28,"column":19}},"28":{"start":{"line":29,"column":0},"end":{"line":29,"column":14}},"29":{"start":{"line":30,"column":0},"end":{"line":30,"column":3}},"30":{"start":{"line":31,"column":0},"end":{"line":31,"column":0}},"31":{"start":{"line":32,"column":0},"end":{"line":32,"column":25}},"32":{"start":{"line":33,"column":0},"end":{"line":33,"column":102}},"33":{"start":{"line":34,"column":0},"end":{"line":34,"column":14}},"34":{"start":{"line":35,"column":0},"end":{"line":35,"column":3}},"35":{"start":{"line":36,"column":0},"end":{"line":36,"column":0}},"36":{"start":{"line":37,"column":0},"end":{"line":37,"column":19}},"37":{"start":{"line":38,"column":0},"end":{"line":38,"column":27}},"38":{"start":{"line":39,"column":0},"end":{"line":39,"column":20}},"39":{"start":{"line":40,"column":0},"end":{"line":40,"column":0}},"40":{"start":{"line":41,"column":0},"end":{"line":41,"column":75}},"41":{"start":{"line":42,"column":0},"end":{"line":42,"column":0}},"42":{"start":{"line":43,"column":0},"end":{"line":43,"column":46}},"43":{"start":{"line":44,"column":0},"end":{"line":44,"column":75}},"44":{"start":{"line":45,"column":0},"end":{"line":45,"column":57}},"45":{"start":{"line":46,"column":0},"end":{"line":46,"column":0}},"46":{"start":{"line":47,"column":0},"end":{"line":47,"column":17}},"47":{"start":{"line":48,"column":0},"end":{"line":48,"column":60}},"48":{"start":{"line":49,"column":0},"end":{"line":49,"column":11}},"49":{"start":{"line":50,"column":0},"end":{"line":50,"column":7}},"50":{"start":{"line":51,"column":0},"end":{"line":51,"column":0}},"51":{"start":{"line":52,"column":0},"end":{"line":52,"column":31}},"52":{"start":{"line":53,"column":0},"end":{"line":53,"column":41}},"53":{"start":{"line":54,"column":0},"end":{"line":54,"column":13}},"54":{"start":{"line":55,"column":0},"end":{"line":55,"column":23}},"55":{"start":{"line":56,"column":0},"end":{"line":56,"column":18}},"56":{"start":{"line":57,"column":0},"end":{"line":57,"column":25}},"57":{"start":{"line":58,"column":0},"end":{"line":58,"column":16}},"58":{"start":{"line":59,"column":0},"end":{"line":59,"column":8}},"59":{"start":{"line":60,"column":0},"end":{"line":60,"column":31}},"60":{"start":{"line":61,"column":0},"end":{"line":61,"column":5}},"61":{"start":{"line":62,"column":0},"end":{"line":62,"column":3}},"62":{"start":{"line":63,"column":0},"end":{"line":63,"column":0}},"63":{"start":{"line":64,"column":0},"end":{"line":64,"column":16}},"64":{"start":{"line":65,"column":0},"end":{"line":65,"column":1}},"65":{"start":{"line":66,"column":0},"end":{"line":66,"column":0}},"66":{"start":{"line":67,"column":0},"end":{"line":67,"column":41}},"67":{"start":{"line":68,"column":0},"end":{"line":68,"column":34}},"68":{"start":{"line":69,"column":0},"end":{"line":69,"column":42}},"69":{"start":{"line":70,"column":0},"end":{"line":70,"column":1}},"70":{"start":{"line":71,"column":0},"end":{"line":71,"column":0}},"71":{"start":{"line":72,"column":0},"end":{"line":72,"column":32}},"72":{"start":{"line":73,"column":0},"end":{"line":73,"column":40}},"73":{"start":{"line":74,"column":0},"end":{"line":74,"column":1}},"74":{"start":{"line":75,"column":0},"end":{"line":75,"column":0}},"75":{"start":{"line":76,"column":0},"end":{"line":76,"column":51}},"76":{"start":{"line":77,"column":0},"end":{"line":77,"column":36}},"77":{"start":{"line":78,"column":0},"end":{"line":78,"column":80}},"78":{"start":{"line":79,"column":0},"end":{"line":79,"column":14}},"79":{"start":{"line":80,"column":0},"end":{"line":80,"column":3}},"80":{"start":{"line":81,"column":0},"end":{"line":81,"column":67}},"81":{"start":{"line":82,"column":0},"end":{"line":82,"column":1}}},"s":{"0":1,"1":1,"2":1,"3":12,"4":0,"5":0,"6":0,"7":12,"8":12,"9":1,"10":1,"11":12,"12":12,"13":12,"14":12,"15":1,"16":1,"17":39,"18":3,"19":3,"20":3,"21":36,"22":39,"23":3,"24":3,"25":3,"26":33,"27":39,"28":1,"29":1,"30":32,"31":39,"32":3,"33":3,"34":3,"35":29,"36":29,"37":29,"38":29,"39":29,"40":29,"41":29,"42":39,"43":12,"44":12,"45":12,"46":12,"47":12,"48":12,"49":12,"50":12,"51":12,"52":11,"53":11,"54":11,"55":11,"56":11,"57":11,"58":11,"59":11,"60":11,"61":12,"62":29,"63":29,"64":29,"65":1,"66":1,"67":39,"68":39,"69":39,"70":1,"71":36,"72":36,"73":36,"74":1,"75":29,"76":29,"77":3,"78":3,"79":3,"80":26,"81":26},"branchMap":{"0":{"type":"branch","line":3,"loc":{"start":{"line":3,"column":7},"end":{"line":9,"column":1}},"locations":[{"start":{"line":3,"column":7},"end":{"line":9,"column":1}}]},"1":{"type":"branch","line":4,"loc":{"start":{"line":4,"column":41},"end":{"line":7,"column":3}},"locations":[{"start":{"line":4,"column":41},"end":{"line":7,"column":3}}]},"2":{"type":"branch","line":8,"loc":{"start":{"line":8,"column":18},"end":{"line":8,"column":24}},"locations":[{"start":{"line":8,"column":18},"end":{"line":8,"column":24}}]},"3":{"type":"branch","line":8,"loc":{"start":{"line":8,"column":25},"end":{"line":8,"column":31}},"locations":[{"start":{"line":8,"column":25},"end":{"line":8,"column":31}}]},"4":{"type":"branch","line":11,"loc":{"start":{"line":11,"column":7},"end":{"line":15,"column":1}},"locations":[{"start":{"line":11,"column":7},"end":{"line":15,"column":1}}]},"5":{"type":"branch","line":12,"loc":{"start":{"line":12,"column":28},"end":{"line":12,"column":32}},"locations":[{"start":{"line":12,"column":28},"end":{"line":12,"column":32}}]},"6":{"type":"branch","line":13,"loc":{"start":{"line":13,"column":35},"end":{"line":13,"column":39}},"locations":[{"start":{"line":13,"column":35},"end":{"line":13,"column":39}}]},"7":{"type":"branch","line":17,"loc":{"start":{"line":17,"column":8},"end":{"line":65,"column":1}},"locations":[{"start":{"line":17,"column":8},"end":{"line":65,"column":1}}]},"8":{"type":"branch","line":18,"loc":{"start":{"line":18,"column":32},"end":{"line":21,"column":3}},"locations":[{"start":{"line":18,"column":32},"end":{"line":21,"column":3}}]},"9":{"type":"branch","line":21,"loc":{"start":{"line":21,"column":2},"end":{"line":23,"column":30}},"locations":[{"start":{"line":21,"column":2},"end":{"line":23,"column":30}}]},"10":{"type":"branch","line":23,"loc":{"start":{"line":23,"column":30},"end":{"line":26,"column":3}},"locations":[{"start":{"line":23,"column":30},"end":{"line":26,"column":3}}]},"11":{"type":"branch","line":26,"loc":{"start":{"line":26,"column":2},"end":{"line":28,"column":18}},"locations":[{"start":{"line":26,"column":2},"end":{"line":28,"column":18}}]},"12":{"type":"branch","line":28,"loc":{"start":{"line":28,"column":18},"end":{"line":30,"column":3}},"locations":[{"start":{"line":28,"column":18},"end":{"line":30,"column":3}}]},"13":{"type":"branch","line":30,"loc":{"start":{"line":30,"column":2},"end":{"line":32,"column":24}},"locations":[{"start":{"line":30,"column":2},"end":{"line":32,"column":24}}]},"14":{"type":"branch","line":32,"loc":{"start":{"line":32,"column":24},"end":{"line":35,"column":3}},"locations":[{"start":{"line":32,"column":24},"end":{"line":35,"column":3}}]},"15":{"type":"branch","line":35,"loc":{"start":{"line":35,"column":2},"end":{"line":43,"column":45}},"locations":[{"start":{"line":35,"column":2},"end":{"line":43,"column":45}}]},"16":{"type":"branch","line":43,"loc":{"start":{"line":43,"column":45},"end":{"line":62,"column":3}},"locations":[{"start":{"line":43,"column":45},"end":{"line":62,"column":3}}]},"17":{"type":"branch","line":48,"loc":{"start":{"line":48,"column":35},"end":{"line":48,"column":52}},"locations":[{"start":{"line":48,"column":35},"end":{"line":48,"column":52}}]},"18":{"type":"branch","line":48,"loc":{"start":{"line":48,"column":53},"end":{"line":48,"column":57}},"locations":[{"start":{"line":48,"column":53},"end":{"line":48,"column":57}}]},"19":{"type":"branch","line":52,"loc":{"start":{"line":52,"column":30},"end":{"line":61,"column":5}},"locations":[{"start":{"line":52,"column":30},"end":{"line":61,"column":5}}]},"20":{"type":"branch","line":62,"loc":{"start":{"line":62,"column":2},"end":{"line":65,"column":1}},"locations":[{"start":{"line":62,"column":2},"end":{"line":65,"column":1}}]},"21":{"type":"branch","line":68,"loc":{"start":{"line":68,"column":0},"end":{"line":70,"column":1}},"locations":[{"start":{"line":68,"column":0},"end":{"line":70,"column":1}}]},"22":{"type":"branch","line":69,"loc":{"start":{"line":69,"column":14},"end":{"line":69,"column":41}},"locations":[{"start":{"line":69,"column":14},"end":{"line":69,"column":41}}]},"23":{"type":"branch","line":72,"loc":{"start":{"line":72,"column":0},"end":{"line":74,"column":1}},"locations":[{"start":{"line":72,"column":0},"end":{"line":74,"column":1}}]},"24":{"type":"branch","line":73,"loc":{"start":{"line":73,"column":13},"end":{"line":73,"column":39}},"locations":[{"start":{"line":73,"column":13},"end":{"line":73,"column":39}}]},"25":{"type":"branch","line":76,"loc":{"start":{"line":76,"column":0},"end":{"line":82,"column":1}},"locations":[{"start":{"line":76,"column":0},"end":{"line":82,"column":1}}]},"26":{"type":"branch","line":77,"loc":{"start":{"line":77,"column":35},"end":{"line":80,"column":3}},"locations":[{"start":{"line":77,"column":35},"end":{"line":80,"column":3}}]},"27":{"type":"branch","line":80,"loc":{"start":{"line":80,"column":2},"end":{"line":82,"column":1}},"locations":[{"start":{"line":80,"column":2},"end":{"line":82,"column":1}}]},"28":{"type":"branch","line":81,"loc":{"start":{"line":81,"column":28},"end":{"line":81,"column":65}},"locations":[{"start":{"line":81,"column":28},"end":{"line":81,"column":65}}]},"29":{"type":"branch","line":81,"loc":{"start":{"line":81,"column":39},"end":{"line":81,"column":65}},"locations":[{"start":{"line":81,"column":39},"end":{"line":81,"column":65}}]}},"b":{"0":[12],"1":[0],"2":[11],"3":[1],"4":[12],"5":[1],"6":[0],"7":[39],"8":[3],"9":[36],"10":[3],"11":[33],"12":[1],"13":[32],"14":[3],"15":[29],"16":[12],"17":[5],"18":[7],"19":[11],"20":[29],"21":[39],"22":[37],"23":[36],"24":[34],"25":[29],"26":[3],"27":[26],"28":[16],"29":[14]},"fnMap":{"0":{"name":"getIngredientName","decl":{"start":{"line":3,"column":7},"end":{"line":9,"column":1}},"loc":{"start":{"line":3,"column":7},"end":{"line":9,"column":1}},"line":3},"1":{"name":"resolveIngredientQuantity","decl":{"start":{"line":11,"column":7},"end":{"line":15,"column":1}},"loc":{"start":{"line":11,"column":7},"end":{"line":15,"column":1}},"line":11},"2":{"name":"flattenRecipeTree","decl":{"start":{"line":17,"column":8},"end":{"line":65,"column":1}},"loc":{"start":{"line":17,"column":8},"end":{"line":65,"column":1}},"line":17},"3":{"name":"isValidRecipeData","decl":{"start":{"line":68,"column":0},"end":{"line":70,"column":1}},"loc":{"start":{"line":68,"column":0},"end":{"line":70,"column":1}},"line":68},"4":{"name":"isValidRecipeKey","decl":{"start":{"line":72,"column":0},"end":{"line":74,"column":1}},"loc":{"start":{"line":72,"column":0},"end":{"line":74,"column":1}},"line":72},"5":{"name":"filterValidIngredients","decl":{"start":{"line":76,"column":0},"end":{"line":82,"column":1}},"loc":{"start":{"line":76,"column":0},"end":{"line":82,"column":1}},"line":76}},"f":{"0":12,"1":12,"2":39,"3":39,"4":36,"5":29}}
,"C:\\Users\\Autumn\\Downloads\\breathedge-crafting-companion-2\\beta\\CraftingCompanion\\src\\scripts\\lib\\renderList.util.js": {"path":"C:\\Users\\Autumn\\Downloads\\breathedge-crafting-companion-2\\beta\\CraftingCompanion\\src\\scripts\\lib\\renderList.util.js","all":false,"statementMap":{"0":{"start":{"line":1,"column":0},"end":{"line":1,"column":40}},"1":{"start":{"line":2,"column":0},"end":{"line":2,"column":0}},"2":{"start":{"line":3,"column":0},"end":{"line":3,"column":50}},"3":{"start":{"line":4,"column":0},"end":{"line":4,"column":57}},"4":{"start":{"line":5,"column":0},"end":{"line":5,"column":69}},"5":{"start":{"line":6,"column":0},"end":{"line":6,"column":0}},"6":{"start":{"line":7,"column":0},"end":{"line":7,"column":3}},"7":{"start":{"line":8,"column":0},"end":{"line":8,"column":38}},"8":{"start":{"line":9,"column":0},"end":{"line":9,"column":45}},"9":{"start":{"line":10,"column":0},"end":{"line":10,"column":3}},"10":{"start":{"line":11,"column":0},"end":{"line":11,"column":85}},"11":{"start":{"line":12,"column":0},"end":{"line":12,"column":51}},"12":{"start":{"line":13,"column":0},"end":{"line":13,"column":0}},"13":{"start":{"line":14,"column":0},"end":{"line":14,"column":29}},"14":{"start":{"line":15,"column":0},"end":{"line":15,"column":28}},"15":{"start":{"line":16,"column":0},"end":{"line":16,"column":15}},"16":{"start":{"line":17,"column":0},"end":{"line":17,"column":40}},"17":{"start":{"line":18,"column":0},"end":{"line":18,"column":61}},"18":{"start":{"line":19,"column":0},"end":{"line":19,"column":48}},"19":{"start":{"line":20,"column":0},"end":{"line":20,"column":5}},"20":{"start":{"line":21,"column":0},"end":{"line":21,"column":50}},"21":{"start":{"line":22,"column":0},"end":{"line":22,"column":1}},"22":{"start":{"line":23,"column":0},"end":{"line":23,"column":0}},"23":{"start":{"line":24,"column":0},"end":{"line":24,"column":3}},"24":{"start":{"line":25,"column":0},"end":{"line":25,"column":44}},"25":{"start":{"line":26,"column":0},"end":{"line":26,"column":3}},"26":{"start":{"line":27,"column":0},"end":{"line":27,"column":82}},"27":{"start":{"line":28,"column":0},"end":{"line":28,"column":43}},"28":{"start":{"line":29,"column":0},"end":{"line":29,"column":14}},"29":{"start":{"line":30,"column":0},"end":{"line":30,"column":18}},"30":{"start":{"line":31,"column":0},"end":{"line":31,"column":40}},"31":{"start":{"line":32,"column":0},"end":{"line":32,"column":96}},"32":{"start":{"line":33,"column":0},"end":{"line":33,"column":59}},"33":{"start":{"line":34,"column":0},"end":{"line":34,"column":14}},"34":{"start":{"line":35,"column":0},"end":{"line":35,"column":6}},"35":{"start":{"line":36,"column":0},"end":{"line":36,"column":14}},"36":{"start":{"line":37,"column":0},"end":{"line":37,"column":1}},"37":{"start":{"line":38,"column":0},"end":{"line":38,"column":0}},"38":{"start":{"line":39,"column":0},"end":{"line":39,"column":3}},"39":{"start":{"line":40,"column":0},"end":{"line":40,"column":31}},"40":{"start":{"line":41,"column":0},"end":{"line":41,"column":3}},"41":{"start":{"line":42,"column":0},"end":{"line":42,"column":45}},"42":{"start":{"line":43,"column":0},"end":{"line":43,"column":44}},"43":{"start":{"line":44,"column":0},"end":{"line":44,"column":35}},"44":{"start":{"line":45,"column":0},"end":{"line":45,"column":44}},"45":{"start":{"line":46,"column":0},"end":{"line":46,"column":13}},"46":{"start":{"line":47,"column":0},"end":{"line":47,"column":1}},"47":{"start":{"line":48,"column":0},"end":{"line":48,"column":0}},"48":{"start":{"line":49,"column":0},"end":{"line":49,"column":3}},"49":{"start":{"line":50,"column":0},"end":{"line":50,"column":38}},"50":{"start":{"line":51,"column":0},"end":{"line":51,"column":3}},"51":{"start":{"line":52,"column":0},"end":{"line":52,"column":49}},"52":{"start":{"line":53,"column":0},"end":{"line":53,"column":55}},"53":{"start":{"line":54,"column":0},"end":{"line":54,"column":22}},"54":{"start":{"line":55,"column":0},"end":{"line":55,"column":0}},"55":{"start":{"line":56,"column":0},"end":{"line":56,"column":24}},"56":{"start":{"line":57,"column":0},"end":{"line":57,"column":0}},"57":{"start":{"line":58,"column":0},"end":{"line":58,"column":47}},"58":{"start":{"line":59,"column":0},"end":{"line":59,"column":20}},"59":{"start":{"line":60,"column":0},"end":{"line":60,"column":32}},"60":{"start":{"line":61,"column":0},"end":{"line":61,"column":26}},"61":{"start":{"line":62,"column":0},"end":{"line":62,"column":0}},"62":{"start":{"line":63,"column":0},"end":{"line":63,"column":52}},"63":{"start":{"line":64,"column":0},"end":{"line":64,"column":49}},"64":{"start":{"line":65,"column":0},"end":{"line":65,"column":19}},"65":{"start":{"line":66,"column":0},"end":{"line":66,"column":28}},"66":{"start":{"line":67,"column":0},"end":{"line":67,"column":28}},"67":{"start":{"line":68,"column":0},"end":{"line":68,"column":3}},"68":{"start":{"line":69,"column":0},"end":{"line":69,"column":1}},"69":{"start":{"line":70,"column":0},"end":{"line":70,"column":0}},"70":{"start":{"line":71,"column":0},"end":{"line":71,"column":3}},"71":{"start":{"line":72,"column":0},"end":{"line":72,"column":70}},"72":{"start":{"line":73,"column":0},"end":{"line":73,"column":3}},"73":{"start":{"line":74,"column":0},"end":{"line":74,"column":0}},"74":{"start":{"line":75,"column":0},"end":{"line":75,"column":30}},"75":{"start":{"line":76,"column":0},"end":{"line":76,"column":58}},"76":{"start":{"line":77,"column":0},"end":{"line":77,"column":25}},"77":{"start":{"line":78,"column":0},"end":{"line":78,"column":0}},"78":{"start":{"line":79,"column":0},"end":{"line":79,"column":81}},"79":{"start":{"line":80,"column":0},"end":{"line":80,"column":69}},"80":{"start":{"line":81,"column":0},"end":{"line":81,"column":29}},"81":{"start":{"line":82,"column":0},"end":{"line":82,"column":0}},"82":{"start":{"line":83,"column":0},"end":{"line":83,"column":27}},"83":{"start":{"line":84,"column":0},"end":{"line":84,"column":0}},"84":{"start":{"line":85,"column":0},"end":{"line":85,"column":43}},"85":{"start":{"line":86,"column":0},"end":{"line":86,"column":55}},"86":{"start":{"line":87,"column":0},"end":{"line":87,"column":11}},"87":{"start":{"line":88,"column":0},"end":{"line":88,"column":3}},"88":{"start":{"line":89,"column":0},"end":{"line":89,"column":0}},"89":{"start":{"line":90,"column":0},"end":{"line":90,"column":65}},"90":{"start":{"line":91,"column":0},"end":{"line":91,"column":0}},"91":{"start":{"line":92,"column":0},"end":{"line":92,"column":41}},"92":{"start":{"line":93,"column":0},"end":{"line":93,"column":87}},"93":{"start":{"line":94,"column":0},"end":{"line":94,"column":70}},"94":{"start":{"line":95,"column":0},"end":{"line":95,"column":15}},"95":{"start":{"line":96,"column":0},"end":{"line":96,"column":5}},"96":{"start":{"line":97,"column":0},"end":{"line":97,"column":0}},"97":{"start":{"line":98,"column":0},"end":{"line":98,"column":9}},"98":{"start":{"line":99,"column":0},"end":{"line":99,"column":55}},"99":{"start":{"line":100,"column":0},"end":{"line":100,"column":19}},"100":{"start":{"line":101,"column":0},"end":{"line":101,"column":13}},"101":{"start":{"line":102,"column":0},"end":{"line":102,"column":26}},"102":{"start":{"line":103,"column":0},"end":{"line":103,"column":24}},"103":{"start":{"line":104,"column":0},"end":{"line":104,"column":8}},"104":{"start":{"line":105,"column":0},"end":{"line":105,"column":0}},"105":{"start":{"line":106,"column":0},"end":{"line":106,"column":53}},"106":{"start":{"line":107,"column":0},"end":{"line":107,"column":73}},"107":{"start":{"line":108,"column":0},"end":{"line":108,"column":39}},"108":{"start":{"line":109,"column":0},"end":{"line":109,"column":19}},"109":{"start":{"line":110,"column":0},"end":{"line":110,"column":85}},"110":{"start":{"line":111,"column":0},"end":{"line":111,"column":5}},"111":{"start":{"line":112,"column":0},"end":{"line":112,"column":3}},"112":{"start":{"line":113,"column":0},"end":{"line":113,"column":1}}},"s":{"0":1,"1":1,"2":1,"3":1,"4":1,"5":1,"6":1,"7":1,"8":1,"9":1,"10":1,"11":11,"12":11,"13":11,"14":11,"15":19,"16":19,"17":19,"18":15,"19":11,"20":11,"21":11,"22":1,"23":1,"24":1,"25":1,"26":1,"27":14,"28":14,"29":14,"30":4,"31":4,"32":4,"33":4,"34":14,"35":14,"36":14,"37":1,"38":1,"39":1,"40":1,
[...]
{"line":32,"column":0},"end":{"line":32,"column":0}},"32":{"start":{"line":33,"column":0},"end":{"line":33,"column":80}},"33":{"start":{"line":34,"column":0},"end":{"line":34,"column":0}},"34":{"start":{"line":35,"column":0},"end":{"line":35,"column":62}},"35":{"start":{"line":36,"column":0},"end":{"line":36,"column":72}},"36":{"start":{"line":37,"column":0},"end":{"line":37,"column":52}},"37":{"start":{"line":38,"column":0},"end":{"line":38,"column":26}},"38":{"start":{"line":39,"column":0},"end":{"line":39,"column":34}},"39":{"start":{"line":40,"column":0},"end":{"line":40,"column":33}},"40":{"start":{"line":41,"column":0},"end":{"line":41,"column":3}},"41":{"start":{"line":42,"column":0},"end":{"line":42,"column":0}},"42":{"start":{"line":43,"column":0},"end":{"line":43,"column":57}},"43":{"start":{"line":44,"column":0},"end":{"line":44,"column":57}},"44":{"start":{"line":45,"column":0},"end":{"line":45,"column":61}},"45":{"start":{"line":46,"column":0},"end":{"line":46,"column":0}},"46":{"start":{"line":47,"column":0},"end":{"line":47,"column":41}},"47":{"start":{"line":48,"column":0},"end":{"line":48,"column":31}},"48":{"start":{"line":49,"column":0},"end":{"line":49,"column":69}},"49":{"start":{"line":50,"column":0},"end":{"line":50,"column":60}},"50":{"start":{"line":51,"column":0},"end":{"line":51,"column":37}},"51":{"start":{"line":52,"column":0},"end":{"line":52,"column":80}},"52":{"start":{"line":53,"column":0},"end":{"line":53,"column":10}},"53":{"start":{"line":54,"column":0},"end":{"line":54,"column":31}},"54":{"start":{"line":55,"column":0},"end":{"line":55,"column":71}},"55":{"start":{"line":56,"column":0},"end":{"line":56,"column":3}},"56":{"start":{"line":57,"column":0},"end":{"line":57,"column":0}},"57":{"start":{"line":58,"column":0},"end":{"line":58,"column":59}},"58":{"start":{"line":59,"column":0},"end":{"line":59,"column":1}},"59":{"start":{"line":60,"column":0},"end":{"line":60,"column":0}},"60":{"start":{"line":61,"column":0},"end":{"line":61,"column":3}},"61":{"start":{"line":62,"column":0},"end":{"line":62,"column":55}},"62":{"start":{"line":63,"column":0},"end":{"line":63,"column":45}},"63":{"start":{"line":64,"column":0},"end":{"line":64,"column":3}},"64":{"start":{"line":65,"column":0},"end":{"line":65,"column":60}},"65":{"start":{"line":66,"column":0},"end":{"line":66,"column":66}},"66":{"start":{"line":67,"column":0},"end":{"line":67,"column":0}},"67":{"start":{"line":68,"column":0},"end":{"line":68,"column":52}},"68":{"start":{"line":69,"column":0},"end":{"line":69,"column":18}},"69":{"start":{"line":70,"column":0},"end":{"line":70,"column":71}},"70":{"start":{"line":71,"column":0},"end":{"line":71,"column":11}},"71":{"start":{"line":72,"column":0},"end":{"line":72,"column":3}},"72":{"start":{"line":73,"column":0},"end":{"line":73,"column":0}},"73":{"start":{"line":74,"column":0},"end":{"line":74,"column":61}},"74":{"start":{"line":75,"column":0},"end":{"line":75,"column":56}},"75":{"start":{"line":76,"column":0},"end":{"line":76,"column":44}},"76":{"start":{"line":77,"column":0},"end":{"line":77,"column":74}},"77":{"start":{"line":78,"column":0},"end":{"line":78,"column":0}},"78":{"start":{"line":79,"column":0},"end":{"line":79,"column":41}},"79":{"start":{"line":80,"column":0},"end":{"line":80,"column":62}},"80":{"start":{"line":81,"column":0},"end":{"line":81,"column":35}},"81":{"start":{"line":82,"column":0},"end":{"line":82,"column":12}},"82":{"start":{"line":83,"column":0},"end":{"line":83,"column":81}},"83":{"start":{"line":84,"column":0},"end":{"line":84,"column":5}},"84":{"start":{"line":85,"column":0},"end":{"line":85,"column":5}},"85":{"start":{"line":86,"column":0},"end":{"line":86,"column":0}},"86":{"start":{"line":87,"column":0},"end":{"line":87,"column":64}},"87":{"start":{"line":88,"column":0},"end":{"line":88,"column":1}},"88":{"start":{"line":89,"column":0},"end":{"line":89,"column":0}},"89":{"start":{"line":90,"column":0},"end":{"line":90,"column":0}},"90":{"start":{"line":91,"column":0},"end":{"line":91,"column":0}},"91":{"start":{"line":92,"column":0},"end":{"line":92,"column":0}},"92":{"start":{"line":93,"column":0},"end":{"line":93,"column":0}},"93":{"start":{"line":94,"column":0},"end":{"line":94,"column":3}},"94":{"start":{"line":95,"column":0},"end":{"line":95,"column":73}},"95":{"start":{"line":96,"column":0},"end":{"line":96,"column":3}},"96":{"start":{"line":97,"column":0},"end":{"line":97,"column":64}},"97":{"start":{"line":98,"column":0},"end":{"line":98,"column":64}},"98":{"start":{"line":99,"column":0},"end":{"line":99,"column":0}},"99":{"start":{"line":100,"column":0},"end":{"line":100,"column":52}},"100":{"start":{"line":101,"column":0},"end":{"line":101,"column":18}},"101":{"start":{"line":102,"column":0},"end":{"line":102,"column":74}},"102":{"start":{"line":103,"column":0},"end":{"line":103,"column":11}},"103":{"start":{"line":104,"column":0},"end":{"line":104,"column":3}},"104":{"start":{"line":105,"column":0},"end":{"line":105,"column":0}},"105":{"start":{"line":106,"column":0},"end":{"line":106,"column":45}},"106":{"start":{"line":107,"column":0},"end":{"line":107,"column":66}},"107":{"start":{"line":108,"column":0},"end":{"line":108,"column":17}},"108":{"start":{"line":109,"column":0},"end":{"line":109,"column":5}},"109":{"start":{"line":110,"column":0},"end":{"line":110,"column":0}},"110":{"start":{"line":111,"column":0},"end":{"line":111,"column":62}},"111":{"start":{"line":112,"column":0},"end":{"line":112,"column":1}},"112":{"start":{"line":113,"column":0},"end":{"line":113,"column":0}},"113":{"start":{"line":114,"column":0},"end":{"line":114,"column":3}},"114":{"start":{"line":115,"column":0},"end":{"line":115,"column":55}},"115":{"start":{"line":116,"column":0},"end":{"line":116,"column":3}},"116":{"start":{"line":117,"column":0},"end":{"line":117,"column":56}},"117":{"start":{"line":118,"column":0},"end":{"line":118,"column":57}},"118":{"start":{"line":119,"column":0},"end":{"line":119,"column":0}},"119":{"start":{"line":120,"column":0},"end":{"line":120,"column":49}},"120":{"start":{"line":121,"column":0},"end":{"line":121,"column":15}},"121":{"start":{"line":122,"column":0},"end":{"line":122,"column":73}},"122":{"start":{"line":123,"column":0},"end":{"line":123,"column":11}},"123":{"start":{"line":124,"column":0},"end":{"line":124,"column":3}},"124":{"start":{"line":125,"column":0},"end":{"line":125,"column":0}},"125":{"start":{"line":126,"column":0},"end":{"line":126,"column":41}},"126":{"start":{"line":127,"column":0},"end":{"line":127,"column":61}},"127":{"start":{"line":128,"column":0},"end":{"line":128,"column":17}},"128":{"start":{"line":129,"column":0},"end":{"line":129,"column":5}},"129":{"start":{"line":130,"column":0},"end":{"line":130,"column":0}},"130":{"start":{"line":131,"column":0},"end":{"line":131,"column":55}},"131":{"start":{"line":132,"column":0},"end":{"line":132,"column":1}},"132":{"start":{"line":133,"column":0},"end":{"line":133,"column":0}},"133":{"start":{"line":134,"column":0},"end":{"line":134,"column":0}},"134":{"start":{"line":135,"column":0},"end":{"line":135,"column":3}},"135":{"start":{"line":136,"column":0},"end":{"line":136,"column":59}},"136":{"start":{"line":137,"column":0},"end":{"line":137,"column":3}},"137":{"start":{"line":138,"column":0},"end":{"line":138,"column":58}},"138":{"start":{"line":139,"column":0},"end":{"line":139,"column":58}},"139":{"start":{"line":140,"column":0},"end":{"line":140,"column":0}},"140":{"start":{"line":141,"column":0},"end":{"line":141,"column":52}},"141":{"start":{"line":142,"column":0},"end":{"line":142,"column":18}},"142":{"start":{"line":143,"column":0},"end":{"line":143,"column":76}},"143":{"start":{"line":144,"column":0},"end":{"line":144,"column":11}},"144":{"start":{"line":145,"column":0},"end":{"line":145,"column":3}},"145":{"start":{"line":146,"column":0},"end":{"line":146,"column":0}},"146":{"start":{"line":147,"column":0},"end":{"line":147,"column":45}},"147":{"start":{"line":148,"column":0},"end":{"line":148,"column":65}},"148":{"start":{"line":149,"column":0},"end":{"line":149,"column":17}},"149":{"start":{"line":150,"column":0},"end":{"line":150,"column":5}},"150":{"start":{"line":151,"column":0},"end":{"line":151,"column":0}},"151":{"start":{"line":152,"column":0},"end":{"line":152,"column":56}},"152":{"start":{"line":153,"column":0},"end":{"line":153,"column":1}}},"s":{"0":1,"1":1,"2":1,"3":1,"4":1,"5":1,"6":1,"7":1,"8":1,"9":1,"10":7,"11":7,"12":7,"13":7,"14":3,"15":3,"16":3,"17":4,"18":4,"19":4,"20":4,"21":4,"22":4,"23":4,"24":4,"25":4,"26":4,"27":7,"28":1,"29":1,"30":1,"31":3,"32":3,"33":3,"34":5,"35":5,"36":5,"37":5,"38":5,"39":5,"40":5,"41":3,"42":3,"43":3,"44":3,"45":3,"46":7,"47":1,"48":1,"49":5,"50":1,"51":1,"52":1,"53":1,"54":1,"55":1,"56":3,"57":3,"58":3,"59":1,"60":1,"61":1,"62":1,"63":1,"64":1,"65":4,"66":4,"67":4,"68":4,"69":2,"70":2,"71":2,"72":2,"73":2,"74":2,"75":2,"76":2,"77":2,"78":2,"79":1,"80":1,"81":1,"82":1,"83":1,"84":2,"85":2,"86":2,"87":2,"88":1,"89":1,"90":1,"91":1,"92":1,"93":1,"94":1,"95":1,"96":1,"97":4,"98":4,"99":4,"100":4,"101":3,"102":3,"103":3,"104":1,"105":1,"106":1,"107":1,"108":1,"109":1,"110":1,"111":1,"112":1,"113":1,"114":1,"115":1,"116":1,"117":4,"118":4,"119":4,"120":4,"121":3,"122":3,"123":3,"124":1,"125":1,"126":1,"127":1,"128":1,"129":1,"130":1,"131":1,"132":1,"133":1,"134":1,"135":1,"136":1,"137":1,"138":3,"139":3,"140":3,"141":3,"142":1,"143":1,"144":1,"145":2,"146":2,"147":2,"148":2,"149":2,"150":2,"151":2,"152":2},"branchMap":{"0":{"type":"branch","line":10,"loc":{"start":{"line":10,"column":7},"end":{"line":59,"column":1}},"locations":[{"start":{"line":10,"column":7},"end":{"line":59,"column":1}}]},"1":{"type":"branch","line":14,"loc":{"start":{"line":14,"column":17},"end":{"line":17,"column":3}},"locations":[{"start":{"line":14,"column":17},"end":{"line":17,"column":3}}]},"2":{"type":"branch","line":17,"loc":{"start":{"line":17,"column":2},"end":{"line":28,"column":47}},"locations":[{"start":{"line":17,"column":2},"end":{"line":28,"column":47}}]},"3":{"type":"branch","line":17,"loc":{"start":{"line":17,"column":2},"end":{"line":28,"column":16}},"locations":[{"start":{"line":17,"column":2},"end":{"line":28,"column":16}}]},"4":{"type":"branch","line":28,"loc":{"start":{"line":28,"column":16},"end":{"line":28,"column":47}},"locations":[{"start":{"line":28,"column":16},"end":{"line":28,"column":47}}]},"5":{"type":"branch","line":28,"loc":{"start":{"line":28,"column":48},"end":{"line":28,"column":80}},"locations":[{"start":{"line":28,"column":48},"end":{"line":28,"column":80}}]},"6":{"type":"branch","line":28,"loc":{"start":{"line":28,"column":82},"end":{"line":47,"column":38}},"locations":[{"start":{"line":28,"column":82},"end":{"line":47,"column":38}}]},"7":{"type":"branch","line":28,"loc":{"start":{"line":28,"column":82},"end":{"line":31,"column":3}},"locations":[{"start":{"line":28,"column":82},"end":{"line":31,"column":3}}]},"8":{"type":"branch","line":31,"loc":{"start":{"line":31,"column":2},"end":{"line":35,"column":61}},"locations":[{"start":{"line":31,"column":2},"end":{"line":35,"column":61}}]},"9":{"type":"branch","line":41,"loc":{"start":{"line":41,"column":2},"end":{"line":47,"column":16}},"locations":[{"start":{"line":41,"column":2},"end":{"line":47,"column":16}}]},"10":{"type":"branch","line":47,"loc":{"start":{"line":47,"column":16},"end":{"line":47,"column":38}},"locations":[{"start":{"line":47,"column":16},"end":{"line":47,"column":38}}]},"11":{"type":"branch","line":47,"loc":{"start":{"line":47,"column":40},"end":{"line":59,"column":1}},"locations":[{"start":{"line":47,"column":40},"end":{"line":59,"column":1}}]},"12":{"type":"branch","line":47,"loc":{"start":{"line":47,"column":40},"end":{"line":50,"column":3}},"locations":[{"start":{"line":47,"column":40},"end":{"line":50,"column":3}}]},"13":{"type":"branch","line":50,"loc":{"start":{"line":50,"column":3},"end":{"line":56,"column":3}},"locations":[{"start":{"line":50,"column":3},"end":{"line":56,"column":3}}]},"14":{"type":"branch","line":50,"loc":{"start":{"line":50,"column":29},"end":{"line":50,"column":57}},"locations":[{"start":{"line":50,"column":29},"end":{"line":50,"column":57}}]},"15":{"type":"branch","line":50,"loc":{"start":{"line":50,"column":59},"end":{"line":56,"column":3}},"locations":[{"start":{"line":50,"column":59},"end":{"line":56,"column":3}}]},"16":{"type":"branch","line":56,"loc":{"start":{"line":56,"column":2},"end":{"line":59,"column":1}},"locations":[{"start":{"line":56,"column":2},"end":{"line":59,"column":1}}]},"17":{"type":"branch","line":65,"loc":{"start":{"line":65,"column":7},"end":{"line":88,"column":1}},"locations":[{"start":{"line":65,"column":7},"end":{"line":88,"column":1}}]},"18":{"type":"branch","line":69,"loc":{"start":{"line":69,"column":17},"end":{"line":88,"column":1}},"locations":[{"start":{"line":69,"column":17},"end":{"line":88,"column":1}}]},"19":{"type":"branch","line":75,"loc":{"start":{"line":75,"column":38},"end":{"line":85,"column":3}},"locations":[{"start":{"line":75,"column":38},"end":{"line":85,"column":3}}]},"20":{"type":"branch","line":79,"loc":{"start":{"line":79,"column":40},"end":{"line":84,"column":5}},"locations":[{"start":{"line":79,"column":40},"end":{"line":84,"column":5}}]},"21":{"type":"branch","line":97,"loc":{"start":{"line":97,"column":7},"end":{"line":112,"column":1}},"locations":[{"start":{"line":97,"column":7},"end":{"line":112,"column":1}}]},"22":{"type":"branch","line":101,"loc":{"start":{"line":101,"column":17},"end":{"line":112,"column":1}},"locations":[{"start":{"line":101,"column":17},"end":{"line":112,"column":1}}]},"23":{"type":"branch","line":104,"loc":{"start":{"line":104,"column":2},"end":{"line":112,"column":1}},"locations":[{"start":{"line":104,"column":2},"end":{"line":112,"column":1}}]},"24":{"type":"branch","line":106,"loc":{"start":{"line":106,"column":38},"end":{"line":109,"column":3}},"locations":[{"start":{"line":106,"column":38},"end":{"line":109,"column":3}}]},"25":{"type":"branch","line":117,"loc":{"start":{"line":117,"column":7},"end":{"line":132,"column":1}},"locations":[{"start":{"line":117,"column":7},"end":{"line":132,"column":1}}]},"26":{"type":"branch","line":121,"loc":{"start":{"line":121,"column":14},"end":{"line":132,"column":1}},"locations":[{"start":{"line":121,"column":14},"end":{"line":132,"column":1}}]},"27":{"type":"branch","line":124,"loc":{"start":{"line":124,"column":2},"end":{"line":132,"column":1}},"locations":[{"start":{"line":124,"column":2},"end":{"line":132,"column":1}}]},"28":{"type":"branch","line":126,"loc":{"start":{"line":126,"column":34},"end":{"line":129,"column":3}},"locations":[{"start":{"line":126,"column":34},"end":{"line":129,"column":3}}]},"29":{"type":"branch","line":138,"loc":{"start":{"line":138,"column":7},"end":{"line":153,"column":1}},"locations":[{"start":{"line":138,"column":7},"end":{"line":153,"column":1}}]},"30":{"type":"branch","line":142,"loc":{"start":{"line":142,"column":17},"end":{"line":145,"column":3}},"locations":[{"start":{"line":142,"column":17},"end":{"line":145,"column":3}}]},"31":{"type":"branch","line":145,"loc":{"start":{"line":145,"column":2},"end":{"line":153,"column":1}},"locations":[{"start":{"line":145,"column":2},"end":{"line":153,"column":1}}]},"32":{"type":"branch","line":147,"loc":{"start":{"line":147,"column":38},"end":{"line":150,"column":3}},"locations":[{"start":{"line":147,"column":38},"end":{"line":150,"column":3}}]}},"b":{"0":[7],"1":[3],"2":[5],"3":[4],"4":[3],"5":[3],"6":[5],"7":[1],"8":[3],"9":[3],"10":[1],"11":[5],"12":[1],"13":[2],"14":[1],"15":[1],"16":[3],"17":[4],"18":[2],"19":[2],"20":[1],"21":[4],"22":[3],"23":[1],"24":[1],"25":[4],"26":[3],"27":[1],"28":[1],"29":[3],"30":[1],"31":[2],"32":[2]},"fnMap":{"0":{"name":"setupGameDropdown","decl":{"start":{"line":10,"column":7},"end":{"line":59,"column":1}},"loc":{"start":{"line":10,"column":7},"end":{"line":59,"column":1}},"line":10},"1":{"name":"wireGameSelectListener","decl":{"start":{"line":65,"column":7},"end":{"line":88,"column":1}},"loc":{"start":{"line":65,"column":7},"end":{"line":88,"column":1}},"line":65},"2":{"name":"wireRecipeTypeFilter","decl":{"start":{"line":97,"column":7},"end":{"line":112,"column":1}},"loc":{"start":{"line":97,"column":7},"end":{"line":112,"column":1}},"line":97},"3":{"name":"wireSearchBox","decl":{"start":{"line":117,"column":7},"end":{"line":132,"column":1}},"loc":{"start":{"line":117,"column":7},"end":{"line":132,"column":1}},"line":117},"4":{"name":"wireSortSelect","decl":{"start":{"line":138,"column":7},"end":{"line":153,"column":1}},"loc":{"start":{"line":138,"column":7},"end":{"line":153,"column":1}},"line":138}},"f":{"0":7,"1":4,"2":4,"3":4,"4":3}}
,"C:\\Users\\Autumn\\Downloads\\breathedge-crafting-companion-2\\beta\\CraftingCompanion\\src\\state\\appState.js": {"path":"C:\\Users\\Autumn\\Downloads\\breathedge-crafting-companion-2\\beta\\CraftingCompanion\\src\\state\\appState.js","all":false,"statementMap":{"0":{"start":{"line":1,"column":0},"end":{"line":1,"column":25}},"1":{"start":{"line":2,"column":0},"end":{"line":2,"column":0}},"2":{"start":{"line":3,"column":0},"end":{"line":3,"column":0}},"3":{"start":{"line":4,"column":0},"end":{"line":4,"column":30}},"4":{"start":{"line":5,"column":0},"end":{"line":5,"column":29}},"5":{"start":{"line":6,"column":0},"end":{"line":6,"column":19}},"6":{"start":{"line":7,"column":0},"end":{"line":7,"column":15}},"7":{"start":{"line":8,"column":0},"end":{"line":8,"column":22}},"8":{"start":{"line":9,"column":0},"end":{"line":9,"column":19}},"9":{"start":{"line":10,"column":0},"end":{"line":10,"column":17}},"10":{"start":{"line":11,"column":0},"end":{"line":11,"column":18}},"11":{"start":{"line":12,"column":0},"end":{"line":12,"column":26}},"12":{"start":{"line":13,"column":0},"end":{"line":13,"column":18}},"13":{"start":{"line":14,"column":0},"end":{"line":14,"column":26}},"14":{"start":{"line":15,"column":0},"end":{"line":15,"column":6}},"15":{"start":{"line":16,"column":0},"end":{"line":16,"column":0}},"16":{"start":{"line":17,"column":0},"end":{"line":17,"column":7}},"17":{"start":{"line":18,"column":0},"end":{"line":18,"column":50}},"18":{"start":{"line":19,"column":0},"end":{"line":19,"column":66}},"19":{"start":{"line":20,"column":0},"end":{"line":20,"column":7}},"20":{"start":{"line":21,"column":0},"end":{"line":21,"column":37}},"21":{"start":{"line":22,"column":0},"end":{"line":22,"column":67}},"22":{"start":{"line":23,"column":0},"end":{"line":23,"column":0}},"23":{"start":{"line":24,"column":0},"end":{"line":24,"column":29}},"24":{"start":{"line":25,"column":0},"end":{"line":25,"column":25}},"25":{"start":{"line":26,"column":0},"end":{"line":26,"column":32}},"26":{"start":{"line":27,"column":0},"end":{"line":27,"column":29}},"27":{"start":{"line":28,"column":0},"end":{"line":28,"column":27}},"28":{"start":{"line":29,"column":0},"end":{"line":29,"column":28}},"29":{"start":{"line":30,"column":0},"end":{"line":30,"column":36}},"30":{"start":{"line":31,"column":0},"end":{"line":31,"column":28}},"31":{"start":{"line":32,"column":0},"end":{"line":32,"column":37}},"32":{"start":{"line":33,"column":0},"end":{"line":33,"column":0}},"33":{"start":{"line":34,"column":0},"end":{"line":34,"column":72}},"34":{"start":{"line":35,"column":0},"end":{"line":35,"column":5}}},"s":{"0":1,"1":1,"2":1,"3":1,"4":1,"5":1,"6":1,"7":1,"8":1,"9":1,"10":1,"11":1,"12":1,"13":1,"14":1,"15":1,"16":1,"17":1,"18":1,"19":1,"20":1,"21":57,"22":57,"23":57,"24":57,"25":57,"26":57,"27":57,"28":57,"29":57,"30":57,"31":57,"32":57,"33":57,"34":57},"branchMap":{"0":{"type":"branch","line":21,"loc":{"start":{"line":21,"column":11},"end":{"line":35,"column":5}},"locations":[{"start":{"line":21,"column":11},"end":{"line":35,"column":5}}]}},"b":{"0":[57]},"fnMap":{"0":{"name":"resetAppState","decl":{"start":{"line":21,"column":11},"end":{"line":35,"column":5}},"loc":{"start":{"line":21,"column":11},"end":{"line":35,"column":5}},"line":21}},"f":{"0":57}}
}
