{"C:\\Users\\Autumn\\Desktop\\breathedge-clean\\src\\scripts\\game-loader.js": {"path":"C:\\Users\\Autumn\\Desktop\\breathedge-clean\\src\\scripts\\game-loader.js","all":false,"statementMap":{"0":{"start":{"line":1,"column":0},"end":{"line":1,"column":65}},"1":{"start":{"line":2,"column":0},"end":{"line":2,"column":50}},"2":{"start":{"line":3,"column":0},"end":{"line":3,"column":91}},"3":{"start":{"line":4,"column":0},"end":{"line":4,"column":65}},"4":{"start":{"line":5,"column":0},"end":{"line":5,"column":52}},"6":{"start":{"line":7,"column":0},"end":{"line":7,"column":20}},"7":{"start":{"line":8,"column":0},"end":{"line":8,"column":23}},"8":{"start":{"line":9,"column":0},"end":{"line":9,"column":13}},"9":{"start":{"line":10,"column":0},"end":{"line":10,"column":52}},"10":{"start":{"line":11,"column":0},"end":{"line":11,"column":61}},"11":{"start":{"line":12,"column":0},"end":{"line":12,"column":46}},"12":{"start":{"line":13,"column":0},"end":{"line":13,"column":49}},"13":{"start":{"line":14,"column":0},"end":{"line":14,"column":4}},"14":{"start":{"line":15,"column":0},"end":{"line":15,"column":2}},"16":{"start":{"line":17,"column":0},"end":{"line":17,"column":33}},"17":{"start":{"line":18,"column":0},"end":{"line":18,"column":64}},"18":{"start":{"line":19,"column":0},"end":{"line":19,"column":42}},"19":{"start":{"line":20,"column":0},"end":{"line":20,"column":62}},"20":{"start":{"line":21,"column":0},"end":{"line":21,"column":26}},"21":{"start":{"line":22,"column":0},"end":{"line":22,"column":11}},"22":{"start":{"line":23,"column":0},"end":{"line":23,"column":3}},"24":{"start":{"line":25,"column":0},"end":{"line":25,"column":7}},"25":{"start":{"line":26,"column":0},"end":{"line":26,"column":58}},"26":{"start":{"line":27,"column":0},"end":{"line":27,"column":16}},"27":{"start":{"line":28,"column":0},"end":{"line":28,"column":44}},"28":{"start":{"line":29,"column":0},"end":{"line":29,"column":34}},"29":{"start":{"line":30,"column":0},"end":{"line":30,"column":30}},"30":{"start":{"line":31,"column":0},"end":{"line":31,"column":38}},"31":{"start":{"line":32,"column":0},"end":{"line":32,"column":5}},"33":{"start":{"line":34,"column":0},"end":{"line":34,"column":21}},"34":{"start":{"line":35,"column":0},"end":{"line":35,"column":26}},"35":{"start":{"line":36,"column":0},"end":{"line":36,"column":68}},"36":{"start":{"line":37,"column":0},"end":{"line":37,"column":17}},"37":{"start":{"line":38,"column":0},"end":{"line":38,"column":75}},"38":{"start":{"line":39,"column":0},"end":{"line":39,"column":47}},"39":{"start":{"line":40,"column":0},"end":{"line":40,"column":3}},"40":{"start":{"line":41,"column":0},"end":{"line":41,"column":1}},"42":{"start":{"line":43,"column":0},"end":{"line":43,"column":40}},"43":{"start":{"line":44,"column":0},"end":{"line":44,"column":65}},"44":{"start":{"line":45,"column":0},"end":{"line":45,"column":100}},"45":{"start":{"line":46,"column":0},"end":{"line":46,"column":19}},"46":{"start":{"line":47,"column":0},"end":{"line":47,"column":70}},"47":{"start":{"line":48,"column":0},"end":{"line":48,"column":34}},"48":{"start":{"line":49,"column":0},"end":{"line":49,"column":11}},"49":{"start":{"line":50,"column":0},"end":{"line":50,"column":3}},"51":{"start":{"line":52,"column":0},"end":{"line":52,"column":7}},"52":{"start":{"line":53,"column":0},"end":{"line":53,"column":82}},"53":{"start":{"line":54,"column":0},"end":{"line":54,"column":34}},"54":{"start":{"line":55,"column":0},"end":{"line":55,"column":72}},"56":{"start":{"line":57,"column":0},"end":{"line":57,"column":43}},"57":{"start":{"line":58,"column":0},"end":{"line":58,"column":33}},"58":{"start":{"line":59,"column":0},"end":{"line":59,"column":68}},"59":{"start":{"line":60,"column":0},"end":{"line":60,"column":17}},"60":{"start":{"line":61,"column":0},"end":{"line":61,"column":76}},"61":{"start":{"line":62,"column":0},"end":{"line":62,"column":9}},"62":{"start":{"line":63,"column":0},"end":{"line":63,"column":58}},"63":{"start":{"line":64,"column":0},"end":{"line":64,"column":19}},"64":{"start":{"line":65,"column":0},"end":{"line":65,"column":47}},"65":{"start":{"line":66,"column":0},"end":{"line":66,"column":37}},"66":{"start":{"line":67,"column":0},"end":{"line":67,"column":74}},"67":{"start":{"line":68,"column":0},"end":{"line":68,"column":14}},"68":{"start":{"line":69,"column":0},"end":{"line":69,"column":38}},"69":{"start":{"line":70,"column":0},"end":{"line":70,"column":7}},"70":{"start":{"line":71,"column":0},"end":{"line":71,"column":27}},"71":{"start":{"line":72,"column":0},"end":{"line":72,"column":72}},"72":{"start":{"line":73,"column":0},"end":{"line":73,"column":36}},"73":{"start":{"line":74,"column":0},"end":{"line":74,"column":5}},"74":{"start":{"line":75,"column":0},"end":{"line":75,"column":3}},"75":{"start":{"line":76,"column":0},"end":{"line":76,"column":1}},"77":{"start":{"line":78,"column":0},"end":{"line":78,"column":81}},"78":{"start":{"line":79,"column":0},"end":{"line":79,"column":62}},"79":{"start":{"line":80,"column":0},"end":{"line":80,"column":7}},"80":{"start":{"line":81,"column":0},"end":{"line":81,"column":34}},"81":{"start":{"line":82,"column":0},"end":{"line":82,"column":75}},"82":{"start":{"line":83,"column":0},"end":{"line":83,"column":34}},"84":{"start":{"line":85,"column":0},"end":{"line":85,"column":47}},"85":{"start":{"line":86,"column":0},"end":{"line":86,"column":46}},"86":{"start":{"line":87,"column":0},"end":{"line":87,"column":59}},"87":{"start":{"line":88,"column":0},"end":{"line":88,"column":13}},"89":{"start":{"line":90,"column":0},"end":{"line":90,"column":97}},"90":{"start":{"line":91,"column":0},"end":{"line":91,"column":26}},"91":{"start":{"line":92,"column":0},"end":{"line":92,"column":17}},"92":{"start":{"line":93,"column":0},"end":{"line":93,"column":64}},"93":{"start":{"line":94,"column":0},"end":{"line":94,"column":14}},"94":{"start":{"line":95,"column":0},"end":{"line":95,"column":3}},"95":{"start":{"line":96,"column":0},"end":{"line":96,"column":1}},"97":{"start":{"line":98,"column":0},"end":{"line":98,"column":46}},"98":{"start":{"line":99,"column":0},"end":{"line":99,"column":46}},"99":{"start":{"line":100,"column":0},"end":{"line":100,"column":62}},"100":{"start":{"line":101,"column":0},"end":{"line":101,"column":3}},"101":{"start":{"line":102,"column":0},"end":{"line":102,"column":64}},"102":{"start":{"line":103,"column":0},"end":{"line":103,"column":78}},"104":{"start":{"line":105,"column":0},"end":{"line":105,"column":7}},"105":{"start":{"line":106,"column":0},"end":{"line":106,"column":34}},"106":{"start":{"line":107,"column":0},"end":{"line":107,"column":72}},"107":{"start":{"line":108,"column":0},"end":{"line":108,"column":36}},"108":{"start":{"line":109,"column":0},"end":{"line":109,"column":78}},"109":{"start":{"line":110,"column":0},"end":{"line":110,"column":18}},"110":{"start":{"line":111,"column":0},"end":{"line":111,"column":17}},"111":{"start":{"line":112,"column":0},"end":{"line":112,"column":96}},"112":{"start":{"line":113,"column":0},"end":{"line":113,"column":14}},"113":{"start":{"line":114,"column":0},"end":{"line":114,"column":3}},"114":{"start":{"line":115,"column":0},"end":{"line":115,"column":1}},"116":{"start":{"line":117,"column":0},"end":{"line":117,"column":41}},"117":{"start":{"line":118,"column":0},"end":{"line":118,"column":60}},"118":{"start":{"line":119,"column":0},"end":{"line":119,"column":32}},"119":{"start":{"line":120,"column":0},"end":{"line":120,"column":71}},"120":{"start":{"line":121,"column":0},"end":{"line":121,"column":32}},"121":{"start":{"line":122,"column":0},"end":{"line":122,"column":94}},"122":{"start":{"line":123,"column":0},"end":{"line":123,"column":14}},"123":{"start":{"line":124,"column":0},"end":{"line":124,"column":1}},"125":{"start":{"line":126,"column":0},"end":{"line":126,"column":45}},"126":{"start":{"line":127,"column":0},"end":{"line":127,"column":65}},"127":{"start":{"line":128,"column":0},"end":{"line":128,"column":32}},"128":{"start":{"line":129,"column":0},"end":{"line":129,"column":76}},"129":{"start":{"line":130,"column":0},"end":{"line":130,"column":33}},"130":{"start":{"line":131,"column":0},"end":{"line":131,"column":100}},"131":{"start":{"line":132,"column":0},"end":{"line":132,"column":15}},"132":{"start":{"line":133,"column":0},"end":{"line":133,"column":1}},"134":{"start":{"line":135,"column":0},"end":{"line":135,"column":50}},"135":{"start":{"line":136,"column":0},"end":{"line":136,"column":85}},"136":{"start":{"line":137,"column":0},"end":{"line":137,"column":50}},"137":{"start":{"line":138,"column":0},"end":{"line":138,"column":66}},"138":{"start":{"line":139,"column":0},"end":{"line":139,"column":7}},"140":{"start":{"line":141,"column":0},"end":{"line":141,"column":22}},"141":{"start":{"line":142,"column":0},"end":{"line":142,"column":17}},"143":{"start":{"line":144,"column":0},"end":{"line":144,"column":11}},"144":{"start":{"line":145,"column":0},"end":{"line":145,"column":52}},"146":{"start":{"line":147,"column":0},"end":{"line":147,"column":41}},"147":{"start":{"line":148,"column":0},"end":{"line":148,"column":61}},"148":{"start":{"line":149,"column":0},"end":{"line":149,"column":40}},"150":{"start":{"line":151,"column":0},"end":{"line":151,"column":50}},"151":{"start":{"line":152,"column":0},"end":{"line":152,"column":65}},"152":{"start":{"line":153,"column":0},"end":{"line":153,"column":44}},"154":{"start":{"line":155,"column":0},"end":{"line":155,"column":38}},"155":{"start":{"line":156,"column":0},"end":{"line":156,"column":59}},"156":{"start":{"line":157,"column":0},"end":{"line":157,"column":38}},"158":{"start":{"line":159,"column":0},"end":{"line":159,"column":40}},"159":{"start":{"line":160,"column":0},"end":{"line":160,"column":60}},"160":{"start":{"line":161,"column":0},"end":{"line":161,"column":39}},"162":{"start":{"line":163,"column":0},"end":{"line":163,"column":53}},"163":{"start":{"line":164,"column":0},"end":{"line":164,"column":21}},"164":{"start":{"line":165,"column":0},"end":{"line":165,"column":26}},"165":{"start":{"line":166,"column":0},"end":{"line":166,"column":20}},"166":{"start":{"line":167,"column":0},"end":{"line":167,"column":21}},"167":{"start":{"line":168,"column":0},"end":{"line":168,"column":11}},"169":{"start":{"line":170,"column":0},"end":{"line":170,"column":26}},"170":{"start":{"line":171,"column":0},"end":{"line":171,"column":55}},"171":{"start":{"line":172,"column":0},"end":{"line":172,"column":34}},"172":{"start":{"line":173,"column":0},"end":{"line":173,"column":43}},"173":{"start":{"line":174,"column":0},"end":{"line":174,"column":31}},"174":{"start":{"line":175,"column":0},"end":{"line":175,"column":33}},"175":{"start":{"line":176,"column":0},"end":{"line":176,"column":11}},"177":{"start":{"line":178,"column":0},"end":{"line":178,"column":33}},"178":{"start":{"line":179,"column":0},"end":{"line":179,"column":29}},"179":{"start":{"line":180,"column":0},"end":{"line":180,"column":43}},"180":{"start":{"line":181,"column":0},"end":{"line":181,"column":33}},"181":{"start":{"line":182,"column":0},"end":{"line":182,"column":64}},"183":{"start":{"line":184,"column":0},"end":{"line":184,"column":19}},"184":{"start":{"line":185,"column":0},"end":{"line":185,"column":71}},"185":{"start":{"line":186,"column":0},"end":{"line":186,"column":10}},"186":{"start":{"line":187,"column":0},"end":{"line":187,"column":80}},"188":{"start":{"line":189,"column":0},"end":{"line":189,"column":69}},"189":{"start":{"line":190,"column":0},"end":{"line":190,"column":46}},"191":{"start":{"line":192,"column":0},"end":{"line":192,"column":61}},"192":{"start":{"line":193,"column":0},"end":{"line":193,"column":21}},"193":{"start":{"line":194,"column":0},"end":{"line":194,"column":23}},"195":{"start":{"line":196,"column":0},"end":{"line":196,"column":45}},"196":{"start":{"line":197,"column":0},"end":{"line":197,"column":21}},"197":{"start":{"line":198,"column":0},"end":{"line":198,"column":93}},"198":{"start":{"line":199,"column":0},"end":{"line":199,"column":52}},"199":{"start":{"line":200,"column":0},"end":{"line":200,"column":18}},"200":{"start":{"line":201,"column":0},"end":{"line":201,"column":7}},"201":{"start":{"line":202,"column":0},"end":{"line":202,"column":5}}},"s":{"0":1,"1":1,"2":1,"3":1,"4":1,"6":1,"7":1,"8":1,"9":1,"10":1,"11":1,"12":1,"13":1,"14":1,"16":1,"17":5,"18":5,"19":1,"20":1,"21":1,"22":1,"24":4,"25":4,"26":4,"27":4,"28":4,"29":4,"30":4,"31":4,"33":4,"34":4,"35":4,"36":5,"37":0,"38":0,"39":0,"40":5,"42":1,"43":6,"44":6,"45":6,"46":2,"47":2,"48":2,"49":2,"51":4,"52":6,"53":4,"54":5,"56":3,"57":2,"58":2,"59":2,"60":2,"61":2,"62":2,"63":1,"64":1,"65":1,"66":1,"67":2,"68":0,"69":0,"70":2,"71":1,"72":1,"73":1,"74":2,"75":6,"77":1,"78":3,"79":3,"80":3,"81":3,"82":2,"84":2,"85":2,"86":3,"87":3,"89":3,"90":3,"91":3,"92":1,"93":1,"94":1,"95":3,"97":1,"98":5,"99":1,"100":1,"101":4,"102":4,"104":4,"105":4,"106":5,"107":2,"108":2,"109":2,"110":2,"111":2,"112":2,"113":2,"114":5,"116":1,"117":4,"118":4,"119":3,"120":2,"121":2,"122":2,"123":2,"125":1,"126":3,"127":3,"128":3,"129":2,"130":2,"131":2,"132":2,"134":1,"135":3,"136":3,"137":1,"138":1,"140":2,"141":2,"143":2,"144":2,"146":2,"147":3,"148":3,"150":3,"151":3,"152":3,"154":3,"155":3,"156":3,"158":3,"159":3,"160":3,"162":3,"163":3,"164":3,"165":3,"166":3,"167":3,"169":3,"170":3,"171":3,"172":3,"173":3,"174":3,"175":3,"177":1,"178":1,"179":1,"180":1,"181":1,"183":1,"184":1,"185":1,"186":1,"188":1,"189":1,"191":1,"192":1,"193":1,"195":1,"196":1,"197":1,"198":1,"199":1,"200":1,"201":3},"branchMap":{"0":{"type":"branch","line":17,"loc":{"start":{"line":17,"column":7},"end":{"line":41,"column":1}},"locations":[{"start":{"line":17,"column":7},"end":{"line":41,"column":1}}]},"1":{"type":"branch","line":19,"loc":{"start":{"line":19,"column":12},"end":{"line":19,"column":39}},"locations":[{"start":{"line":19,"column":12},"end":{"line":19,"column":39}}]},"2":{"type":"branch","line":19,"loc":{"start":{"line":19,"column":41},"end":{"line":23,"column":3}},"locations":[{"start":{"line":19,"column":41},"end":{"line":23,"column":3}}]},"3":{"type":"branch","line":23,"loc":{"start":{"line":23,"column":2},"end":{"line":37,"column":4}},"locations":[{"start":{"line":23,"column":2},"end":{"line":37,"column":4}}]},"4":{"type":"branch","line":37,"loc":{"start":{"line":37,"column":4},"end":{"line":40,"column":3}},"locations":[{"start":{"line":37,"column":4},"end":{"line":40,"column":3}}]},"5":{"type":"branch","line":43,"loc":{"start":{"line":43,"column":7},"end":{"line":76,"column":1}},"locations":[{"start":{"line":43,"column":7},"end":{"line":76,"column":1}}]},"6":{"type":"branch","line":45,"loc":{"start":{"line":45,"column":63},"end":{"line":45,"column":99}},"locations":[{"start":{"line":45,"column":63},"end":{"line":45,"column":99}}]},"7":{"type":"branch","line":46,"loc":{"start":{"line":46,"column":18},"end":{"line":50,"column":3}},"locations":[{"start":{"line":46,"column":18},"end":{"line":50,"column":3}}]},"8":{"type":"branch","line":50,"loc":{"start":{"line":50,"column":2},"end":{"line":53,"column":41}},"locations":[{"start":{"line":50,"column":2},"end":{"line":53,"column":41}}]},"9":{"type":"branch","line":53,"loc":{"start":{"line":53,"column":43},"end":{"line":75,"column":3}},"locations":[{"start":{"line":53,"column":43},"end":{"line":75,"column":3}}]},"10":{"type":"branch","line":53,"loc":{"start":{"line":53,"column":43},"end":{"line":53,"column":82}},"locations":[{"start":{"line":53,"column":43},"end":{"line":53,"column":82}}]},"11":{"type":"branch","line":53,"loc":{"start":{"line":53,"column":81},"end":{"line":54,"column":34}},"locations":[{"start":{"line":53,"column":81},"end":{"line":54,"column":34}}]},"12":{"type":"branch","line":54,"loc":{"start":{"line":54,"column":33},"end":{"line":55,"column":17}},"locations":[{"start":{"line":54,"column":33},"end":{"line":55,"column":17}}]},"13":{"type":"branch","line":55,"loc":{"start":{"line":55,"column":17},"end":{"line":55,"column":72}},"locations":[{"start":{"line":55,"column":17},"end":{"line":55,"column":72}}]},"14":{"type":"branch","line":55,"loc":{"start":{"line":55,"column":71},"end":{"line":57,"column":43}},"locations":[{"start":{"line":55,"column":71},"end":{"line":57,"column":43}}]},"15":{"type":"branch","line":57,"loc":{"start":{"line":57,"column":42},"end":{"line":75,"column":3}},"locations":[{"start":{"line":57,"column":42},"end":{"line":75,"column":3}}]},"16":{"type":"branch","line":63,"loc":{"start":{"line":63,"column":57},"end":{"line":68,"column":7}},"locations":[{"start":{"line":63,"column":57},"end":{"line":68,"column":7}}]},"17":{"type":"branch","line":68,"loc":{"start":{"line":68,"column":7},"end":{"line":70,"column":7}},"locations":[{"start":{"line":68,"column":7},"end":{"line":70,"column":7}}]},"18":{"type":"branch","line":71,"loc":{"start":{"line":71,"column":6},"end":{"line":74,"column":5}},"locations":[{"start":{"line":71,"column":6},"end":{"line":74,"column":5}}]},"19":{"type":"branch","line":78,"loc":{"start":{"line":78,"column":7},"end":{"line":96,"column":1}},"locations":[{"start":{"line":78,"column":7},"end":{"line":96,"column":1}}]},"20":{"type":"branch","line":82,"loc":{"start":{"line":82,"column":17},"end":{"line":82,"column":75}},"locations":[{"start":{"line":82,"column":17},"end":{"line":82,"column":75}}]},"21":{"type":"branch","line":82,"loc":{"start":{"line":82,"column":74},"end":{"line":87,"column":6}},"locations":[{"start":{"line":82,"column":74},"end":{"line":87,"column":6}}]},"22":{"type":"branch","line":87,"loc":{"start":{"line":87,"column":6},"end":{"line":87,"column":59}},"locations":[{"start":{"line":87,"column":6},"end":{"line":87,"column":59}}]},"23":{"type":"branch","line":88,"loc":{"start":{"line":88,"column":6},"end":{"line":88,"column":12}},"locations":[{"start":{"line":88,"column":6},"end":{"line":88,"column":12}}]},"24":{"type":"branch","line":92,"loc":{"start":{"line":92,"column":4},"end":{"line":95,"column":3}},"locations":[{"start":{"line":92,"column":4},"end":{"line":95,"column":3}}]},"25":{"type":"branch","line":87,"loc":{"start":{"line":87,"column":36},"end":{"line":87,"column":57}},"locations":[{"start":{"line":87,"column":36},"end":{"line":87,"column":57}}]},"26":{"type":"branch","line":98,"loc":{"start":{"line":98,"column":7},"end":{"line":115,"column":1}},"locations":[{"start":{"line":98,"column":7},"end":{"line":115,"column":1}}]},"27":{"type":"branch","line":99,"loc":{"start":{"line":99,"column":14},"end":{"line":99,"column":43}},"locations":[{"start":{"line":99,"column":14},"end":{"line":99,"column":43}}]},"28":{"type":"branch","line":99,"loc":{"start":{"line":99,"column":45},"end":{"line":101,"column":3}},"locations":[{"start":{"line":99,"column":45},"end":{"line":101,"column":3}}]},"29":{"type":"branch","line":101,"loc":{"start":{"line":101,"column":2},"end":{"line":106,"column":34}},"locations":[{"start":{"line":101,"column":2},"end":{"line":106,"column":34}}]},"30":{"type":"branch","line":106,"loc":{"start":{"line":106,"column":33},"end":{"line":107,"column":17}},"locations":[{"start":{"line":106,"column":33},"end":{"line":107,"column":17}}]},"31":{"type":"branch","line":107,"loc":{"start":{"line":107,"column":17},"end":{"line":107,"column":72}},"locations":[{"start":{"line":107,"column":17},"end":{"line":107,"column":72}}]},"32":{"type":"branch","line":107,"loc":{"start":{"line":107,"column":71},"end":{"line":114,"column":3}},"locations":[{"start":{"line":107,"column":71},"end":{"line":114,"column":3}}]},"33":{"type":"branch","line":117,"loc":{"start":{"line":117,"column":7},"end":{"line":124,"column":1}},"locations":[{"start":{"line":117,"column":7},"end":{"line":124,"column":1}}]},"34":{"type":"branch","line":119,"loc":{"start":{"line":119,"column":31},"end":{"line":124,"column":1}},"locations":[{"start":{"line":119,"column":31},"end":{"line":124,"column":1}}]},"35":{"type":"branch","line":119,"loc":{"start":{"line":119,"column":31},"end":{"line":120,"column":15}},"locations":[{"start":{"line":119,"column":31},"end":{"line":120,"column":15}}]},"36":{"type":"branch","line":120,"loc":{"start":{"line":120,"column":15},"end":{"line":120,"column":71}},"locations":[{"start":{"line":120,"column":15},"end":{"line":120,"column":71}}]},"37":{"type":"branch","line":120,"loc":{"start":{"line":120,"column":70},"end":{"line":124,"column":1}},"locations":[{"start":{"line":120,"column":70},"end":{"line":124,"column":1}}]},"38":{"type":"branch","line":126,"loc":{"start":{"line":126,"column":7},"end":{"line":133,"column":1}},"locations":[{"start":{"line":126,"column":7},"end":{"line":133,"column":1}}]},"39":{"type":"branch","line":128,"loc":{"start":{"line":128,"column":31},"end":{"line":129,"column":15}},"locations":[{"start":{"line":128,"column":31},"end":{"line":129,"column":15}}]},"40":{"type":"branch","line":129,"loc":{"start":{"line":129,"column":15},"end":{"line":129,"column":76}},"locations":[{"start":{"line":129,"column":15},"end":{"line":129,"column":76}}]},"41":{"type":"branch","line":129,"loc":{"start":{"line":129,"column":75},"end":{"line":133,"column":1}},"locations":[{"start":{"line":129,"column":75},"end":{"line":133,"column":1}}]},"42":{"type":"branch","line":135,"loc":{"start":{"line":135,"column":11},"end":{"line":202,"column":5}},"locations":[{"start":{"line":135,"column":11},"end":{"line":202,"column":5}}]},"43":{"type":"branch","line":137,"loc":{"start":{"line":137,"column":18},"end":{"line":137,"column":47}},"locations":[{"start":{"line":137,"column":18},"end":{"line":137,"column":47}}]},"44":{"type":"branch","line":137,"loc":{"start":{"line":137,"column":49},"end":{"line":139,"column":7}},"locations":[{"start":{"line":137,"column":49},"end":{"line":139,"column":7}}]},"45":{"type":"branch","line":139,"loc":{"start":{"line":139,"column":6},"end":{"line":148,"column":10}},"locations":[{"start":{"line":139,"column":6},"end":{"line":148,"column":10}}]},"46":{"type":"branch","line":148,"loc":{"start":{"line":148,"column":10},"end":{"line":148,"column":61}},"locations":[{"start":{"line":148,"column":10},"end":{"line":148,"column":61}}]},"47":{"type":"branch","line":149,"loc":{"start":{"line":149,"column":10},"end":{"line":149,"column":39}},"locations":[{"start":{"line":149,"column":10},"end":{"line":149,"column":39}}]},"48":{"type":"branch","line":152,"loc":{"start":{"line":152,"column":10},"end":{"line":152,"column":65}},"locations":[{"start":{"line":152,"column":10},"end":{"line":152,"column":65}}]},"49":{"type":"branch","line":153,"loc":{"start":{"line":153,"column":10},"end":{"line":153,"column":43}},"locations":[{"start":{"line":153,"column":10},"end":{"line":153,"column":43}}]},"50":{"type":"branch","line":156,"loc":{"start":{"line":156,"column":10},"end":{"line":156,"column":59}},"locations":[{"start":{"line":156,"column":10},"end":{"line":156,"column":59}}]},"51":{"type":"branch","line":157,"loc":{"start":{"line":157,"column":10},"end":{"line":157,"column":37}},"locations":[{"start":{"line":157,"column":10},"end":{"line":157,"column":37}}]},"52":{"type":"branch","line":160,"loc":{"start":{"line":160,"column":10},"end":{"line":160,"column":60}},"locations":[{"start":{"line":160,"column":10},"end":{"line":160,"column":60}}]},"53":{"type":"branch","line":161,"loc":{"start":{"line":161,"column":10},"end":{"line":161,"column":38}},"locations":[{"start":{"line":161,"column":10},"end":{"line":161,"column":38}}]},"54":{"type":"branch","line":176,"loc":{"start":{"line":176,"column":10},"end":{"line":201,"column":7}},"locations":[{"start":{"line":176,"column":10},"end":{"line":201,"column":7}}]},"55":{"type":"branch","line":199,"loc":{"start":{"line":199,"column":37},"end":{"line":199,"column":51}},"locations":[{"start":{"line":199,"column":37},"end":{"line":199,"column":51}}]}},"b":{"0":[5],"1":[4],"2":[1],"3":[4],"4":[0],"5":[6],"6":[2],"7":[2],"8":[4],"9":[5],"10":[0],"11":[4],"12":[3],"13":[0],"14":[3],"15":[2],"16":[1],"17":[0],"18":[1],"19":[3],"20":[1],"21":[2],"22":[1],"23":[1],"24":[1],"25":[1],"26":[5],"27":[4],"28":[1],"29":[4],"30":[3],"31":[1],"32":[2],"33":[4],"34":[3],"35":[2],"36":[0],"37":[2],"38":[3],"39":[2],"40":[0],"41":[2],"42":[3],"43":[2],"44":[1],"45":[2],"46":[1],"47":[1],"48":[1],"49":[1],"50":[1],"51":[1],"52":[1],"53":[1],"54":[1],"55":[0]},"fnMap":{"0":{"name":"loadTheme","decl":{"start":{"line":17,"column":7},"end":{"line":41,"column":1}},"loc":{"start":{"line":17,"column":7},"end":{"line":41,"column":1}},"line":17},"1":{"name":"loadHeader","decl":{"start":{"line":43,"column":7},"end":{"line":76,"column":1}},"loc":{"start":{"line":43,"column":7},"end":{"line":76,"column":1}},"line":43},"2":{"name":"loadGameList","decl":{"start":{"line":78,"column":7},"end":{"line":96,"column":1}},"loc":{"start":{"line":78,"column":7},"end":{"line":96,"column":1}},"line":78},"3":{"name":"loadGameConfig","decl":{"start":{"line":98,"column":7},"end":{"line":115,"column":1}},"loc":{"start":{"line":98,"column":7},"end":{"line":115,"column":1}},"line":98},"4":{"name":"loadRecipes","decl":{"start":{"line":117,"column":7},"end":{"line":124,"column":1}},"loc":{"start":{"line":117,"column":7},"end":{"line":124,"column":1}},"line":117},"5":{"name":"loadRecipeTypes","decl":{"start":{"line":126,"column":7},"end":{"line":133,"column":1}},"loc":{"start":{"line":126,"column":7},"end":{"line":133,"column":1}},"line":126},"6":{"name":"loadGameAssets","decl":{"start":{"line":135,"column":11},"end":{"line":202,"column":5}},"loc":{"start":{"line":135,"column":11},"end":{"line":202,"column":5}},"line":135}},"f":{"0":5,"1":6,"2":3,"3":5,"4":4,"5":3,"6":3}}
,"C:\\Users\\Autumn\\Desktop\\breathedge-clean\\src\\scripts\\init.js": {"path":"C:\\Users\\Autumn\\Desktop\\breathedge-clean\\src\\scripts\\init.js","all":false,"statementMap":{"0":{"start":{"line":1,"column":0},"end":{"line":1,"column":54}},"1":{"start":{"line":2,"column":0},"end":{"line":2,"column":79}},"2":{"start":{"line":3,"column":0},"end":{"line":3,"column":62}},"3":{"start":{"line":4,"column":0},"end":{"line":4,"column":124}},"4":{"start":{"line":5,"column":0},"end":{"line":5,"column":91}},"5":{"start":{"line":6,"column":0},"end":{"line":6,"column":52}},"6":{"start":{"line":7,"column":0},"end":{"line":7,"column":57}},"7":{"start":{"line":8,"column":0},"end":{"line":8,"column":73}},"8":{"start":{"line":9,"column":0},"end":{"line":9,"column":65}},"10":{"start":{"line":11,"column":0},"end":{"line":11,"column":34}},"11":{"start":{"line":12,"column":0},"end":{"line":12,"column":56}},"12":{"start":{"line":13,"column":0},"end":{"line":13,"column":76}},"14":{"start":{"line":15,"column":0},"end":{"line":15,"column":11}},"15":{"start":{"line":16,"column":0},"end":{"line":16,"column":27}},"16":{"start":{"line":17,"column":0},"end":{"line":17,"column":34}},"17":{"start":{"line":18,"column":0},"end":{"line":18,"column":30}},"18":{"start":{"line":19,"column":0},"end":{"line":19,"column":38}},"20":{"start":{"line":21,"column":0},"end":{"line":21,"column":77}},"22":{"start":{"line":23,"column":0},"end":{"line":23,"column":53}},"23":{"start":{"line":24,"column":0},"end":{"line":24,"column":52}},"24":{"start":{"line":25,"column":0},"end":{"line":25,"column":48}},"25":{"start":{"line":26,"column":0},"end":{"line":26,"column":45}},"26":{"start":{"line":27,"column":0},"end":{"line":27,"column":84}},"27":{"start":{"line":28,"column":0},"end":{"line":28,"column":47}},"28":{"start":{"line":29,"column":0},"end":{"line":29,"column":57}},"29":{"start":{"line":30,"column":0},"end":{"line":30,"column":23}},"30":{"start":{"line":31,"column":0},"end":{"line":31,"column":33}},"31":{"start":{"line":32,"column":0},"end":{"line":32,"column":26}},"33":{"start":{"line":34,"column":0},"end":{"line":34,"column":9}},"35":{"start":{"line":36,"column":0},"end":{"line":36,"column":60}},"36":{"start":{"line":37,"column":0},"end":{"line":37,"column":59}},"38":{"start":{"line":39,"column":0},"end":{"line":39,"column":63}},"39":{"start":{"line":40,"column":0},"end":{"line":40,"column":68}},"41":{"start":{"line":42,"column":0},"end":{"line":42,"column":60}},"42":{"start":{"line":43,"column":0},"end":{"line":43,"column":38}},"43":{"start":{"line":44,"column":0},"end":{"line":44,"column":86}},"44":{"start":{"line":45,"column":0},"end":{"line":45,"column":16}},"45":{"start":{"line":46,"column":0},"end":{"line":46,"column":33}},"46":{"start":{"line":47,"column":0},"end":{"line":47,"column":81}},"47":{"start":{"line":48,"column":0},"end":{"line":48,"column":9}},"49":{"start":{"line":50,"column":0},"end":{"line":50,"column":30}},"50":{"start":{"line":51,"column":0},"end":{"line":51,"column":77}},"51":{"start":{"line":52,"column":0},"end":{"line":52,"column":48}},"52":{"start":{"line":53,"column":0},"end":{"line":53,"column":61}},"53":{"start":{"line":54,"column":0},"end":{"line":54,"column":88}},"54":{"start":{"line":55,"column":0},"end":{"line":55,"column":25}},"55":{"start":{"line":56,"column":0},"end":{"line":56,"column":23}},"56":{"start":{"line":57,"column":0},"end":{"line":57,"column":16}},"57":{"start":{"line":58,"column":0},"end":{"line":58,"column":81}},"58":{"start":{"line":59,"column":0},"end":{"line":59,"column":36}},"59":{"start":{"line":60,"column":0},"end":{"line":60,"column":9}},"61":{"start":{"line":62,"column":0},"end":{"line":62,"column":45}},"62":{"start":{"line":63,"column":0},"end":{"line":63,"column":47}},"63":{"start":{"line":64,"column":0},"end":{"line":64,"column":57}},"64":{"start":{"line":65,"column":0},"end":{"line":65,"column":37}},"65":{"start":{"line":66,"column":0},"end":{"line":66,"column":25}},"66":{"start":{"line":67,"column":0},"end":{"line":67,"column":18}},"67":{"start":{"line":68,"column":0},"end":{"line":68,"column":52}},"68":{"start":{"line":69,"column":0},"end":{"line":69,"column":38}},"69":{"start":{"line":70,"column":0},"end":{"line":70,"column":83}},"70":{"start":{"line":71,"column":0},"end":{"line":71,"column":64}},"71":{"start":{"line":72,"column":0},"end":{"line":72,"column":11}},"72":{"start":{"line":73,"column":0},"end":{"line":73,"column":9}},"73":{"start":{"line":74,"column":0},"end":{"line":74,"column":60}},"75":{"start":{"line":76,"column":0},"end":{"line":76,"column":96}},"76":{"start":{"line":77,"column":0},"end":{"line":77,"column":21}},"77":{"start":{"line":78,"column":0},"end":{"line":78,"column":91}},"78":{"start":{"line":79,"column":0},"end":{"line":79,"column":34}},"79":{"start":{"line":80,"column":0},"end":{"line":80,"column":7}},"80":{"start":{"line":81,"column":0},"end":{"line":81,"column":5}}},"s":{"0":1,"1":1,"2":1,"3":1,"4":1,"5":1,"6":1,"7":1,"8":1,"10":1,"11":3,"12":3,"14":3,"15":3,"16":3,"17":3,"18":3,"20":3,"22":3,"23":2,"24":2,"25":2,"26":2,"27":2,"28":2,"29":2,"30":2,"31":2,"33":2,"35":3,"36":3,"38":3,"39":3,"41":3,"42":2,"43":2,"44":3,"45":1,"46":1,"47":1,"49":3,"50":2,"51":2,"52":2,"53":2,"54":2,"55":2,"56":3,"57":1,"58":1,"59":1,"61":3,"62":1,"63":1,"64":1,"65":1,"66":1,"67":0,"68":0,"69":0,"70":0,"71":0,"72":1,"73":3,"75":3,"76":3,"77":0,"78":0,"79":0,"80":3},"branchMap":{"0":{"type":"branch","line":11,"loc":{"start":{"line":11,"column":11},"end":{"line":81,"column":5}},"locations":[{"start":{"line":11,"column":11},"end":{"line":81,"column":5}}]},"1":{"type":"branch","line":23,"loc":{"start":{"line":23,"column":52},"end":{"line":34,"column":9}},"locations":[{"start":{"line":23,"column":52},"end":{"line":34,"column":9}}]},"2":{"type":"branch","line":26,"loc":{"start":{"line":26,"column":39},"end":{"line":26,"column":44}},"locations":[{"start":{"line":26,"column":39},"end":{"line":26,"column":44}}]},"3":{"type":"branch","line":42,"loc":{"start":{"line":42,"column":22},"end":{"line":42,"column":57}},"locations":[{"start":{"line":42,"column":22},"end":{"line":42,"column":57}}]},"4":{"type":"branch","line":42,"loc":{"start":{"line":42,"column":59},"end":{"line":45,"column":9}},"locations":[{"start":{"line":42,"column":59},"end":{"line":45,"column":9}}]},"5":{"type":"branch","line":45,"loc":{"start":{"line":45,"column":9},"end":{"line":48,"column":9}},"locations":[{"start":{"line":45,"column":9},"end":{"line":48,"column":9}}]},"6":{"type":"branch","line":50,"loc":{"start":{"line":50,"column":29},"end":{"line":57,"column":9}},"locations":[{"start":{"line":50,"column":29},"end":{"line":57,"column":9}}]},"7":{"type":"branch","line":57,"loc":{"start":{"line":57,"column":9},"end":{"line":60,"column":9}},"locations":[{"start":{"line":57,"column":9},"end":{"line":60,"column":9}}]},"8":{"type":"branch","line":77,"loc":{"start":{"line":77,"column":8},"end":{"line":80,"column":7}},"locations":[{"start":{"line":77,"column":8},"end":{"line":80,"column":7}}]},"9":{"type":"branch","line":62,"loc":{"start":{"line":62,"column":8},"end":{"line":73,"column":9}},"locations":[{"start":{"line":62,"column":8},"end":{"line":73,"column":9}}]},"10":{"type":"branch","line":67,"loc":{"start":{"line":67,"column":11},"end":{"line":72,"column":11}},"locations":[{"start":{"line":67,"column":11},"end":{"line":72,"column":11}}]}},"b":{"0":[3],"1":[2],"2":[0],"3":[2],"4":[2],"5":[1],"6":[2],"7":[1],"8":[0],"9":[1],"10":[0]},"fnMap":{"0":{"name":"init","decl":{"start":{"line":11,"column":11},"end":{"line":81,"column":5}},"loc":{"start":{"line":11,"column":11},"end":{"line":81,"column":5}},"line":11},"1":{"name":"onGameSelect","decl":{"start":{"line":62,"column":8},"end":{"line":73,"column":9}},"loc":{"start":{"line":62,"column":8},"end":{"line":73,"column":9}},"line":62}},"f":{"0":3,"1":1}}
,"C:\\Users\\Autumn\\Desktop\\breathedge-clean\\src\\scripts\\main.js": {"path":"C:\\Users\\Autumn\\Desktop\\breathedge-clean\\src\\scripts\\main.js","all":false,"statementMap":{"0":{"start":{"line":1,"column":0},"end":{"line":1,"column":56}},"1":{"start":{"line":2,"column":0},"end":{"line":2,"column":44}},"2":{"start":{"line":3,"column":0},"end":{"line":3,"column":52}},"4":{"start":{"line":5,"column":0},"end":{"line":5,"column":33}},"5":{"start":{"line":6,"column":0},"end":{"line":6,"column":7}},"6":{"start":{"line":7,"column":0},"end":{"line":7,"column":17}},"7":{"start":{"line":8,"column":0},"end":{"line":8,"column":34}},"8":{"start":{"line":9,"column":0},"end":{"line":9,"column":19}},"9":{"start":{"line":10,"column":0},"end":{"line":10,"column":61}},"10":{"start":{"line":11,"column":0},"end":{"line":11,"column":3}},"11":{"start":{"line":12,"column":0},"end":{"line":12,"column":1}},"13":{"start":{"line":14,"column":0},"end":{"line":14,"column":10}}},"s":{"0":1,"1":1,"2":1,"4":1,"5":4,"6":4,"7":3,"8":4,"9":1,"10":1,"11":4,"13":1},"branchMap":{"0":{"type":"branch","line":5,"loc":{"start":{"line":5,"column":7},"end":{"line":12,"column":1}},"locations":[{"start":{"line":5,"column":7},"end":{"line":12,"column":1}}]},"1":{"type":"branch","line":7,"loc":{"start":{"line":7,"column":16},"end":{"line":9,"column":4}},"locations":[{"start":{"line":7,"column":16},"end":{"line":9,"column":4}}]},"2":{"type":"branch","line":9,"loc":{"start":{"line":9,"column":4},"end":{"line":11,"column":3}},"locations":[{"start":{"line":9,"column":4},"end":{"line":11,"column":3}}]}},"b":{"0":[4],"1":[3],"2":[1]},"fnMap":{"0":{"name":"runMain","decl":{"start":{"line":5,"column":7},"end":{"line":12,"column":1}},"loc":{"start":{"line":5,"column":7},"end":{"line":12,"column":1}},"line":5}},"f":{"0":4}}
,"C:\\Users\\Autumn\\Desktop\\breathedge-clean\\src\\scripts\\utils.js": {"path":"C:\\Users\\Autumn\\Desktop\\breathedge-clean\\src\\scripts\\utils.js","all":false,"statementMap":{"0":{"start":{"line":1,"column":0},"end":{"line":1,"column":50}},"1":{"start":{"line":2,"column":0},"end":{"line":2,"column":102}},"2":{"start":{"line":3,"column":0},"end":{"line":3,"column":95}},"3":{"start":{"line":4,"column":0},"end":{"line":4,"column":52}},"4":{"start":{"line":5,"column":0},"end":{"line":5,"column":65}},"5":{"start":{"line":6,"column":0},"end":{"line":6,"column":50}},"7":{"start":{"line":8,"column":0},"end":{"line":8,"column":3}},"8":{"start":{"line":9,"column":0},"end":{"line":9,"column":64}},"9":{"start":{"line":10,"column":0},"end":{"line":10,"column":3}},"10":{"start":{"line":11,"column":0},"end":{"line":11,"column":41}},"11":{"start":{"line":12,"column":0},"end":{"line":12,"column":58}},"12":{"start":{"line":13,"column":0},"end":{"line":13,"column":64}},"13":{"start":{"line":14,"column":0},"end":{"line":14,"column":78}},"14":{"start":{"line":15,"column":0},"end":{"line":15,"column":1}},"16":{"start":{"line":17,"column":0},"end":{"line":17,"column":3}},"17":{"start":{"line":18,"column":0},"end":{"line":18,"column":67}},"18":{"start":{"line":19,"column":0},"end":{"line":19,"column":3}},"20":{"start":{"line":21,"column":0},"end":{"line":21,"column":47}},"21":{"start":{"line":22,"column":0},"end":{"line":22,"column":74}},"23":{"start":{"line":24,"column":0},"end":{"line":24,"column":11}},"24":{"start":{"line":25,"column":0},"end":{"line":25,"column":43}},"25":{"start":{"line":26,"column":0},"end":{"line":26,"column":65}},"26":{"start":{"line":27,"column":0},"end":{"line":27,"column":61}},"27":{"start":{"line":28,"column":0},"end":{"line":28,"column":62}},"29":{"start":{"line":30,"column":0},"end":{"line":30,"column":66}},"30":{"start":{"line":31,"column":0},"end":{"line":31,"column":63}},"31":{"start":{"line":32,"column":0},"end":{"line":32,"column":63}},"33":{"start":{"line":34,"column":0},"end":{"line":34,"column":49}},"34":{"start":{"line":35,"column":0},"end":{"line":35,"column":67}},"35":{"start":{"line":36,"column":0},"end":{"line":36,"column":79}},"36":{"start":{"line":37,"column":0},"end":{"line":37,"column":108}},"38":{"start":{"line":39,"column":0},"end":{"line":39,"column":72}},"39":{"start":{"line":40,"column":0},"end":{"line":40,"column":95}},"40":{"start":{"line":41,"column":0},"end":{"line":41,"column":127}},"42":{"start":{"line":43,"column":0},"end":{"line":43,"column":41}},"43":{"start":{"line":44,"column":0},"end":{"line":44,"column":31}},"44":{"start":{"line":45,"column":0},"end":{"line":45,"column":89}},"45":{"start":{"line":46,"column":0},"end":{"line":46,"column":35}},"46":{"start":{"line":47,"column":0},"end":{"line":47,"column":49}},"48":{"start":{"line":49,"column":0},"end":{"line":49,"column":83}},"50":{"start":{"line":51,"column":0},"end":{"line":51,"column":41}},"51":{"start":{"line":52,"column":0},"end":{"line":52,"column":55}},"52":{"start":{"line":53,"column":0},"end":{"line":53,"column":19}},"53":{"start":{"line":54,"column":0},"end":{"line":54,"column":21}},"54":{"start":{"line":55,"column":0},"end":{"line":55,"column":23}},"56":{"start":{"line":57,"column":0},"end":{"line":57,"column":82}},"57":{"start":{"line":58,"column":0},"end":{"line":58,"column":21}},"58":{"start":{"line":59,"column":0},"end":{"line":59,"column":77}},"59":{"start":{"line":60,"column":0},"end":{"line":60,"column":7}},"60":{"start":{"line":61,"column":0},"end":{"line":61,"column":5}}},"s":{"0":1,"1":1,"2":1,"3":1,"4":1,"5":1,"7":1,"8":1,"9":1,"10":1,"11":3,"12":3,"13":3,"14":3,"16":1,"17":1,"18":1,"20":1,"21":3,"23":3,"24":3,"25":3,"26":3,"27":2,"29":2,"30":2,"31":2,"33":2,"34":2,"35":2,"36":3,"38":3,"39":3,"40":3,"42":3,"43":3,"44":3,"45":3,"46":3,"48":3,"50":3,"51":3,"52":3,"53":3,"54":3,"56":3,"57":3,"58":2,"59":2,"60":3},"branchMap":{"0":{"type":"branch","line":11,"loc":{"start":{"line":11,"column":7},"end":{"line":15,"column":1}},"locations":[{"start":{"line":11,"column":7},"end":{"line":15,"column":1}}]},"1":{"type":"branch","line":14,"loc":{"start":{"line":14,"column":15},"end":{"line":14,"column":64}},"locations":[{"start":{"line":14,"column":15},"end":{"line":14,"column":64}}]},"2":{"type":"branch","line":14,"loc":{"start":{"line":14,"column":65},"end":{"line":14,"column":77}},"locations":[{"start":{"line":14,"column":65},"end":{"line":14,"column":77}}]},"3":{"type":"branch","line":21,"loc":{"start":{"line":21,"column":11},"end":{"line":61,"column":5}},"locations":[{"start":{"line":21,"column":11},"end":{"line":61,"column":5}}]},"4":{"type":"branch","line":27,"loc":{"start":{"line":27,"column":60},"end":{"line":37,"column":102}},"locations":[{"start":{"line":27,"column":60},"end":{"line":37,"column":102}}]},"5":{"type":"branch","line":36,"loc":{"start":{"line":36,"column":78},"end":{"line":37,"column":102}},"locations":[{"start":{"line":36,"column":78},"end":{"line":37,"column":102}}]},"6":{"type":"branch","line":37,"loc":{"start":{"line":37,"column":103},"end":{"line":37,"column":106}},"locations":[{"start":{"line":37,"column":103},"end":{"line":37,"column":106}}]},"7":{"type":"branch","line":40,"loc":{"start":{"line":40,"column":94},"end":{"line":41,"column":121}},"locations":[{"start":{"line":40,"column":94},"end":{"line":41,"column":121}}]},"8":{"type":"branch","line":41,"loc":{"start":{"line":41,"column":122},"end":{"line":41,"column":125}},"locations":[{"start":{"line":41,"column":122},"end":{"line":41,"column":125}}]},"9":{"type":"branch","line":46,"loc":{"start":{"line":46,"column":29},"end":{"line":46,"column":34}},"locations":[{"start":{"line":46,"column":29},"end":{"line":46,"column":34}}]},"10":{"type":"branch","line":47,"loc":{"start":{"line":47,"column":43},"end":{"line":47,"column":48}},"locations":[{"start":{"line":47,"column":43},"end":{"line":47,"column":48}}]},"11":{"type":"branch","line":58,"loc":{"start":{"line":58,"column":8},"end":{"line":60,"column":7}},"locations":[{"start":{"line":58,"column":8},"end":{"line":60,"column":7}}]}},"b":{"0":[3],"1":[2],"2":[1],"3":[3],"4":[2],"5":[1],"6":[0],"7":[1],"8":[0],"9":[0],"10":[0],"11":[2]},"fnMap":{"0":{"name":"getColorForLevel","decl":{"start":{"line":11,"column":7},"end":{"line":15,"column":1}},"loc":{"start":{"line":11,"column":7},"end":{"line":15,"column":1}},"line":11},"1":{"name":"loadDefaultAssets","decl":{"start":{"line":21,"column":11},"end":{"line":61,"column":5}},"loc":{"start":{"line":21,"column":11},"end":{"line":61,"column":5}},"line":21}},"f":{"0":3,"1":3}}
,"C:\\Users\\Autumn\\Desktop\\breathedge-clean\\src\\scripts\\version-display.js": {"path":"C:\\Users\\Autumn\\Desktop\\breathedge-clean\\src\\scripts\\version-display.js","all":false,"statementMap":{"0":{"start":{"line":1,"column":0},"end":{"line":1,"column":35}},"1":{"start":{"line":2,"column":0},"end":{"line":2,"column":50}},"2":{"start":{"line":3,"column":0},"end":{"line":3,"column":52}},"4":{"start":{"line":5,"column":0},"end":{"line":5,"column":50}},"6":{"start":{"line":7,"column":0},"end":{"line":7,"column":65}},"7":{"start":{"line":8,"column":0},"end":{"line":8,"column":22}},"8":{"start":{"line":9,"column":0},"end":{"line":9,"column":63}},"9":{"start":{"line":10,"column":0},"end":{"line":10,"column":1}},"11":{"start":{"line":12,"column":0},"end":{"line":12,"column":34}},"12":{"start":{"line":13,"column":0},"end":{"line":13,"column":7}},"13":{"start":{"line":14,"column":0},"end":{"line":14,"column":44}},"14":{"start":{"line":15,"column":0},"end":{"line":15,"column":57}},"16":{"start":{"line":17,"column":0},"end":{"line":17,"column":34}},"17":{"start":{"line":18,"column":0},"end":{"line":18,"column":58}},"19":{"start":{"line":20,"column":0},"end":{"line":20,"column":42}},"20":{"start":{"line":21,"column":0},"end":{"line":21,"column":17}},"21":{"start":{"line":22,"column":0},"end":{"line":22,"column":83}},"22":{"start":{"line":23,"column":0},"end":{"line":23,"column":28}},"23":{"start":{"line":24,"column":0},"end":{"line":24,"column":3}},"24":{"start":{"line":25,"column":0},"end":{"line":25,"column":1}},"26":{"start":{"line":27,"column":0},"end":{"line":27,"column":41}},"27":{"start":{"line":28,"column":0},"end":{"line":28,"column":30}},"29":{"start":{"line":30,"column":0},"end":{"line":30,"column":171}},"31":{"start":{"line":32,"column":0},"end":{"line":32,"column":40}},"32":{"start":{"line":33,"column":0},"end":{"line":33,"column":106}},"33":{"start":{"line":34,"column":0},"end":{"line":34,"column":15}},"35":{"start":{"line":36,"column":0},"end":{"line":36,"column":77}},"36":{"start":{"line":37,"column":0},"end":{"line":37,"column":1}},"38":{"start":{"line":39,"column":0},"end":{"line":39,"column":18}}},"s":{"0":1,"1":1,"2":1,"4":1,"6":1,"7":1,"8":0,"9":0,"11":3,"12":3,"13":3,"14":3,"16":1,"17":1,"19":1,"20":3,"21":2,"22":2,"23":2,"24":3,"26":3,"27":3,"29":3,"31":3,"32":3,"33":3,"35":3,"36":3,"38":1},"branchMap":{"0":{"type":"branch","line":8,"loc":{"start":{"line":8,"column":21},"end":{"line":10,"column":1}},"locations":[{"start":{"line":8,"column":21},"end":{"line":10,"column":1}}]},"1":{"type":"branch","line":12,"loc":{"start":{"line":12,"column":0},"end":{"line":25,"column":1}},"locations":[{"start":{"line":12,"column":0},"end":{"line":25,"column":1}}]},"2":{"type":"branch","line":14,"loc":{"start":{"line":14,"column":43},"end":{"line":15,"column":17}},"locations":[{"start":{"line":14,"column":43},"end":{"line":15,"column":17}}]},"3":{"type":"branch","line":15,"loc":{"start":{"line":15,"column":17},"end":{"line":21,"column":4}},"locations":[{"start":{"line":15,"column":17},"end":{"line":21,"column":4}}]},"4":{"type":"branch","line":21,"loc":{"start":{"line":21,"column":4},"end":{"line":24,"column":3}},"locations":[{"start":{"line":21,"column":4},"end":{"line":24,"column":3}}]},"5":{"type":"branch","line":27,"loc":{"start":{"line":27,"column":0},"end":{"line":37,"column":1}},"locations":[{"start":{"line":27,"column":0},"end":{"line":37,"column":1}}]},"6":{"type":"branch","line":28,"loc":{"start":{"line":28,"column":23},"end":{"line":28,"column":30}},"locations":[{"start":{"line":28,"column":23},"end":{"line":28,"column":30}}]},"7":{"type":"branch","line":33,"loc":{"start":{"line":33,"column":4},"end":{"line":33,"column":106}},"locations":[{"start":{"line":33,"column":4},"end":{"line":33,"column":106}}]},"8":{"type":"branch","line":34,"loc":{"start":{"line":34,"column":4},"end":{"line":34,"column":14}},"locations":[{"start":{"line":34,"column":4},"end":{"line":34,"column":14}}]}},"b":{"0":[0],"1":[3],"2":[2],"3":[1],"4":[2],"5":[3],"6":[0],"7":[1],"8":[2]},"fnMap":{"0":{"name":"loadVersionInfo","decl":{"start":{"line":12,"column":0},"end":{"line":25,"column":1}},"loc":{"start":{"line":12,"column":0},"end":{"line":25,"column":1}},"line":12},"1":{"name":"applyVersionToDOM","decl":{"start":{"line":27,"column":0},"end":{"line":37,"column":1}},"loc":{"start":{"line":27,"column":0},"end":{"line":37,"column":1}},"line":27}},"f":{"0":3,"1":3}}
,"C:\\Users\\Autumn\\Desktop\\breathedge-clean\\src\\scripts\\lib\\logger.js": {"path":"C:\\Users\\Autumn\\Desktop\\breathedge-clean\\src\\scripts\\lib\\logger.js","all":false,"statementMap":{"0":{"start":{"line":1,"column":0},"end":{"line":1,"column":54}},"1":{"start":{"line":2,"column":0},"end":{"line":2,"column":38}},"2":{"start":{"line":3,"column":0},"end":{"line":3,"column":20}},"4":{"start":{"line":5,"column":0},"end":{"line":5,"column":23}},"5":{"start":{"line":6,"column":0},"end":{"line":6,"column":57}},"6":{"start":{"line":7,"column":0},"end":{"line":7,"column":59}},"7":{"start":{"line":8,"column":0},"end":{"line":8,"column":84}},"8":{"start":{"line":9,"column":0},"end":{"line":9,"column":2}}},"s":{"0":1,"1":1,"2":1,"4":1,"5":1,"6":1,"7":1,"8":1},"branchMap":{"0":{"type":"branch","line":6,"loc":{"start":{"line":6,"column":7},"end":{"line":6,"column":56}},"locations":[{"start":{"line":6,"column":7},"end":{"line":6,"column":56}}]},"1":{"type":"branch","line":6,"loc":{"start":{"line":6,"column":33},"end":{"line":6,"column":54}},"locations":[{"start":{"line":6,"column":33},"end":{"line":6,"column":54}}]},"2":{"type":"branch","line":7,"loc":{"start":{"line":7,"column":8},"end":{"line":7,"column":58}},"locations":[{"start":{"line":7,"column":8},"end":{"line":7,"column":58}}]},"3":{"type":"branch","line":7,"loc":{"start":{"line":7,"column":34},"end":{"line":7,"column":56}},"locations":[{"start":{"line":7,"column":34},"end":{"line":7,"column":56}}]},"4":{"type":"branch","line":8,"loc":{"start":{"line":8,"column":9},"end":{"line":8,"column":44}},"locations":[{"start":{"line":8,"column":9},"end":{"line":8,"column":44}}]}},"b":{"0":[281],"1":[0],"2":[15],"3":[0],"4":[23]},"fnMap":{"0":{"name":"log","decl":{"start":{"line":6,"column":7},"end":{"line":6,"column":56}},"loc":{"start":{"line":6,"column":7},"end":{"line":6,"column":56}},"line":6},"1":{"name":"warn","decl":{"start":{"line":7,"column":8},"end":{"line":7,"column":58}},"loc":{"start":{"line":7,"column":8},"end":{"line":7,"column":58}},"line":7},"2":{"name":"error","decl":{"start":{"line":8,"column":9},"end":{"line":8,"column":44}},"loc":{"start":{"line":8,"column":9},"end":{"line":8,"column":44}},"line":8}},"f":{"0":281,"1":15,"2":23}}
,"C:\\Users\\Autumn\\Desktop\\breathedge-clean\\src\\scripts\\lib\\pinnedRecipes.js": {"path":"C:\\Users\\Autumn\\Desktop\\breathedge-clean\\src\\scripts\\lib\\pinnedRecipes.js","all":false,"statementMap":{"0":{"start":{"line":1,"column":0},"end":{"line":1,"column":125}},"1":{"start":{"line":2,"column":0},"end":{"line":2,"column":57}},"2":{"start":{"line":3,"column":0},"end":{"line":3,"column":50}},"4":{"start":{"line":5,"column":0},"end":{"line":5,"column":3}},"5":{"start":{"line":6,"column":0},"end":{"line":6,"column":62}},"6":{"start":{"line":7,"column":0},"end":{"line":7,"column":37}},"7":{"start":{"line":8,"column":0},"end":{"line":8,"column":3}},"8":{"start":{"line":9,"column":0},"end":{"line":9,"column":32}},"9":{"start":{"line":10,"column":0},"end":{"line":10,"column":73}},"10":{"start":{"line":11,"column":0},"end":{"line":11,"column":49}},"11":{"start":{"line":12,"column":0},"end":{"line":12,"column":33}},"12":{"start":{"line":13,"column":0},"end":{"line":13,"column":61}},"13":{"start":{"line":14,"column":0},"end":{"line":14,"column":52}},"14":{"start":{"line":15,"column":0},"end":{"line":15,"column":48}},"15":{"start":{"line":16,"column":0},"end":{"line":16,"column":47}},"16":{"start":{"line":17,"column":0},"end":{"line":17,"column":5}},"17":{"start":{"line":18,"column":0},"end":{"line":18,"column":5}},"19":{"start":{"line":20,"column":0},"end":{"line":20,"column":27}},"20":{"start":{"line":21,"column":0},"end":{"line":21,"column":36}},"21":{"start":{"line":22,"column":0},"end":{"line":22,"column":1}},"23":{"start":{"line":24,"column":0},"end":{"line":24,"column":78}},"24":{"start":{"line":25,"column":0},"end":{"line":25,"column":20}},"25":{"start":{"line":26,"column":0},"end":{"line":26,"column":78}},"27":{"start":{"line":28,"column":0},"end":{"line":28,"column":35}},"28":{"start":{"line":29,"column":0},"end":{"line":29,"column":64}},"29":{"start":{"line":30,"column":0},"end":{"line":30,"column":25}},"31":{"start":{"line":32,"column":0},"end":{"line":32,"column":57}},"33":{"start":{"line":34,"column":0},"end":{"line":34,"column":64}},"34":{"start":{"line":35,"column":0},"end":{"line":35,"column":38}},"35":{"start":{"line":36,"column":0},"end":{"line":36,"column":11}},"36":{"start":{"line":37,"column":0},"end":{"line":37,"column":3}},"38":{"start":{"line":39,"column":0},"end":{"line":39,"column":39}},"40":{"start":{"line":41,"column":0},"end":{"line":41,"column":38}},"41":{"start":{"line":42,"column":0},"end":{"line":42,"column":58}},"43":{"start":{"line":44,"column":0},"end":{"line":44,"column":25}},"44":{"start":{"line":45,"column":0},"end":{"line":45,"column":32}},"45":{"start":{"line":46,"column":0},"end":{"line":46,"column":60}},"46":{"start":{"line":47,"column":0},"end":{"line":47,"column":72}},"47":{"start":{"line":48,"column":0},"end":{"line":48,"column":10}},"48":{"start":{"line":49,"column":0},"end":{"line":49,"column":31}},"49":{"start":{"line":50,"column":0},"end":{"line":50,"column":45}},"50":{"start":{"line":51,"column":0},"end":{"line":51,"column":34}},"51":{"start":{"line":52,"column":0},"end":{"line":52,"column":51}},"52":{"start":{"line":53,"column":0},"end":{"line":53,"column":50}},"53":{"start":{"line":54,"column":0},"end":{"line":54,"column":14}},"54":{"start":{"line":55,"column":0},"end":{"line":55,"column":18}},"55":{"start":{"line":56,"column":0},"end":{"line":56,"column":10}},"56":{"start":{"line":57,"column":0},"end":{"line":57,"column":4}},"58":{"start":{"line":59,"column":0},"end":{"line":59,"column":76}},"59":{"start":{"line":60,"column":0},"end":{"line":60,"column":15}},"60":{"start":{"line":61,"column":0},"end":{"line":61,"column":19}},"61":{"start":{"line":62,"column":0},"end":{"line":62,"column":60}},"62":{"start":{"line":63,"column":0},"end":{"line":63,"column":5}},"63":{"start":{"line":64,"column":0},"end":{"line":64,"column":1}},"65":{"start":{"line":66,"column":0},"end":{"line":66,"column":78}},"66":{"start":{"line":67,"column":0},"end":{"line":67,"column":22}},"67":{"start":{"line":68,"column":0},"end":{"line":68,"column":78}},"69":{"start":{"line":70,"column":0},"end":{"line":70,"column":56}},"70":{"start":{"line":71,"column":0},"end":{"line":71,"column":61}},"71":{"start":{"line":72,"column":0},"end":{"line":72,"column":25}},"73":{"start":{"line":74,"column":0},"end":{"line":74,"column":27}},"75":{"start":{"line":76,"column":0},"end":{"line":76,"column":48}},"77":{"start":{"line":78,"column":0},"end":{"line":78,"column":61}},"78":{"start":{"line":79,"column":0},"end":{"line":79,"column":81}},"79":{"start":{"line":80,"column":0},"end":{"line":80,"column":32}},"80":{"start":{"line":81,"column":0},"end":{"line":81,"column":3}},"81":{"start":{"line":82,"column":0},"end":{"line":82,"column":1}},"83":{"start":{"line":84,"column":0},"end":{"line":84,"column":68}},"84":{"start":{"line":85,"column":0},"end":{"line":85,"column":45}},"85":{"start":{"line":86,"column":0},"end":{"line":86,"column":36}},"86":{"start":{"line":87,"column":0},"end":{"line":87,"column":37}},"88":{"start":{"line":89,"column":0},"end":{"line":89,"column":15}},"89":{"start":{"line":90,"column":0},"end":{"line":90,"column":47}},"90":{"start":{"line":91,"column":0},"end":{"line":91,"column":45}},"92":{"start":{"line":93,"column":0},"end":{"line":93,"column":47}},"93":{"start":{"line":94,"column":0},"end":{"line":94,"column":43}},"94":{"start":{"line":95,"column":0},"end":{"line":95,"column":34}},"96":{"start":{"line":97,"column":0},"end":{"line":97,"column":53}},"97":{"start":{"line":98,"column":0},"end":{"line":98,"column":47}},"98":{"start":{"line":99,"column":0},"end":{"line":99,"column":35}},"99":{"start":{"line":100,"column":0},"end":{"line":100,"column":51}},"101":{"start":{"line":102,"column":0},"end":{"line":102,"column":23}},"102":{"start":{"line":103,"column":0},"end":{"line":103,"column":58}},"103":{"start":{"line":104,"column":0},"end":{"line":104,"column":56}},"105":{"start":{"line":106,"column":0},"end":{"line":106,"column":57}},"106":{"start":{"line":107,"column":0},"end":{"line":107,"column":52}},"107":{"start":{"line":108,"column":0},"end":{"line":108,"column":36}},"109":{"start":{"line":110,"column":0},"end":{"line":110,"column":58}},"110":{"start":{"line":111,"column":0},"end":{"line":111,"column":34}},"111":{"start":{"line":112,"column":0},"end":{"line":112,"column":52}},"112":{"start":{"line":113,"column":0},"end":{"line":113,"column":28}},"113":{"start":{"line":114,"column":0},"end":{"line":114,"column":29}},"114":{"start":{"line":115,"column":0},"end":{"line":115,"column":57}},"115":{"start":{"line":116,"column":0},"end":{"line":116,"column":48}},"116":{"start":{"line":117,"column":0},"end":{"line":117,"column":52}},"117":{"start":{"line":118,"column":0},"end":{"line":118,"column":52}},"118":{"start":{"line":119,"column":0},"end":{"line":119,"column":19}},"119":{"start":{"line":120,"column":0},"end":{"line":120,"column":5}},"120":{"start":{"line":121,"column":0},"end":{"line":121,"column":61}},"121":{"start":{"line":122,"column":0},"end":{"line":122,"column":72}},"123":{"start":{"line":124,"column":0},"end":{"line":124,"column":49}},"124":{"start":{"line":125,"column":0},"end":{"line":125,"column":49}},"126":{"start":{"line":127,"column":0},"end":{"line":127,"column":53}},"127":{"start":{"line":128,"column":0},"end":{"line":128,"column":44}},"128":{"start":{"line":129,"column":0},"end":{"line":129,"column":37}},"129":{"start":{"line":130,"column":0},"end":{"line":130,"column":45}},"130":{"start":{"line":131,"column":0},"end":{"line":131,"column":27}},"131":{"start":{"line":132,"column":0},"end":{"line":132,"column":19}},"132":{"start":{"line":133,"column":0},"end":{"line":133,"column":60}},"133":{"start":{"line":134,"column":0},"end":{"line":134,"column":5}},"135":{"start":{"line":136,"column":0},"end":{"line":136,"column":28}},"136":{"start":{"line":137,"column":0},"end":{"line":137,"column":40}},"137":{"start":{"line":138,"column":0},"end":{"line":138,"column":32}},"138":{"start":{"line":139,"column":0},"end":{"line":139,"column":32}},"139":{"start":{"line":140,"column":0},"end":{"line":140,"column":27}},"141":{"start":{"line":142,"column":0},"end":{"line":142,"column":77}},"142":{"start":{"line":143,"column":0},"end":{"line":143,"column":54}},"143":{"start":{"line":144,"column":0},"end":{"line":144,"column":45}},"144":{"start":{"line":145,"column":0},"end":{"line":145,"column":65}},"145":{"start":{"line":146,"column":0},"end":{"line":146,"column":46}},"146":{"start":{"line":147,"column":0},"end":{"line":147,"column":34}},"148":{"start":{"line":149,"column":0},"end":{"line":149,"column":22}},"149":{"start":{"line":150,"column":0},"end":{"line":150,"column":37}},"150":{"start":{"line":151,"column":0},"end":{"line":151,"column":52}},"151":{"start":{"line":152,"column":0},"end":{"line":152,"column":3}},"153":{"start":{"line":154,"column":0},"end":{"line":154,"column":45}},"154":{"start":{"line":155,"column":0},"end":{"line":155,"column":60}},"155":{"start":{"line":156,"column":0},"end":{"line":156,"column":62}},"156":{"start":{"line":157,"column":0},"end":{"line":157,"column":59}},"157":{"start":{"line":158,"column":0},"end":{"line":158,"column":63}},"158":{"start":{"line":159,"column":0},"end":{"line":159,"column":5}},"160":{"start":{"line":161,"column":0},"end":{"line":161,"column":14}},"161":{"start":{"line":162,"column":0},"end":{"line":162,"column":1}},"163":{"start":{"line":164,"column":0},"end":{"line":164,"column":50}},"164":{"start":{"line":165,"column":0},"end":{"line":165,"column":64}},"165":{"start":{"line":166,"column":0},"end":{"line":166,"column":46}},"166":{"start":{"line":167,"column":0},"end":{"line":167,"column":54}},"168":{"start":{"line":169,"column":0},"end":{"line":169,"column":42}},"169":{"start":{"line":170,"column":0},"end":{"line":170,"column":65}},"170":{"start":{"line":171,"column":0},"end":{"line":171,"column":3}},"171":{"start":{"line":172,"column":0},"end":{"line":172,"column":1}},"173":{"start":{"line":174,"column":0},"end":{"line":174,"column":67}},"174":{"start":{"line":175,"column":0},"end":{"line":175,"column":45}},"175":{"start":{"line":176,"column":0},"end":{"line":176,"column":33}},"177":{"start":{"line":178,"column":0},"end":{"line":178,"column":44}},"178":{"start":{"line":179,"column":0},"end":{"line":179,"column":41}},"179":{"start":{"line":180,"column":0},"end":{"line":180,"column":30}},"180":{"start":{"line":181,"column":0},"end":{"line":181,"column":40}},"181":{"start":{"line":182,"column":0},"end":{"line":182,"column":26}},"182":{"start":{"line":183,"column":0},"end":{"line":183,"column":56}},"184":{"start":{"line":185,"column":0},"end":{"line":185,"column":51}},"185":{"start":{"line":186,"column":0},"end":{"line":186,"column":29}},"186":{"start":{"line":187,"column":0},"end":{"line":187,"column":42}},"187":{"start":{"line":188,"column":0},"end":{"line":188,"column":34}},"188":{"start":{"line":189,"column":0},"end":{"line":189,"column":36}},"189":{"start":{"line":190,"column":0},"end":{"line":190,"column":45}},"190":{"start":{"line":191,"column":0},"end":{"line":191,"column":34}},"191":{"start":{"line":192,"column":0},"end":{"line":192,"column":19}},"192":{"start":{"line":193,"column":0},"end":{"line":193,"column":5}},"194":{"start":{"line":195,"column":0},"end":{"line":195,"column":48}},"195":{"start":{"line":196,"column":0},"end":{"line":196,"column":32}},"197":{"start":{"line":198,"column":0},"end":{"line":198,"column":28}},"198":{"start":{"line":199,"column":0},"end":{"line":199,"column":25}},"199":{"start":{"line":200,"column":0},"end":{"line":200,"column":29}},"201":{"start":{"line":202,"column":0},"end":{"line":202,"column":51}},"202":{"start":{"line":203,"column":0},"end":{"line":203,"column":42}},"203":{"start":{"line":204,"column":0},"end":{"line":204,"column":50}},"204":{"start":{"line":205,"column":0},"end":{"line":205,"column":48}},"205":{"start":{"line":206,"column":0},"end":{"line":206,"column":67}},"206":{"start":{"line":207,"column":0},"end":{"line":207,"column":3}},"207":{"start":{"line":208,"column":0},"end":{"line":208,"column":1}}},"s":{"0":1,"1":1,"2":1,"4":1,"5":1,"6":1,"7":1,"8":1,"9":4,"10":4,"11":4,"12":4,"13":0,"14":0,"15":0,"16":0,"17":4,"19":4,"20":4,"21":4,"23":1,"24":1,"25":1,"27":4,"28":4,"29":4,"31":0,"33":4,"34":0,"35":0,"36":0,"38":0,"40":0,"41":0,"43":0,"44":0,"45":0,"46":0,"47":0,"48":0,"49":0,"50":0,"51":0,"52":0,"53":0,"54":0,"55":0,"56":0,"58":4,"59":0,"60":0,"61":0,"62":4,"63":4,"65":1,"66":1,"67":1,"69":4,"70":4,"71":4,"73":0,"75":0,"77":0,"78":0,"79":0,"80":0,"81":0,"83":0,"84":0,"85":0,"86":0,"88":0,"89":0,"90":0,"92":0,"93":0,"94":0,"96":0,"97":0,"98":0,"99":0,"101":0,"102":0,"103":0,"105":0,"106":0,"107":0,"109":0,"110":0,"111":0,"112":0,"113":0,"114":0,"115":0,"116":0,"117":0,"118":0,"119":0,"120":0,"121":0,"123":0,"124":0,"126":0,"127":0,"128":0,"129":0,"130":0,"131":0,"132":0,"133":0,"135":0,"136":0,"137":0,"138":0,"139":0,"141":0,"142":0,"143":0,"144":0,"145":0,"146":0,"148":0,"149":0,"150":0,"151":0,"153":0,"154":0,"155":0,"156":0,"157":0,"158":0,"160":0,"161":0,"163":0,"164":0,"165":0,"166":0,"168":0,"169":0,"170":0,"171":0,"173":0,"174":0,"175":0,"177":0,"178":0,"179":0,"180":0,"181":0,"182":0,"184":0,"185":0,"186":0,"187":0,"188":0,"189":0,"190":0,"191":0,"192":0,"194":0,"195":0,"197":0,"198":0,"199":0,"201":0,"202":0,"203":0,"204":0,"205":0,"206":0,"207":0},"branchMap":{"0":{"type":"branch","line":9,"loc":{"start":{"line":9,"column":7},"end":{"line":22,"column":1}},"locations":[{"start":{"line":9,"column":7},"end":{"line":22,"column":1}}]},"1":{"type":"branch","line":28,"loc":{"start":{"line":28,"column":0},"end":{"line":64,"column":1}},"locations":[{"start":{"line":28,"column":0},"end":{"line":64,"column":1}}]},"2":{"type":"branch","line":30,"loc":{"start":{"line":30,"column":24},"end":{"line":34,"column":61}},"locations":[{"start":{"line":30,"column":24},"end":{"line":34,"column":61}}]},"3":{"type":"branch","line":34,"loc":{"start":{"line":34,"column":63},"end":{"line":59,"column":59}},"locations":[{"start":{"line":34,"column":63},"end":{"line":59,"column":59}}]},"4":{"type":"branch","line":70,"loc":{"start":{"line":70,"column":0},"end":{"line":82,"column":1}},"locations":[{"start":{"line":70,"column":0},"end":{"line":82,"column":1}}]},"5":{"type":"branch","line":72,"loc":{"start":{"line":72,"column":24},"end":{"line":82,"column":1}},"locations":[{"start":{"line":72,"column":24},"end":{"line":82,"column":1}}]}},"b":{"0":[4],"1":[4],"2":[0],"3":[0],"4":[4],"5":[0]},"fnMap":{"0":{"name":"renderPinned","decl":{"start":{"line":9,"column":7},"end":{"line":22,"column":1}},"loc":{"start":{"line":9,"column":7},"end":{"line":22,"column":1}},"line":9},"1":{"name":"renderMaterialsSummary","decl":{"start":{"line":28,"column":0},"end":{"line":64,"column":1}},"loc":{"start":{"line":28,"column":0},"end":{"line":64,"column":1}},"line":28},"2":{"name":"renderPinnedRecipes","decl":{"start":{"line":70,"column":0},"end":{"line":82,"column":1}},"loc":{"start":{"line":70,"column":0},"end":{"line":82,"column":1}},"line":70},"3":{"name":"buildPinnedCard","decl":{"start":{"line":84,"column":0},"end":{"line":162,"column":1}},"loc":{"start":{"line":84,"column":0},"end":{"line":162,"column":1}},"line":84},"4":{"name":"buildTree","decl":{"start":{"line":164,"column":0},"end":{"line":172,"column":1}},"loc":{"start":{"line":164,"column":0},"end":{"line":172,"column":1}},"line":164},"5":{"name":"renderNode","decl":{"start":{"line":174,"column":0},"end":{"line":208,"column":1}},"loc":{"start":{"line":174,"column":0},"end":{"line":208,"column":1}},"line":174}},"f":{"0":4,"1":4,"2":4,"3":0,"4":0,"5":0}}
,"C:\\Users\\Autumn\\Desktop\\breathedge-clean\\src\\scripts\\lib\\recipe-utils.js": {"path":"C:\\Users\\Autumn\\Desktop\\breathedge-clean\\src\\scripts\\lib\\recipe-utils.js","all":false,"statementMap":{"0":{"start":{"line":1,"column":0},"end":{"line":1,"column":52}},"2":{"start":{"line":3,"column":0},"end":{"line":3,"column":46}},"3":{"start":{"line":4,"column":0},"end":{"line":4,"column":42}},"4":{"start":{"line":5,"column":0},"end":{"line":5,"column":83}},"5":{"start":{"line":6,"column":0},"end":{"line":6,"column":15}},"6":{"start":{"line":7,"column":0},"end":{"line":7,"column":3}},"7":{"start":{"line":8,"column":0},"end":{"line":8,"column":32}},"8":{"start":{"line":9,"column":0},"end":{"line":9,"column":1}},"10":{"start":{"line":11,"column":0},"end":{"line":11,"column":68}},"11":{"start":{"line":12,"column":0},"end":{"line":12,"column":33}},"12":{"start":{"line":13,"column":0},"end":{"line":13,"column":40}},"13":{"start":{"line":14,"column":0},"end":{"line":14,"column":15}},"14":{"start":{"line":15,"column":0},"end":{"line":15,"column":1}},"16":{"start":{"line":17,"column":0},"end":{"line":17,"column":3}},"17":{"start":{"line":18,"column":0},"end":{"line":18,"column":47}},"18":{"start":{"line":19,"column":0},"end":{"line":19,"column":65}},"19":{"start":{"line":20,"column":0},"end":{"line":20,"column":64}},"20":{"start":{"line":21,"column":0},"end":{"line":21,"column":76}},"21":{"start":{"line":22,"column":0},"end":{"line":22,"column":60}},"22":{"start":{"line":23,"column":0},"end":{"line":23,"column":82}},"23":{"start":{"line":24,"column":0},"end":{"line":24,"column":62}},"24":{"start":{"line":25,"column":0},"end":{"line":25,"column":34}},"25":{"start":{"line":26,"column":0},"end":{"line":26,"column":34}},"26":{"start":{"line":27,"column":0},"end":{"line":27,"column":3}},"27":{"start":{"line":28,"column":0},"end":{"line":28,"column":34}},"28":{"start":{"line":29,"column":0},"end":{"line":29,"column":44}},"29":{"start":{"line":30,"column":0},"end":{"line":30,"column":54}},"30":{"start":{"line":31,"column":0},"end":{"line":31,"column":3}},"31":{"start":{"line":32,"column":0},"end":{"line":32,"column":33}},"32":{"start":{"line":33,"column":0},"end":{"line":33,"column":69}},"33":{"start":{"line":34,"column":0},"end":{"line":34,"column":14}},"34":{"start":{"line":35,"column":0},"end":{"line":35,"column":3}},"35":{"start":{"line":36,"column":0},"end":{"line":36,"column":31}},"36":{"start":{"line":37,"column":0},"end":{"line":37,"column":58}},"37":{"start":{"line":38,"column":0},"end":{"line":38,"column":14}},"38":{"start":{"line":39,"column":0},"end":{"line":39,"column":3}},"39":{"start":{"line":40,"column":0},"end":{"line":40,"column":28}},"40":{"start":{"line":41,"column":0},"end":{"line":41,"column":25}},"41":{"start":{"line":42,"column":0},"end":{"line":42,"column":101}},"42":{"start":{"line":43,"column":0},"end":{"line":43,"column":14}},"43":{"start":{"line":44,"column":0},"end":{"line":44,"column":3}},"45":{"start":{"line":46,"column":0},"end":{"line":46,"column":19}},"46":{"start":{"line":47,"column":0},"end":{"line":47,"column":27}},"47":{"start":{"line":48,"column":0},"end":{"line":48,"column":20}},"48":{"start":{"line":49,"column":0},"end":{"line":49,"column":75}},"50":{"start":{"line":51,"column":0},"end":{"line":51,"column":53}},"51":{"start":{"line":52,"column":0},"end":{"line":52,"column":43}},"52":{"start":{"line":53,"column":0},"end":{"line":53,"column":75}},"53":{"start":{"line":54,"column":0},"end":{"line":54,"column":57}},"54":{"start":{"line":55,"column":0},"end":{"line":55,"column":66}},"55":{"start":{"line":56,"column":0},"end":{"line":56,"column":71}},"56":{"start":{"line":57,"column":0},"end":{"line":57,"column":33}},"58":{"start":{"line":59,"column":0},"end":{"line":59,"column":17}},"59":{"start":{"line":60,"column":0},"end":{"line":60,"column":13}},"60":{"start":{"line":61,"column":0},"end":{"line":61,"column":19}},"61":{"start":{"line":62,"column":0},"end":{"line":62,"column":36}},"62":{"start":{"line":63,"column":0},"end":{"line":63,"column":20}},"63":{"start":{"line":64,"column":0},"end":{"line":64,"column":13}},"64":{"start":{"line":65,"column":0},"end":{"line":65,"column":60}},"65":{"start":{"line":66,"column":0},"end":{"line":66,"column":12}},"66":{"start":{"line":67,"column":0},"end":{"line":67,"column":7}},"68":{"start":{"line":69,"column":0},"end":{"line":69,"column":23}},"69":{"start":{"line":70,"column":0},"end":{"line":70,"column":41}},"70":{"start":{"line":71,"column":0},"end":{"line":71,"column":40}},"71":{"start":{"line":72,"column":0},"end":{"line":72,"column":56}},"72":{"start":{"line":73,"column":0},"end":{"line":73,"column":8}},"73":{"start":{"line":74,"column":0},"end":{"line":74,"column":31}},"74":{"start":{"line":75,"column":0},"end":{"line":75,"column":5}},"75":{"start":{"line":76,"column":0},"end":{"line":76,"column":3}},"77":{"start":{"line":78,"column":0},"end":{"line":78,"column":16}},"78":{"start":{"line":79,"column":0},"end":{"line":79,"column":1}},"80":{"start":{"line":81,"column":0},"end":{"line":81,"column":19}},"81":{"start":{"line":82,"column":0},"end":{"line":82,"column":34}},"82":{"start":{"line":83,"column":0},"end":{"line":83,"column":42}},"83":{"start":{"line":84,"column":0},"end":{"line":84,"column":1}},"85":{"start":{"line":86,"column":0},"end":{"line":86,"column":32}},"86":{"start":{"line":87,"column":0},"end":{"line":87,"column":40}},"87":{"start":{"line":88,"column":0},"end":{"line":88,"column":1}},"89":{"start":{"line":90,"column":0},"end":{"line":90,"column":51}},"90":{"start":{"line":91,"column":0},"end":{"line":91,"column":36}},"91":{"start":{"line":92,"column":0},"end":{"line":92,"column":79}},"92":{"start":{"line":93,"column":0},"end":{"line":93,"column":14}},"93":{"start":{"line":94,"column":0},"end":{"line":94,"column":3}},"94":{"start":{"line":95,"column":0},"end":{"line":95,"column":67}},"95":{"start":{"line":96,"column":0},"end":{"line":96,"column":1}}},"s":{"0":1,"2":1,"3":33,"4":0,"5":0,"6":0,"7":33,"8":33,"10":1,"11":33,"12":33,"13":33,"14":33,"16":1,"17":1,"18":1,"19":1,"20":1,"21":1,"22":1,"23":1,"24":1,"25":1,"26":1,"27":1,"28":51,"29":51,"30":51,"31":51,"32":3,"33":3,"34":3,"35":51,"36":3,"37":3,"38":3,"39":51,"40":51,"41":2,"42":2,"43":2,"45":42,"46":42,"47":42,"48":42,"50":47,"51":33,"52":33,"53":33,"54":33,"55":33,"56":33,"58":33,"59":33,"60":33,"61":33,"62":33,"63":33,"64":33,"65":33,"66":33,"68":33,"69":12,"70":12,"71":12,"72":12,"73":12,"74":12,"75":33,"77":42,"78":42,"80":1,"81":51,"82":51,"83":51,"85":48,"86":48,"87":48,"89":42,"90":42,"91":1,"92":1,"93":1,"94":41,"95":41},"branchMap":{"0":{"type":"branch","line":3,"loc":{"start":{"line":3,"column":7},"end":{"line":9,"column":1}},"locations":[{"start":{"line":3,"column":7},"end":{"line":9,"column":1}}]},"1":{"type":"branch","line":4,"loc":{"start":{"line":4,"column":41},"end":{"line":7,"column":3}},"locations":[{"start":{"line":4,"column":41},"end":{"line":7,"column":3}}]},"2":{"type":"branch","line":8,"loc":{"start":{"line":8,"column":18},"end":{"line":8,"column":24}},"locations":[{"start":{"line":8,"column":18},"end":{"line":8,"column":24}}]},"3":{"type":"branch","line":8,"loc":{"start":{"line":8,"column":25},"end":{"line":8,"column":31}},"locations":[{"start":{"line":8,"column":25},"end":{"line":8,"column":31}}]},"4":{"type":"branch","line":11,"loc":{"start":{"line":11,"column":7},"end":{"line":15,"column":1}},"locations":[{"start":{"line":11,"column":7},"end":{"line":15,"column":1}}]},"5":{"type":"branch","line":12,"loc":{"start":{"line":12,"column":28},"end":{"line":12,"column":32}},"locations":[{"start":{"line":12,"column":28},"end":{"line":12,"column":32}}]},"6":{"type":"branch","line":13,"loc":{"start":{"line":13,"column":35},"end":{"line":13,"column":39}},"locations":[{"start":{"line":13,"column":35},"end":{"line":13,"column":39}}]},"7":{"type":"branch","line":28,"loc":{"start":{"line":28,"column":7},"end":{"line":79,"column":1}},"locations":[{"start":{"line":28,"column":7},"end":{"line":79,"column":1}}]},"8":{"type":"branch","line":32,"loc":{"start":{"line":32,"column":32},"end":{"line":35,"column":3}},"locations":[{"start":{"line":32,"column":32},"end":{"line":35,"column":3}}]},"9":{"type":"branch","line":35,"loc":{"start":{"line":35,"column":2},"end":{"line":36,"column":30}},"locations":[{"start":{"line":35,"column":2},"end":{"line":36,"column":30}}]},"10":{"type":"branch","line":36,"loc":{"start":{"line":36,"column":30},"end":{"line":39,"column":3}},"locations":[{"start":{"line":36,"column":30},"end":{"line":39,"column":3}}]},"11":{"type":"branch","line":39,"loc":{"start":{"line":39,"column":2},"end":{"line":40,"column":18}},"locations":[{"start":{"line":39,"column":2},"end":{"line":40,"column":18}}]},"12":{"type":"branch","line":40,"loc":{"start":{"line":40,"column":18},"end":{"line":40,"column":28}},"locations":[{"start":{"line":40,"column":18},"end":{"line":40,"column":28}}]},"13":{"type":"branch","line":40,"loc":{"start":{"line":40,"column":27},"end":{"line":41,"column":24}},"locations":[{"start":{"line":40,"column":27},"end":{"line":41,"column":24}}]},"14":{"type":"branch","line":41,"loc":{"start":{"line":41,"column":24},"end":{"line":44,"column":3}},"locations":[{"start":{"line":41,"column":24},"end":{"line":44,"column":3}}]},"15":{"type":"branch","line":44,"loc":{"start":{"line":44,"column":2},"end":{"line":76,"column":3}},"locations":[{"start":{"line":44,"column":2},"end":{"line":76,"column":3}}]},"16":{"type":"branch","line":44,"loc":{"start":{"line":44,"column":2},"end":{"line":51,"column":52}},"locations":[{"start":{"line":44,"column":2},"end":{"line":51,"column":52}}]},"17":{"type":"branch","line":51,"loc":{"start":{"line":51,"column":52},"end":{"line":76,"column":3}},"locations":[{"start":{"line":51,"column":52},"end":{"line":76,"column":3}}]},"18":{"type":"branch","line":56,"loc":{"start":{"line":56,"column":48},"end":{"line":56,"column":69}},"locations":[{"start":{"line":56,"column":48},"end":{"line":56,"column":69}}]},"19":{"type":"branch","line":65,"loc":{"start":{"line":65,"column":35},"end":{"line":65,"column":52}},"locations":[{"start":{"line":65,"column":35},"end":{"line":65,"column":52}}]},"20":{"type":"branch","line":65,"loc":{"start":{"line":65,"column":53},"end":{"line":65,"column":57}},"locations":[{"start":{"line":65,"column":53},"end":{"line":65,"column":57}}]},"21":{"type":"branch","line":69,"loc":{"start":{"line":69,"column":22},"end":{"line":75,"column":5}},"locations":[{"start":{"line":69,"column":22},"end":{"line":75,"column":5}}]},"22":{"type":"branch","line":76,"loc":{"start":{"line":76,"column":2},"end":{"line":79,"column":1}},"locations":[{"start":{"line":76,"column":2},"end":{"line":79,"column":1}}]},"23":{"type":"branch","line":82,"loc":{"start":{"line":82,"column":0},"end":{"line":84,"column":1}},"locations":[{"start":{"line":82,"column":0},"end":{"line":84,"column":1}}]},"24":{"type":"branch","line":83,"loc":{"start":{"line":83,"column":14},"end":{"line":83,"column":41}},"locations":[{"start":{"line":83,"column":14},"end":{"line":83,"column":41}}]},"25":{"type":"branch","line":86,"loc":{"start":{"line":86,"column":0},"end":{"line":88,"column":1}},"locations":[{"start":{"line":86,"column":0},"end":{"line":88,"column":1}}]},"26":{"type":"branch","line":87,"loc":{"start":{"line":87,"column":13},"end":{"line":87,"column":39}},"locations":[{"start":{"line":87,"column":13},"end":{"line":87,"column":39}}]},"27":{"type":"branch","line":90,"loc":{"start":{"line":90,"column":0},"end":{"line":96,"column":1}},"locations":[{"start":{"line":90,"column":0},"end":{"line":96,"column":1}}]},"28":{"type":"branch","line":91,"loc":{"start":{"line":91,"column":35},"end":{"line":94,"column":3}},"locations":[{"start":{"line":91,"column":35},"end":{"line":94,"column":3}}]},"29":{"type":"branch","line":94,"loc":{"start":{"line":94,"column":2},"end":{"line":96,"column":1}},"locations":[{"start":{"line":94,"column":2},"end":{"line":96,"column":1}}]},"30":{"type":"branch","line":95,"loc":{"start":{"line":95,"column":28},"end":{"line":95,"column":65}},"locations":[{"start":{"line":95,"column":28},"end":{"line":95,"column":65}}]},"31":{"type":"branch","line":95,"loc":{"start":{"line":95,"column":39},"end":{"line":95,"column":65}},"locations":[{"start":{"line":95,"column":39},"end":{"line":95,"column":65}}]}},"b":{"0":[33],"1":[0],"2":[32],"3":[1],"4":[33],"5":[1],"6":[0],"7":[51],"8":[3],"9":[48],"10":[3],"11":[45],"12":[1],"13":[44],"14":[2],"15":[47],"16":[42],"17":[33],"18":[32],"19":[16],"20":[17],"21":[12],"22":[42],"23":[51],"24":[49],"25":[48],"26":[46],"27":[42],"28":[1],"29":[41],"30":[37],"31":[35]},"fnMap":{"0":{"name":"getIngredientName","decl":{"start":{"line":3,"column":7},"end":{"line":9,"column":1}},"loc":{"start":{"line":3,"column":7},"end":{"line":9,"column":1}},"line":3},"1":{"name":"resolveIngredientQuantity","decl":{"start":{"line":11,"column":7},"end":{"line":15,"column":1}},"loc":{"start":{"line":11,"column":7},"end":{"line":15,"column":1}},"line":11},"2":{"name":"flattenRecipeTree","decl":{"start":{"line":28,"column":7},"end":{"line":79,"column":1}},"loc":{"start":{"line":28,"column":7},"end":{"line":79,"column":1}},"line":28},"3":{"name":"isValidRecipeData","decl":{"start":{"line":82,"column":0},"end":{"line":84,"column":1}},"loc":{"start":{"line":82,"column":0},"end":{"line":84,"column":1}},"line":82},"4":{"name":"isValidRecipeKey","decl":{"start":{"line":86,"column":0},"end":{"line":88,"column":1}},"loc":{"start":{"line":86,"column":0},"end":{"line":88,"column":1}},"line":86},"5":{"name":"filterValidIngredients","decl":{"start":{"line":90,"column":0},"end":{"line":96,"column":1}},"loc":{"start":{"line":90,"column":0},"end":{"line":96,"column":1}},"line":90}},"f":{"0":33,"1":33,"2":51,"3":51,"4":48,"5":42}}
,"C:\\Users\\Autumn\\Desktop\\breathedge-clean\\src\\scripts\\lib\\renderList.util.js": {"path":"C:\\Users\\Autumn\\Desktop\\breathedge-clean\\src\\scripts\\lib\\renderList.util.js","all":false,"statementMap":{"0":{"start":{"line":1,"column":0},"end":{"line":1,"column":50}},"1":{"start":{"line":2,"column":0},"end":{"line":2,"column":57}},"2":{"start":{"line":3,"column":0},"end":{"line":3,"column":69}},"3":{"start":{"line":4,"column":0},"end":{"line":4,"column":61}},"4":{"start":{"line":5,"column":0},"end":{"line":5,"column":52}},"5":{"start":{"line":6,"column":0},"end":{"line":6,"column":61}},"6":{"start":{"line":7,"column":0},"end":{"line":7,"column":65}},"8":{"start":{"line":9,"column":0},"end":{"line":9,"column":3}},"9":{"start":{"line":10,"column":0},"end":{"line":10,"column":38}},"10":{"start":{"line":11,"column":0},"end":{"line":11,"column":3}},"11":{"start":{"line":12,"column":0},"end":{"line":12,"column":85}},"12":{"start":{"line":13,"column":0},"end":{"line":13,"column":51}},"14":{"start":{"line":15,"column":0},"end":{"line":15,"column":29}},"15":{"start":{"line":16,"column":0},"end":{"line":16,"column":28}},"16":{"start":{"line":17,"column":0},"end":{"line":17,"column":15}},"17":{"start":{"line":18,"column":0},"end":{"line":18,"column":40}},"18":{"start":{"line":19,"column":0},"end":{"line":19,"column":61}},"19":{"start":{"line":20,"column":0},"end":{"line":20,"column":48}},"20":{"start":{"line":21,"column":0},"end":{"line":21,"column":5}},"21":{"start":{"line":22,"column":0},"end":{"line":22,"column":50}},"22":{"start":{"line":23,"column":0},"end":{"line":23,"column":1}},"24":{"start":{"line":25,"column":0},"end":{"line":25,"column":3}},"25":{"start":{"line":26,"column":0},"end":{"line":26,"column":71}},"26":{"start":{"line":27,"column":0},"end":{"line":27,"column":56}},"27":{"start":{"line":28,"column":0},"end":{"line":28,"column":3}},"28":{"start":{"line":29,"column":0},"end":{"line":29,"column":47}},"29":{"start":{"line":30,"column":0},"end":{"line":30,"column":51}},"30":{"start":{"line":31,"column":0},"end":{"line":31,"column":33}},"32":{"start":{"line":33,"column":0},"end":{"line":33,"column":45}},"33":{"start":{"line":34,"column":0},"end":{"line":34,"column":40}},"35":{"start":{
[...]
,"C:\\Users\\Autumn\\Desktop\\breathedge-clean\\src\\state\\pinState.js": {"path":"C:\\Users\\Autumn\\Desktop\\breathedge-clean\\src\\state\\pinState.js","all":false,"statementMap":{"0":{"start":{"line":1,"column":0},"end":{"line":1,"column":3}},"1":{"start":{"line":2,"column":0},"end":{"line":2,"column":14}},"2":{"start":{"line":3,"column":0},"end":{"line":3,"column":72}},"3":{"start":{"line":4,"column":0},"end":{"line":4,"column":2}},"4":{"start":{"line":5,"column":0},"end":{"line":5,"column":13}},"5":{"start":{"line":6,"column":0},"end":{"line":6,"column":75}},"6":{"start":{"line":7,"column":0},"end":{"line":7,"column":2}},"7":{"start":{"line":8,"column":0},"end":{"line":8,"column":69}},"8":{"start":{"line":9,"column":0},"end":{"line":9,"column":78}},"9":{"start":{"line":10,"column":0},"end":{"line":10,"column":40}},"10":{"start":{"line":11,"column":0},"end":{"line":11,"column":3}},"12":{"start":{"line":13,"column":0},"end":{"line":13,"column":72}},"13":{"start":{"line":14,"column":0},"end":{"line":14,"column":50}},"15":{"start":{"line":16,"column":0},"end":{"line":16,"column":25}},"16":{"start":{"line":17,"column":0},"end":{"line":17,"column":27}},"17":{"start":{"line":18,"column":0},"end":{"line":18,"column":2}},"19":{"start":{"line":20,"column":0},"end":{"line":20,"column":3}},"20":{"start":{"line":21,"column":0},"end":{"line":21,"column":52}},"21":{"start":{"line":22,"column":0},"end":{"line":22,"column":3}},"22":{"start":{"line":23,"column":0},"end":{"line":23,"column":37}},"23":{"start":{"line":24,"column":0},"end":{"line":24,"column":47}},"24":{"start":{"line":25,"column":0},"end":{"line":25,"column":1}},"26":{"start":{"line":27,"column":0},"end":{"line":27,"column":3}},"27":{"start":{"line":28,"column":0},"end":{"line":28,"column":75}},"28":{"start":{"line":29,"column":0},"end":{"line":29,"column":3}},"29":{"start":{"line":30,"column":0},"end":{"line":30,"column":61}},"30":{"start":{"line":31,"column":0},"end":{"line":31,"column":34}},"32":{"start":{"line":33,"column":0},"end":{"line":33,"column":26}},"34":{"start":{"line":35,"column":0},"end":{"line":35,"column":33}},"35":{"start":{"line":36,"column":0},"end":{"line":36,"column":28}},"36":{"start":{"line":37,"column":0},"end":{"line":37,"column":21}},"37":{"start":{"line":38,"column":0},"end":{"line":38,"column":22}},"38":{"start":{"line":39,"column":0},"end":{"line":39,"column":26}},"39":{"start":{"line":40,"column":0},"end":{"line":40,"column":20}},"40":{"start":{"line":41,"column":0},"end":{"line":41,"column":40}},"41":{"start":{"line":42,"column":0},"end":{"line":42,"column":22}},"42":{"start":{"line":43,"column":0},"end":{"line":43,"column":24}},"43":{"start":{"line":44,"column":0},"end":{"line":44,"column":38}},"44":{"start":{"line":45,"column":0},"end":{"line":45,"column":23}},"45":{"start":{"line":46,"column":0},"end":{"line":46,"column":7}},"46":{"start":{"line":47,"column":0},"end":{"line":47,"column":3}},"48":{"start":{"line":49,"column":0},"end":{"line":49,"column":41}},"49":{"start":{"line":50,"column":0},"end":{"line":50,"column":33}},"50":{"start":{"line":51,"column":0},"end":{"line":51,"column":60}},"51":{"start":{"line":52,"column":0},"end":{"line":52,"column":66}},"52":{"start":{"line":53,"column":0},"end":{"line":53,"column":5}},"53":{"start":{"line":54,"column":0},"end":{"line":54,"column":3}},"55":{"start":{"line":56,"column":0},"end":{"line":56,"column":84}},"56":{"start":{"line":57,"column":0},"end":{"line":57,"column":42}},"57":{"start":{"line":58,"column":0},"end":{"line":58,"column":1}},"59":{"start":{"line":60,"column":0},"end":{"line":60,"column":3}},"60":{"start":{"line":61,"column":0},"end":{"line":61,"column":43}},"61":{"start":{"line":62,"column":0},"end":{"line":62,"column":3}},"62":{"start":{"line":63,"column":0},"end":{"line":63,"column":40}},"63":{"start":{"line":64,"column":0},"end":{"line":64,"column":43}},"64":{"start":{"line":65,"column":0},"end":{"line":65,"column":42}},"65":{"start":{"line":66,"column":0},"end":{"line":66,"column":1}},"67":{"start":{"line":68,"column":0},"end":{"line":68,"column":3}},"68":{"start":{"line":69,"column":0},"end":{"line":69,"column":50}},"69":{"start":{"line":70,"column":0},"end":{"line":70,"column":3}},"70":{"start":{"line":71,"column":0},"end":{"line":71,"column":28}},"71":{"start":{"line":72,"column":0},"end":{"line":72,"column":33}},"72":{"start":{"line":73,"column":0},"end":{"line":73,"column":33}},"73":{"start":{"line":74,"column":0},"end":{"line":74,"column":1}},"75":{"start":{"line":76,"column":0},"end":{"line":76,"column":3}},"76":{"start":{"line":77,"column":0},"end":{"line":77,"column":52}},"77":{"start":{"line":78,"column":0},"end":{"line":78,"column":48}},"78":{"start":{"line":79,"column":0},"end":{"line":79,"column":3}},"79":{"start":{"line":80,"column":0},"end":{"line":80,"column":49}},"80":{"start":{"line":81,"column":0},"end":{"line":81,"column":55}},"81":{"start":{"line":82,"column":0},"end":{"line":82,"column":22}},"82":{"start":{"line":83,"column":0},"end":{"line":83,"column":66}},"83":{"start":{"line":84,"column":0},"end":{"line":84,"column":42}},"84":{"start":{"line":85,"column":0},"end":{"line":85,"column":1}},"86":{"start":{"line":87,"column":0},"end":{"line":87,"column":3}},"87":{"start":{"line":88,"column":0},"end":{"line":88,"column":61}},"88":{"start":{"line":89,"column":0},"end":{"line":89,"column":57}},"89":{"start":{"line":90,"column":0},"end":{"line":90,"column":61}},"90":{"start":{"line":91,"column":0},"end":{"line":91,"column":3}},"91":{"start":{"line":92,"column":0},"end":{"line":92,"column":47}},"92":{"start":{"line":93,"column":0},"end":{"line":93,"column":55}},"93":{"start":{"line":94,"column":0},"end":{"line":94,"column":22}},"95":{"start":{"line":96,"column":0},"end":{"line":96,"column":40}},"96":{"start":{"line":97,"column":0},"end":{"line":97,"column":37}},"98":{"start":{"line":99,"column":0},"end":{"line":99,"column":31}},"99":{"start":{"line":100,"column":0},"end":{"line":100,"column":61}},"100":{"start":{"line":101,"column":0},"end":{"line":101,"column":42}},"101":{"start":{"line":102,"column":0},"end":{"line":102,"column":1}},"103":{"start":{"line":104,"column":0},"end":{"line":104,"column":3}},"104":{"start":{"line":105,"column":0},"end":{"line":105,"column":71}},"105":{"start":{"line":106,"column":0},"end":{"line":106,"column":3}},"106":{"start":{"line":107,"column":0},"end":{"line":107,"column":63}},"107":{"start":{"line":108,"column":0},"end":{"line":108,"column":33}},"108":{"start":{"line":109,"column":0},"end":{"line":109,"column":20}},"110":{"start":{"line":111,"column":0},"end":{"line":111,"column":44}},"111":{"start":{"line":112,"column":0},"end":{"line":112,"column":37}},"112":{"start":{"line":113,"column":0},"end":{"line":113,"column":25}},"113":{"start":{"line":114,"column":0},"end":{"line":114,"column":35}},"114":{"start":{"line":115,"column":0},"end":{"line":115,"column":26}},"115":{"start":{"line":116,"column":0},"end":{"line":116,"column":58}},"116":{"start":{"line":117,"column":0},"end":{"line":117,"column":3}},"117":{"start":{"line":118,"column":0},"end":{"line":118,"column":1}},"119":{"start":{"line":120,"column":0},"end":{"line":120,"column":3}},"120":{"start":{"line":121,"column":0},"end":{"line":121,"column":60}},"121":{"start":{"line":122,"column":0},"end":{"line":122,"column":68}},"122":{"start":{"line":123,"column":0},"end":{"line":123,"column":44}},"123":{"start":{"line":124,"column":0},"end":{"line":124,"column":3}},"124":{"start":{"line":125,"column":0},"end":{"line":125,"column":47}},"125":{"start":{"line":126,"column":0},"end":{"line":126,"column":28}},"127":{"start":{"line":128,"column":0},"end":{"line":128,"column":52}},"128":{"start":{"line":129,"column":0},"end":{"line":129,"column":46}},"129":{"start":{"line":130,"column":0},"end":{"line":130,"column":42}},"130":{"start":{"line":131,"column":0},"end":{"line":131,"column":33}},"131":{"start":{"line":132,"column":0},"end":{"line":132,"column":50}},"133":{"start":{"line":134,"column":0},"end":{"line":134,"column":37}},"134":{"start":{"line":135,"column":0},"end":{"line":135,"column":70}},"135":{"start":{"line":136,"column":0},"end":{"line":136,"column":40}},"136":{"start":{"line":137,"column":0},"end":{"line":137,"column":40}},"137":{"start":{"line":138,"column":0},"end":{"line":138,"column":21}},"138":{"start":{"line":139,"column":0},"end":{"line":139,"column":28}},"139":{"start":{"line":140,"column":0},"end":{"line":140,"column":14}},"140":{"start":{"line":141,"column":0},"end":{"line":141,"column":40}},"141":{"start":{"line":142,"column":0},"end":{"line":142,"column":7}},"142":{"start":{"line":143,"column":0},"end":{"line":143,"column":5}},"143":{"start":{"line":144,"column":0},"end":{"line":144,"column":3}},"145":{"start":{"line":146,"column":0},"end":{"line":146,"column":17}},"146":{"start":{"line":147,"column":0},"end":{"line":147,"column":1}}},"s":{"0":1,"1":1,"2":1,"3":1,"4":1,"5":1,"6":1,"7":1,"8":1,"9":1,"10":1,"12":1,"13":1,"15":1,"16":1,"17":1,"19":1,"20":1,"21":1,"22":1,"23":43,"24":43,"26":1,"27":1,"28":1,"29":1,"30":29,"32":28,"34":29,"35":79,"36":79,"37":79,"38":79,"39":79,"40":79,"41":79,"42":79,"43":79,"44":79,"45":79,"46":79,"48":28,"49":29,"50":79,"51":28,"52":28,"53":79,"55":28,"56":28,"57":28,"59":1,"60":1,"61":1,"62":1,"63":2,"64":2,"65":2,"67":1,"68":1,"69":1,"70":1,"71":44,"72":44,"73":44,"75":1,"76":1,"77":1,"78":1,"79":1,"80":7,"81":7,"82":7,"83":7,"84":7,"86":1,"87":1,"88":1,"89":1,"90":1,"91":1,"92":13,"93":13,"95":12,"96":13,"98":11,"99":11,"100":11,"101":11,"103":1,"104":1,"105":1,"106":18,"107":18,"108":18,"110":18,"111":7,"112":7,"113":7,"114":7,"115":7,"116":7,"117":18,"119":1,"120":1,"121":1,"122":1,"123":1,"124":1,"125":6,"127":6,"128":6,"129":6,"130":18,"131":18,"133":10,"134":18,"135":18,"136":18,"137":18,"138":2,"139":18,"140":8,"141":8,"142":18,"143":6,"145":6,"146":6},"branchMap":{"0":{"type":"branch","line":23,"loc":{"start":{"line":23,"column":7},"end":{"line":25,"column":1}},"locations":[{"start":{"line":23,"column":7},"end":{"line":25,"column":1}}]},"1":{"type":"branch","line":30,"loc":{"start":{"line":30,"column":7},"end":{"line":58,"column":1}},"locations":[{"start":{"line":30,"column":7},"end":{"line":58,"column":1}}]},"2":{"type":"branch","line":31,"loc":{"start":{"line":31,"column":27},"end":{"line":31,"column":34}},"locations":[{"start":{"line":31,"column":27},"end":{"line":31,"column":34}}]},"3":{"type":"branch","line":31,"loc":{"start":{"line":31,"column":33},"end":{"line":35,"column":32}},"locations":[{"start":{"line":31,"column":33},"end":{"line":35,"column":32}}]},"4":{"type":"branch","line":35,"loc":{"start":{"line":35,"column":32},"end":{"line":47,"column":3}},"locations":[{"start":{"line":35,"column":32},"end":{"line":47,"column":3}}]},"5":{"type":"branch","line":47,"loc":{"start":{"line":47,"column":2},"end":{"line":50,"column":32}},"locations":[{"start":{"line":47,"column":2},"end":{"line":50,"column":32}}]},"6":{"type":"branch","line":50,"loc":{"start":{"line":50,"column":32},"end":{"line":54,"column":3}},"locations":[{"start":{"line":50,"column":32},"end":{"line":54,"column":3}}]},"7":{"type":"branch","line":51,"loc":{"start":{"line":51,"column":26},"end":{"line":51,"column":57}},"locations":[{"start":{"line":51,"column":26},"end":{"line":51,"column":57}}]},"8":{"type":"branch","line":51,"loc":{"start":{"line":51,"column":59},"end":{"line":53,"column":5}},"locations":[{"start":{"line":51,"column":59},"end":{"line":53,"column":5}}]},"9":{"type":"branch","line":54,"loc":{"start":{"line":54,"column":2},"end":{"line":58,"column":1}},"locations":[{"start":{"line":54,"column":2},"end":{"line":58,"column":1}}]},"10":{"type":"branch","line":63,"loc":{"start":{"line":63,"column":7},"end":{"line":66,"column":1}},"locations":[{"start":{"line":63,"column":7},"end":{"line":66,"column":1}}]},"11":{"type":"branch","line":71,"loc":{"start":{"line":71,"column":7},"end":{"line":74,"column":1}},"locations":[{"start":{"line":71,"column":7},"end":{"line":74,"column":1}}]},"12":{"type":"branch","line":80,"loc":{"start":{"line":80,"column":7},"end":{"line":85,"column":1}},"locations":[{"start":{"line":80,"column":7},"end":{"line":85,"column":1}}]},"13":{"type":"branch","line":82,"loc":{"start":{"line":82,"column":15},"end":{"line":82,"column":22}},"locations":[{"start":{"line":82,"column":15},"end":{"line":82,"column":22}}]},"14":{"type":"branch","line":82,"loc":{"start":{"line":82,"column":21},"end":{"line":83,"column":59}},"locations":[{"start":{"line":82,"column":21},"end":{"line":83,"column":59}}]},"15":{"type":"branch","line":83,"loc":{"start":{"line":83,"column":59},"end":{"line":83,"column":63}},"locations":[{"start":{"line":83,"column":59},"end":{"line":83,"column":63}}]},"16":{"type":"branch","line":92,"loc":{"start":{"line":92,"column":7},"end":{"line":102,"column":1}},"locations":[{"start":{"line":92,"column":7},"end":{"line":102,"column":1}}]},"17":{"type":"branch","line":94,"loc":{"start":{"line":94,"column":15},"end":{"line":94,"column":22}},"locations":[{"start":{"line":94,"column":15},"end":{"line":94,"column":22}}]},"18":{"type":"branch","line":94,"loc":{"start":{"line":94,"column":21},"end":{"line":97,"column":28}},"locations":[{"start":{"line":94,"column":21},"end":{"line":97,"column":28}}]},"19":{"type":"branch","line":97,"loc":{"start":{"line":97,"column":30},"end":{"line":97,"column":37}},"locations":[{"start":{"line":97,"column":30},"end":{"line":97,"column":37}}]},"20":{"type":"branch","line":97,"loc":{"start":{"line":97,"column":36},"end":{"line":102,"column":1}},"locations":[{"start":{"line":97,"column":36},"end":{"line":102,"column":1}}]},"21":{"type":"branch","line":107,"loc":{"start":{"line":107,"column":0},"end":{"line":118,"column":1}},"locations":[{"start":{"line":107,"column":0},"end":{"line":118,"column":1}}]},"22":{"type":"branch","line":109,"loc":{"start":{"line":109,"column":13},"end":{"line":109,"column":20}},"locations":[{"start":{"line":109,"column":13},"end":{"line":109,"column":20}}]},"23":{"type":"branch","line":111,"loc":{"start":{"line":111,"column":43},"end":{"line":117,"column":3}},"locations":[{"start":{"line":111,"column":43},"end":{"line":117,"column":3}}]},"24":{"type":"branch","line":113,"loc":{"start":{"line":113,"column":16},"end":{"line":113,"column":25}},"locations":[{"start":{"line":113,"column":16},"end":{"line":113,"column":25}}]},"25":{"type":"branch","line":125,"loc":{"start":{"line":125,"column":7},"end":{"line":147,"column":1}},"locations":[{"start":{"line":125,"column":7},"end":{"line":147,"column":1}}]},"26":{"type":"branch","line":129,"loc":{"start":{"line":129,"column":41},"end":{"line":129,"column":45}},"locations":[{"start":{"line":129,"column":41},"end":{"line":129,"column":45}}]},"27":{"type":"branch","line":130,"loc":{"start":{"line":130,"column":41},"end":{"line":143,"column":5}},"locations":[{"start":{"line":130,"column":41},"end":{"line":143,"column":5}}]},"28":{"type":"branch","line":131,"loc":{"start":{"line":131,"column":24},"end":{"line":131,"column":33}},"locations":[{"start":{"line":131,"column":24},"end":{"line":131,"column":33}}]},"29":{"type":"branch","line":131,"loc":{"start":{"line":131,"column":32},"end":{"line":132,"column":23}},"locations":[{"start":{"line":131,"column":32},"end":{"line":132,"column":23}}]},"30":{"type":"branch","line":132,"loc":{"start":{"line":132,"column":23},"end":{"line":132,"column":39}},"locations":[{"start":{"line":132,"column":23},"end":{"line":132,"column":39}}]},"31":{"type":"branch","line":132,"loc":{"start":{"line":132,"column":41},"end":{"line":132,"column":50}},"locations":[{"start":{"line":132,"column":41},"end":{"line":132,"column":50}}]},"32":{"type":"branch","line":132,"loc":{"start":{"line":132,"column":49},"end":{"line":135,"column":34}},"locations":[{"start":{"line":132,"column":49},"end":{"line":135,"column":34}}]},"33":{"type":"branch","line":135,"loc":{"start":{"line":135,"column":35},"end":{"line":135,"column":69}},"locations":[{"start":{"line":135,"column":35},"end":{"line":135,"column":69}}]},"34":{"type":"branch","line":138,"loc":{"start":{"line":138,"column":20},"end":{"line":140,"column":7}},"locations":[{"start":{"line":138,"column":20},"end":{"line":140,"column":7}}]},"35":{"type":"branch","line":140,"loc":{"start":{"line":140,"column":7},"end":{"line":142,"column":7}},"locations":[{"start":{"line":140,"column":7},"end":{"line":142,"column":7}}]}},"b":{"0":[43],"1":[29],"2":[1],"3":[28],"4":[79],"5":[28],"6":[79],"7":[28],"8":[28],"9":[28],"10":[2],"11":[44],"12":[7],"13":[1],"14":[6],"15":[2],"16":[13],"17":[1],"18":[12],"19":[1],"20":[11],"21":[18],"22":[0],"23":[7],"24":[0],"25":[6],"26":[0],"27":[18],"28":[6],"29":[12],"30":[11],"31":[2],"32":[10],"33":[0],"34":[2],"35":[8]},"fnMap":{"0":{"name":"isPinned","decl":{"start":{"line":23,"column":7},"end":{"line":25,"column":1}},"loc":{"start":{"line":23,"column":7},"end":{"line":25,"column":1}},"line":23},"1":{"name":"pinRecipe","decl":{"start":{"line":30,"column":7},"end":{"line":58,"column":1}},"loc":{"start":{"line":30,"column":7},"end":{"line":58,"column":1}},"line":30},"2":{"name":"unpinRecipe","decl":{"start":{"line":63,"column":7},"end":{"line":66,"column":1}},"loc":{"start":{"line":63,"column":7},"end":{"line":66,"column":1}},"line":63},"3":{"name":"unpinAll","decl":{"start":{"line":71,"column":7},"end":{"line":74,"column":1}},"loc":{"start":{"line":71,"column":7},"end":{"line":74,"column":1}},"line":71},"4":{"name":"setMultiplier","decl":{"start":{"line":80,"column":7},"end":{"line":85,"column":1}},"loc":{"start":{"line":80,"column":7},"end":{"line":85,"column":1}},"line":80},"5":{"name":"toggleNode","decl":{"start":{"line":92,"column":7},"end":{"line":102,"column":1}},"loc":{"start":{"line":92,"column":7},"end":{"line":102,"column":1}},"line":92},"6":{"name":"propagateToDescendants","decl":{"start":{"line":107,"column":0},"end":{"line":118,"column":1}},"loc":{"start":{"line":107,"column":0},"end":{"line":118,"column":1}},"line":107},"7":{"name":"computeMaterialsSummary","decl":{"start":{"line":125,"column":7},"end":{"line":147,"column":1}},"loc":{"start":{"line":125,"column":7},"end":{"line":147,"column":1}},"line":125}},"f":{"0":43,"1":29,"2":2,"3":44,"4":7,"5":13,"6":18,"7":6}}
}
